[0.306s] Invoking command in '/home/elee02/ros2_ws/build/turtlebot3_fake_node': CMAKE_PREFIX_PATH=${CMAKE_PREFIX_PATH}:/home/elee02/ros2_ws/install/my_robot_controller:/opt/ros/humble /usr/bin/cmake /home/elee02/ros2_ws/src/turtlebot3_fake_node -DCMAKE_INSTALL_PREFIX=/home/elee02/ros2_ws/install/turtlebot3_fake_node
[0.331s] -- Found ament_cmake: 1.3.6 (/opt/ros/humble/share/ament_cmake/cmake)
[0.531s] -- Override CMake install command with custom implementation using symlinks instead of copying resources
[0.555s] -- Found geometry_msgs: 4.2.3 (/opt/ros/humble/share/geometry_msgs/cmake)
[0.597s] -- Found rosidl_generator_c: 3.1.5 (/opt/ros/humble/share/rosidl_generator_c/cmake)
[0.602s] -- Found rosidl_adapter: 3.1.5 (/opt/ros/humble/share/rosidl_adapter/cmake)
[0.613s] -- Found rosidl_generator_cpp: 3.1.5 (/opt/ros/humble/share/rosidl_generator_cpp/cmake)
[0.632s] -- Using all available rosidl_typesupport_c: rosidl_typesupport_fastrtps_c;rosidl_typesupport_introspection_c
[0.657s] -- Using all available rosidl_typesupport_cpp: rosidl_typesupport_fastrtps_cpp;rosidl_typesupport_introspection_cpp
[0.829s] -- Found nav_msgs: 4.2.3 (/opt/ros/humble/share/nav_msgs/cmake)
[0.954s] -- Found rclcpp: 16.0.7 (/opt/ros/humble/share/rclcpp/cmake)
[1.054s] -- Found rmw_implementation_cmake: 6.1.1 (/opt/ros/humble/share/rmw_implementation_cmake/cmake)
[1.058s] -- Found rmw_fastrtps_cpp: 6.2.5 (/opt/ros/humble/share/rmw_fastrtps_cpp/cmake)
[1.223s] -- Using RMW implementation 'rmw_fastrtps_cpp' as default
[1.499s] -- Found sensor_msgs: 4.2.3 (/opt/ros/humble/share/sensor_msgs/cmake)
[1.663s] -- Found tf2: 0.25.5 (/opt/ros/humble/share/tf2/cmake)
[1.676s] -- Found tf2_msgs: 0.25.5 (/opt/ros/humble/share/tf2_msgs/cmake)
[1.883s] -- Found turtlebot3_msgs: 2.2.3 (/opt/ros/humble/share/turtlebot3_msgs/cmake)
[2.130s] -- Configuring done
[2.149s] -- Generating done
[2.152s] -- Build files have been written to: /home/elee02/ros2_ws/build/turtlebot3_fake_node
[2.165s] Invoked command in '/home/elee02/ros2_ws/build/turtlebot3_fake_node' returned '0': CMAKE_PREFIX_PATH=${CMAKE_PREFIX_PATH}:/home/elee02/ros2_ws/install/my_robot_controller:/opt/ros/humble /usr/bin/cmake /home/elee02/ros2_ws/src/turtlebot3_fake_node -DCMAKE_INSTALL_PREFIX=/home/elee02/ros2_ws/install/turtlebot3_fake_node
[2.168s] Invoking command in '/home/elee02/ros2_ws/build/turtlebot3_fake_node': CMAKE_PREFIX_PATH=${CMAKE_PREFIX_PATH}:/home/elee02/ros2_ws/install/my_robot_controller:/opt/ros/humble /usr/bin/cmake --build /home/elee02/ros2_ws/build/turtlebot3_fake_node -- -j8 -l8
[2.219s] [35m[1mConsolidate compiler generated dependencies of target turtlebot3_fake_node[0m
[2.250s] [100%] Built target turtlebot3_fake_node
[2.262s] Invoked command in '/home/elee02/ros2_ws/build/turtlebot3_fake_node' returned '0': CMAKE_PREFIX_PATH=${CMAKE_PREFIX_PATH}:/home/elee02/ros2_ws/install/my_robot_controller:/opt/ros/humble /usr/bin/cmake --build /home/elee02/ros2_ws/build/turtlebot3_fake_node -- -j8 -l8
[2.302s] Invoking command in '/home/elee02/ros2_ws/build/turtlebot3_fake_node': CMAKE_PREFIX_PATH=${CMAKE_PREFIX_PATH}:/home/elee02/ros2_ws/install/my_robot_controller:/opt/ros/humble /usr/bin/cmake --install /home/elee02/ros2_ws/build/turtlebot3_fake_node
[2.309s] -- Install configuration: ""
[2.310s] -- Execute custom install script
[2.310s] -- Up-to-date symlink: /home/elee02/ros2_ws/install/turtlebot3_fake_node/lib/turtlebot3_fake_node/turtlebot3_fake_node
[2.311s] -- Up-to-date symlink: /home/elee02/ros2_ws/install/turtlebot3_fake_node/share/turtlebot3_fake_node/launch/rviz2.launch.py
[2.311s] -- Up-to-date symlink: /home/elee02/ros2_ws/install/turtlebot3_fake_node/share/turtlebot3_fake_node/launch/turtlebot3_fake_node.launch.py
[2.311s] -- Up-to-date symlink: /home/elee02/ros2_ws/install/turtlebot3_fake_node/share/turtlebot3_fake_node/param/burger.yaml
[2.312s] -- Up-to-date symlink: /home/elee02/ros2_ws/install/turtlebot3_fake_node/share/turtlebot3_fake_node/param/waffle.yaml
[2.312s] -- Up-to-date symlink: /home/elee02/ros2_ws/install/turtlebot3_fake_node/share/turtlebot3_fake_node/param/waffle_pi.yaml
[2.312s] -- Up-to-date symlink: /home/elee02/ros2_ws/install/turtlebot3_fake_node/include//turtlebot3_fake_node/turtlebot3_fake_node.hpp
[2.312s] -- Up-to-date symlink: /home/elee02/ros2_ws/install/turtlebot3_fake_node/share/ament_index/resource_index/package_run_dependencies/turtlebot3_fake_node
[2.313s] -- Up-to-date symlink: /home/elee02/ros2_ws/install/turtlebot3_fake_node/share/ament_index/resource_index/parent_prefix_path/turtlebot3_fake_node
[2.313s] -- Up-to-date symlink: /home/elee02/ros2_ws/install/turtlebot3_fake_node/share/turtlebot3_fake_node/environment/ament_prefix_path.sh
[2.313s] -- Up-to-date symlink: /home/elee02/ros2_ws/install/turtlebot3_fake_node/share/turtlebot3_fake_node/environment/ament_prefix_path.dsv
[2.313s] -- Up-to-date symlink: /home/elee02/ros2_ws/install/turtlebot3_fake_node/share/turtlebot3_fake_node/environment/path.sh
[2.314s] -- Up-to-date symlink: /home/elee02/ros2_ws/install/turtlebot3_fake_node/share/turtlebot3_fake_node/environment/path.dsv
[2.314s] -- Up-to-date symlink: /home/elee02/ros2_ws/install/turtlebot3_fake_node/share/turtlebot3_fake_node/local_setup.bash
[2.314s] -- Up-to-date symlink: /home/elee02/ros2_ws/install/turtlebot3_fake_node/share/turtlebot3_fake_node/local_setup.sh
[2.314s] -- Up-to-date symlink: /home/elee02/ros2_ws/install/turtlebot3_fake_node/share/turtlebot3_fake_node/local_setup.zsh
[2.315s] -- Up-to-date symlink: /home/elee02/ros2_ws/install/turtlebot3_fake_node/share/turtlebot3_fake_node/local_setup.dsv
[2.315s] -- Symlinking: /home/elee02/ros2_ws/install/turtlebot3_fake_node/share/turtlebot3_fake_node/package.dsv
[2.324s] -- Up-to-date symlink: /home/elee02/ros2_ws/install/turtlebot3_fake_node/share/ament_index/resource_index/packages/turtlebot3_fake_node
[2.324s] -- Up-to-date symlink: /home/elee02/ros2_ws/install/turtlebot3_fake_node/share/turtlebot3_fake_node/cmake/ament_cmake_export_include_directories-extras.cmake
[2.325s] -- Up-to-date symlink: /home/elee02/ros2_ws/install/turtlebot3_fake_node/share/turtlebot3_fake_node/cmake/ament_cmake_export_dependencies-extras.cmake
[2.325s] -- Up-to-date symlink: /home/elee02/ros2_ws/install/turtlebot3_fake_node/share/turtlebot3_fake_node/cmake/turtlebot3_fake_nodeConfig.cmake
[2.325s] -- Up-to-date symlink: /home/elee02/ros2_ws/install/turtlebot3_fake_node/share/turtlebot3_fake_node/cmake/turtlebot3_fake_nodeConfig-version.cmake
[2.325s] -- Up-to-date symlink: /home/elee02/ros2_ws/install/turtlebot3_fake_node/share/turtlebot3_fake_node/package.xml
[2.327s] Invoked command in '/home/elee02/ros2_ws/build/turtlebot3_fake_node' returned '0': CMAKE_PREFIX_PATH=${CMAKE_PREFIX_PATH}:/home/elee02/ros2_ws/install/my_robot_controller:/opt/ros/humble /usr/bin/cmake --install /home/elee02/ros2_ws/build/turtlebot3_fake_node
