[0.087s] Invoking command in '/home/elee02/ros2_ws/build/turtlebot3_simulations': AMENT_PREFIX_PATH=/home/elee02/ros2_ws/install/turtlebot3_gazebo:/home/elee02/ros2_ws/install/turtlebot3_fake_node:${AMENT_PREFIX_PATH} CMAKE_PREFIX_PATH=/home/elee02/ros2_ws/install/turtlebot3_gazebo:/home/elee02/ros2_ws/install/turtlebot3_fake_node:/opt/ros/humble:/home/elee02/ros2_ws/src/install/turtlebot3_simulations:/home/elee02/ros2_ws/src/install/turtlebot3_gazebo:/home/elee02/ros2_ws/src/install/turtlebot3_fake_node:/home/elee02/ros2_ws/src/install/my_robot_controller /usr/bin/cmake /home/elee02/ros2_ws/src/turtlebot3_simulations -DAMENT_CMAKE_SYMLINK_INSTALL=1 -DCMAKE_INSTALL_PREFIX=/home/elee02/ros2_ws/install/turtlebot3_simulations
[0.099s] -- Found ament_cmake: 1.3.6 (/opt/ros/humble/share/ament_cmake/cmake)
[0.246s] -- Override CMake install command with custom implementation using symlinks instead of copying resources
[0.323s] -- Configuring done
[0.326s] -- Generating done
[0.327s] -- Build files have been written to: /home/elee02/ros2_ws/build/turtlebot3_simulations
[0.329s] Invoked command in '/home/elee02/ros2_ws/build/turtlebot3_simulations' returned '0': AMENT_PREFIX_PATH=/home/elee02/ros2_ws/install/turtlebot3_gazebo:/home/elee02/ros2_ws/install/turtlebot3_fake_node:${AMENT_PREFIX_PATH} CMAKE_PREFIX_PATH=/home/elee02/ros2_ws/install/turtlebot3_gazebo:/home/elee02/ros2_ws/install/turtlebot3_fake_node:/opt/ros/humble:/home/elee02/ros2_ws/src/install/turtlebot3_simulations:/home/elee02/ros2_ws/src/install/turtlebot3_gazebo:/home/elee02/ros2_ws/src/install/turtlebot3_fake_node:/home/elee02/ros2_ws/src/install/my_robot_controller /usr/bin/cmake /home/elee02/ros2_ws/src/turtlebot3_simulations -DAMENT_CMAKE_SYMLINK_INSTALL=1 -DCMAKE_INSTALL_PREFIX=/home/elee02/ros2_ws/install/turtlebot3_simulations
[0.332s] Invoking command in '/home/elee02/ros2_ws/build/turtlebot3_simulations': AMENT_PREFIX_PATH=/home/elee02/ros2_ws/install/turtlebot3_gazebo:/home/elee02/ros2_ws/install/turtlebot3_fake_node:${AMENT_PREFIX_PATH} CMAKE_PREFIX_PATH=/home/elee02/ros2_ws/install/turtlebot3_gazebo:/home/elee02/ros2_ws/install/turtlebot3_fake_node:/opt/ros/humble:/home/elee02/ros2_ws/src/install/turtlebot3_simulations:/home/elee02/ros2_ws/src/install/turtlebot3_gazebo:/home/elee02/ros2_ws/src/install/turtlebot3_fake_node:/home/elee02/ros2_ws/src/install/my_robot_controller /usr/bin/cmake --build /home/elee02/ros2_ws/build/turtlebot3_simulations -- -j8 -l8
[0.369s] Invoked command in '/home/elee02/ros2_ws/build/turtlebot3_simulations' returned '0': AMENT_PREFIX_PATH=/home/elee02/ros2_ws/install/turtlebot3_gazebo:/home/elee02/ros2_ws/install/turtlebot3_fake_node:${AMENT_PREFIX_PATH} CMAKE_PREFIX_PATH=/home/elee02/ros2_ws/install/turtlebot3_gazebo:/home/elee02/ros2_ws/install/turtlebot3_fake_node:/opt/ros/humble:/home/elee02/ros2_ws/src/install/turtlebot3_simulations:/home/elee02/ros2_ws/src/install/turtlebot3_gazebo:/home/elee02/ros2_ws/src/install/turtlebot3_fake_node:/home/elee02/ros2_ws/src/install/my_robot_controller /usr/bin/cmake --build /home/elee02/ros2_ws/build/turtlebot3_simulations -- -j8 -l8
[0.395s] Invoking command in '/home/elee02/ros2_ws/build/turtlebot3_simulations': AMENT_PREFIX_PATH=/home/elee02/ros2_ws/install/turtlebot3_gazebo:/home/elee02/ros2_ws/install/turtlebot3_fake_node:${AMENT_PREFIX_PATH} CMAKE_PREFIX_PATH=/home/elee02/ros2_ws/install/turtlebot3_gazebo:/home/elee02/ros2_ws/install/turtlebot3_fake_node:/opt/ros/humble:/home/elee02/ros2_ws/src/install/turtlebot3_simulations:/home/elee02/ros2_ws/src/install/turtlebot3_gazebo:/home/elee02/ros2_ws/src/install/turtlebot3_fake_node:/home/elee02/ros2_ws/src/install/my_robot_controller /usr/bin/cmake --install /home/elee02/ros2_ws/build/turtlebot3_simulations
[0.402s] -- Install configuration: ""
[0.402s] -- Execute custom install script
[0.403s] -- Up-to-date symlink: /home/elee02/ros2_ws/install/turtlebot3_simulations/share/ament_index/resource_index/package_run_dependencies/turtlebot3_simulations
[0.403s] -- Up-to-date symlink: /home/elee02/ros2_ws/install/turtlebot3_simulations/share/ament_index/resource_index/parent_prefix_path/turtlebot3_simulations
[0.403s] -- Up-to-date symlink: /home/elee02/ros2_ws/install/turtlebot3_simulations/share/turtlebot3_simulations/environment/ament_prefix_path.sh
[0.403s] -- Up-to-date symlink: /home/elee02/ros2_ws/install/turtlebot3_simulations/share/turtlebot3_simulations/environment/ament_prefix_path.dsv
[0.404s] -- Up-to-date symlink: /home/elee02/ros2_ws/install/turtlebot3_simulations/share/turtlebot3_simulations/environment/path.sh
[0.404s] -- Up-to-date symlink: /home/elee02/ros2_ws/install/turtlebot3_simulations/share/turtlebot3_simulations/environment/path.dsv
[0.404s] -- Up-to-date symlink: /home/elee02/ros2_ws/install/turtlebot3_simulations/share/turtlebot3_simulations/local_setup.bash
[0.405s] -- Up-to-date symlink: /home/elee02/ros2_ws/install/turtlebot3_simulations/share/turtlebot3_simulations/local_setup.sh
[0.405s] -- Up-to-date symlink: /home/elee02/ros2_ws/install/turtlebot3_simulations/share/turtlebot3_simulations/local_setup.zsh
[0.405s] -- Up-to-date symlink: /home/elee02/ros2_ws/install/turtlebot3_simulations/share/turtlebot3_simulations/local_setup.dsv
[0.405s] -- Symlinking: /home/elee02/ros2_ws/install/turtlebot3_simulations/share/turtlebot3_simulations/package.dsv
[0.414s] -- Up-to-date symlink: /home/elee02/ros2_ws/install/turtlebot3_simulations/share/ament_index/resource_index/packages/turtlebot3_simulations
[0.414s] -- Up-to-date symlink: /home/elee02/ros2_ws/install/turtlebot3_simulations/share/turtlebot3_simulations/cmake/turtlebot3_simulationsConfig.cmake
[0.414s] -- Up-to-date symlink: /home/elee02/ros2_ws/install/turtlebot3_simulations/share/turtlebot3_simulations/cmake/turtlebot3_simulationsConfig-version.cmake
[0.414s] -- Up-to-date symlink: /home/elee02/ros2_ws/install/turtlebot3_simulations/share/turtlebot3_simulations/package.xml
[0.416s] Invoked command in '/home/elee02/ros2_ws/build/turtlebot3_simulations' returned '0': AMENT_PREFIX_PATH=/home/elee02/ros2_ws/install/turtlebot3_gazebo:/home/elee02/ros2_ws/install/turtlebot3_fake_node:${AMENT_PREFIX_PATH} CMAKE_PREFIX_PATH=/home/elee02/ros2_ws/install/turtlebot3_gazebo:/home/elee02/ros2_ws/install/turtlebot3_fake_node:/opt/ros/humble:/home/elee02/ros2_ws/src/install/turtlebot3_simulations:/home/elee02/ros2_ws/src/install/turtlebot3_gazebo:/home/elee02/ros2_ws/src/install/turtlebot3_fake_node:/home/elee02/ros2_ws/src/install/my_robot_controller /usr/bin/cmake --install /home/elee02/ros2_ws/build/turtlebot3_simulations
