[0.129s] Invoking command in '/home/elee02/ros2_ws/build/turtlebot3_fake_node': CMAKE_PREFIX_PATH=/opt/ros/humble /usr/bin/cmake /home/elee02/ros2_ws/src/turtlebot3_fake_node -DCMAKE_INSTALL_PREFIX=/home/elee02/ros2_ws/install/turtlebot3_fake_node
[0.149s] -- Found ament_cmake: 1.3.6 (/opt/ros/humble/share/ament_cmake/cmake)
[0.559s] -- Found Python3: /usr/bin/python3.10 (found version "3.10.12") found components: Interpreter 
[0.682s] -- Found geometry_msgs: 4.2.3 (/opt/ros/humble/share/geometry_msgs/cmake)
[0.751s] -- Found rosidl_generator_c: 3.1.5 (/opt/ros/humble/share/rosidl_generator_c/cmake)
[0.761s] -- Found rosidl_adapter: 3.1.5 (/opt/ros/humble/share/rosidl_adapter/cmake)
[0.779s] -- Found rosidl_generator_cpp: 3.1.5 (/opt/ros/humble/share/rosidl_generator_cpp/cmake)
[0.803s] -- Using all available rosidl_typesupport_c: rosidl_typesupport_fastrtps_c;rosidl_typesupport_introspection_c
[0.831s] -- Using all available rosidl_typesupport_cpp: rosidl_typesupport_fastrtps_cpp;rosidl_typesupport_introspection_cpp
[0.985s] -- Found nav_msgs: 4.2.3 (/opt/ros/humble/share/nav_msgs/cmake)
[1.090s] -- Found rclcpp: 16.0.7 (/opt/ros/humble/share/rclcpp/cmake)
[1.176s] -- Found rmw_implementation_cmake: 6.1.1 (/opt/ros/humble/share/rmw_implementation_cmake/cmake)
[1.180s] -- Found rmw_fastrtps_cpp: 6.2.5 (/opt/ros/humble/share/rmw_fastrtps_cpp/cmake)
[1.295s] -- Found OpenSSL: /usr/lib/x86_64-linux-gnu/libcrypto.so (found version "3.0.2")  
[1.327s] -- Found FastRTPS: /opt/ros/humble/include  
[1.380s] -- Using RMW implementation 'rmw_fastrtps_cpp' as default
[1.393s] -- Looking for pthread.h
[1.472s] -- Looking for pthread.h - found
[1.473s] -- Performing Test CMAKE_HAVE_LIBC_PTHREAD
[1.551s] -- Performing Test CMAKE_HAVE_LIBC_PTHREAD - Success
[1.553s] -- Found Threads: TRUE  
[1.775s] -- Found sensor_msgs: 4.2.3 (/opt/ros/humble/share/sensor_msgs/cmake)
[1.915s] -- Found tf2: 0.25.5 (/opt/ros/humble/share/tf2/cmake)
[1.934s] -- Found tf2_msgs: 0.25.5 (/opt/ros/humble/share/tf2_msgs/cmake)
[2.121s] -- Found turtlebot3_msgs: 2.2.3 (/opt/ros/humble/share/turtlebot3_msgs/cmake)
[2.295s] -- Configuring done
[2.308s] -- Generating done
[2.310s] -- Build files have been written to: /home/elee02/ros2_ws/build/turtlebot3_fake_node
[2.321s] Invoked command in '/home/elee02/ros2_ws/build/turtlebot3_fake_node' returned '0': CMAKE_PREFIX_PATH=/opt/ros/humble /usr/bin/cmake /home/elee02/ros2_ws/src/turtlebot3_fake_node -DCMAKE_INSTALL_PREFIX=/home/elee02/ros2_ws/install/turtlebot3_fake_node
[2.323s] Invoking command in '/home/elee02/ros2_ws/build/turtlebot3_fake_node': CMAKE_PREFIX_PATH=/opt/ros/humble /usr/bin/cmake --build /home/elee02/ros2_ws/build/turtlebot3_fake_node -- -j8 -l8
[2.377s] [ 50%] [32mBuilding CXX object CMakeFiles/turtlebot3_fake_node.dir/src/turtlebot3_fake_node.cpp.o[0m
[14.131s] [100%] [32m[1mLinking CXX executable turtlebot3_fake_node[0m
[14.728s] [100%] Built target turtlebot3_fake_node
[14.739s] Invoked command in '/home/elee02/ros2_ws/build/turtlebot3_fake_node' returned '0': CMAKE_PREFIX_PATH=/opt/ros/humble /usr/bin/cmake --build /home/elee02/ros2_ws/build/turtlebot3_fake_node -- -j8 -l8
[14.779s] Invoking command in '/home/elee02/ros2_ws/build/turtlebot3_fake_node': CMAKE_PREFIX_PATH=/opt/ros/humble /usr/bin/cmake --install /home/elee02/ros2_ws/build/turtlebot3_fake_node
[14.787s] -- Install configuration: ""
[14.787s] -- Installing: /home/elee02/ros2_ws/install/turtlebot3_fake_node/lib/turtlebot3_fake_node/turtlebot3_fake_node
[14.792s] -- Set runtime path of "/home/elee02/ros2_ws/install/turtlebot3_fake_node/lib/turtlebot3_fake_node/turtlebot3_fake_node" to ""
[14.792s] -- Installing: /home/elee02/ros2_ws/install/turtlebot3_fake_node/share/turtlebot3_fake_node/launch
[14.792s] -- Installing: /home/elee02/ros2_ws/install/turtlebot3_fake_node/share/turtlebot3_fake_node/launch/turtlebot3_fake_node.launch.py
[14.792s] -- Installing: /home/elee02/ros2_ws/install/turtlebot3_fake_node/share/turtlebot3_fake_node/launch/rviz2.launch.py
[14.793s] -- Installing: /home/elee02/ros2_ws/install/turtlebot3_fake_node/share/turtlebot3_fake_node/param
[14.793s] -- Installing: /home/elee02/ros2_ws/install/turtlebot3_fake_node/share/turtlebot3_fake_node/param/waffle_pi.yaml
[14.793s] -- Installing: /home/elee02/ros2_ws/install/turtlebot3_fake_node/share/turtlebot3_fake_node/param/burger.yaml
[14.793s] -- Installing: /home/elee02/ros2_ws/install/turtlebot3_fake_node/share/turtlebot3_fake_node/param/waffle.yaml
[14.793s] -- Installing: /home/elee02/ros2_ws/install/turtlebot3_fake_node/include/
[14.794s] -- Installing: /home/elee02/ros2_ws/install/turtlebot3_fake_node/include//turtlebot3_fake_node
[14.794s] -- Installing: /home/elee02/ros2_ws/install/turtlebot3_fake_node/include//turtlebot3_fake_node/turtlebot3_fake_node.hpp
[14.794s] -- Installing: /home/elee02/ros2_ws/install/turtlebot3_fake_node/share/ament_index/resource_index/package_run_dependencies/turtlebot3_fake_node
[14.794s] -- Installing: /home/elee02/ros2_ws/install/turtlebot3_fake_node/share/ament_index/resource_index/parent_prefix_path/turtlebot3_fake_node
[14.794s] -- Installing: /home/elee02/ros2_ws/install/turtlebot3_fake_node/share/turtlebot3_fake_node/environment/ament_prefix_path.sh
[14.795s] -- Installing: /home/elee02/ros2_ws/install/turtlebot3_fake_node/share/turtlebot3_fake_node/environment/ament_prefix_path.dsv
[14.795s] -- Installing: /home/elee02/ros2_ws/install/turtlebot3_fake_node/share/turtlebot3_fake_node/environment/path.sh
[14.795s] -- Installing: /home/elee02/ros2_ws/install/turtlebot3_fake_node/share/turtlebot3_fake_node/environment/path.dsv
[14.795s] -- Installing: /home/elee02/ros2_ws/install/turtlebot3_fake_node/share/turtlebot3_fake_node/local_setup.bash
[14.795s] -- Installing: /home/elee02/ros2_ws/install/turtlebot3_fake_node/share/turtlebot3_fake_node/local_setup.sh
[14.796s] -- Installing: /home/elee02/ros2_ws/install/turtlebot3_fake_node/share/turtlebot3_fake_node/local_setup.zsh
[14.796s] -- Installing: /home/elee02/ros2_ws/install/turtlebot3_fake_node/share/turtlebot3_fake_node/local_setup.dsv
[14.796s] -- Installing: /home/elee02/ros2_ws/install/turtlebot3_fake_node/share/turtlebot3_fake_node/package.dsv
[14.796s] -- Installing: /home/elee02/ros2_ws/install/turtlebot3_fake_node/share/ament_index/resource_index/packages/turtlebot3_fake_node
[14.796s] -- Installing: /home/elee02/ros2_ws/install/turtlebot3_fake_node/share/turtlebot3_fake_node/cmake/ament_cmake_export_include_directories-extras.cmake
[14.797s] -- Installing: /home/elee02/ros2_ws/install/turtlebot3_fake_node/share/turtlebot3_fake_node/cmake/ament_cmake_export_dependencies-extras.cmake
[14.797s] -- Installing: /home/elee02/ros2_ws/install/turtlebot3_fake_node/share/turtlebot3_fake_node/cmake/turtlebot3_fake_nodeConfig.cmake
[14.797s] -- Installing: /home/elee02/ros2_ws/install/turtlebot3_fake_node/share/turtlebot3_fake_node/cmake/turtlebot3_fake_nodeConfig-version.cmake
[14.797s] -- Installing: /home/elee02/ros2_ws/install/turtlebot3_fake_node/share/turtlebot3_fake_node/package.xml
[14.799s] Invoked command in '/home/elee02/ros2_ws/build/turtlebot3_fake_node' returned '0': CMAKE_PREFIX_PATH=/opt/ros/humble /usr/bin/cmake --install /home/elee02/ros2_ws/build/turtlebot3_fake_node
