[0.069s] Invoking command in '/home/elee02/ros2_ws/build/turtlebot3_gazebo': CMAKE_PREFIX_PATH=/opt/ros/humble /usr/bin/cmake /home/elee02/ros2_ws/src/turtlebot3_gazebo -DCMAKE_INSTALL_PREFIX=/home/elee02/ros2_ws/install/turtlebot3_gazebo
[0.086s] -- Found ament_cmake: 1.3.6 (/opt/ros/humble/share/ament_cmake/cmake)
[0.497s] -- Found Python3: /usr/bin/python3.10 (found version "3.10.12") found components: Interpreter 
[0.626s] [33mCMake Warning (dev) at /usr/share/cmake-3.22/Modules/FindPackageHandleStandardArgs.cmake:438 (message):
[0.626s]   The package name passed to `find_package_handle_standard_args` (PkgConfig)
[0.626s]   does not match the name of the calling package (gazebo).  This can lead to
[0.626s]   problems in calling code that expects `find_package` result variables
[0.627s]   (e.g., `_FOUND`) to follow a certain pattern.
[0.627s] Call Stack (most recent call first):
[0.627s]   /usr/share/cmake-3.22/Modules/FindPkgConfig.cmake:99 (find_package_handle_standard_args)
[0.627s]   /usr/lib/x86_64-linux-gnu/cmake/gazebo/gazebo-config.cmake:72 (include)
[0.627s]   CMakeLists.txt:23 (find_package)
[0.627s] This warning is for project developers.  Use -Wno-dev to suppress it.
[0.627s] [0m
[0.627s] -- Found PkgConfig: /usr/bin/pkg-config (found version "0.29.2") 
[0.633s] -- Checking for module 'bullet>=2.82'
[0.645s] --   Found bullet, version 3.05
[0.758s] -- Found fcl: /usr/include (found suitable version "0.7.0", minimum required is "0.5.0") 
[0.805s] -- Found assimp: /usr/include (found version "5.2.0") 
[0.832s] -- Found DART: /usr/include (Required is at least version "6.6") found components: dart 
[1.025s] -- Found Boost: /usr/lib/x86_64-linux-gnu/cmake/Boost-1.74.0/BoostConfig.cmake (found suitable version "1.74.0", minimum required is "1.40.0") found components: thread system filesystem program_options regex iostreams date_time 
[1.044s] -- Found Protobuf: /usr/lib/x86_64-linux-gnu/libprotobuf.so (found version "3.12.4") 
[1.050s] -- Looking for ignition-math6 -- found version 6.15.0
[1.060s] -- Searching for dependencies of ignition-math6
[1.062s] -- Looking for OGRE...
[1.063s] -- OGRE_PREFIX_WATCH changed.
[1.068s] -- Checking for module 'OGRE'
[1.079s] --   Found OGRE, version 1.9.0
[1.109s] -- Found Ogre Ghadamon (1.9.0)
[1.120s] -- Found OGRE: optimized;/usr/lib/x86_64-linux-gnu/libOgreMain.so;debug;/usr/lib/x86_64-linux-gnu/libOgreMain.so
[1.131s] -- Looking for OGRE_Paging...
[1.137s] -- Found OGRE_Paging: optimized;/usr/lib/x86_64-linux-gnu/libOgrePaging.so;debug;/usr/lib/x86_64-linux-gnu/libOgrePaging.so
[1.137s] -- Looking for OGRE_Terrain...
[1.142s] -- Found OGRE_Terrain: optimized;/usr/lib/x86_64-linux-gnu/libOgreTerrain.so;debug;/usr/lib/x86_64-linux-gnu/libOgreTerrain.so
[1.142s] -- Looking for OGRE_Property...
[1.148s] -- Found OGRE_Property: optimized;/usr/lib/x86_64-linux-gnu/libOgreProperty.so;debug;/usr/lib/x86_64-linux-gnu/libOgreProperty.so
[1.148s] -- Looking for OGRE_RTShaderSystem...
[1.153s] -- Found OGRE_RTShaderSystem: optimized;/usr/lib/x86_64-linux-gnu/libOgreRTShaderSystem.so;debug;/usr/lib/x86_64-linux-gnu/libOgreRTShaderSystem.so
[1.153s] -- Looking for OGRE_Volume...
[1.158s] -- Found OGRE_Volume: optimized;/usr/lib/x86_64-linux-gnu/libOgreVolume.so;debug;/usr/lib/x86_64-linux-gnu/libOgreVolume.so
[1.158s] -- Looking for OGRE_Overlay...
[1.163s] -- Found OGRE_Overlay: optimized;/usr/lib/x86_64-linux-gnu/libOgreOverlay.so;debug;/usr/lib/x86_64-linux-gnu/libOgreOverlay.so
[1.299s] -- Looking for ignition-math6 -- found version 6.15.0
[1.301s] -- Looking for ignition-transport8 -- found version 8.2.1
[1.301s] -- Searching for dependencies of ignition-transport8
[1.320s] -- Found Protobuf: /usr/lib/x86_64-linux-gnu/libprotobuf.so (found suitable version "3.12.4", minimum required is "3") 
[1.331s] -- Config-file not installed for ZeroMQ -- checking for pkg-config
[1.337s] -- Checking for module 'libzmq >= 4'
[1.350s] --   Found libzmq , version 4.3.4
[1.384s] -- Found ZeroMQ: TRUE (Required is at least version "4") 
[1.393s] -- Checking for module 'uuid'
[1.404s] --   Found uuid, version 2.37.2
[1.437s] -- Found UUID: TRUE  
[1.439s] -- Looking for ignition-msgs5 -- found version 5.8.1
[1.440s] -- Searching for dependencies of ignition-msgs5
[1.460s] -- Looking for ignition-math6 -- found version 6.15.0
[1.465s] -- Checking for module 'tinyxml2'
[1.477s] --   Found tinyxml2, version 9.0.0
[1.512s] -- Looking for ignition-msgs5 -- found version 5.8.1
[1.515s] -- Looking for ignition-common3 -- found version 3.14.0
[1.516s] -- Searching for dependencies of ignition-common3
[1.517s] -- Looking for dlfcn.h - found
[1.519s] -- Looking for libdl - found
[1.521s] -- Found DL: TRUE  
[1.540s] -- Found tinyobjloader: /usr/lib/x86_64-linux-gnu/cmake/tinyobjloader/tinyobjloader-config.cmake (found version "2.0.0") 
[1.541s] -- Searching for <ignition-common3> component [graphics]
[1.544s] -- Looking for ignition-common3-graphics -- found version 3.14.0
[1.545s] -- Searching for dependencies of ignition-common3-graphics
[1.546s] -- Looking for ignition-math6 -- found version 6.15.0
[1.550s] -- Looking for ignition-fuel_tools4 -- found version 4.4.0
[1.551s] -- Searching for dependencies of ignition-fuel_tools4
[1.649s] -- Found CURL: /usr/lib/x86_64-linux-gnu/libcurl.so (found version "7.81.0")  
[1.663s] -- Checking for module 'jsoncpp'
[1.678s] --   Found jsoncpp, version 1.9.5
[1.714s] -- Found JSONCPP: TRUE  
[1.723s] -- Checking for module 'libzip'
[1.737s] --   Found libzip, version 1.7.3
[1.774s] -- Found ZIP: TRUE  
[1.775s] -- Looking for ignition-common3 -- found version 3.14.0
[1.775s] -- Looking for ignition-math6 -- found version 6.15.0
[1.776s] -- Looking for ignition-msgs5 -- found version 5.8.1
[1.784s] -- Found gazebo_ros_pkgs: 3.7.0 (/opt/ros/humble/share/gazebo_ros_pkgs/cmake)
[1.786s] -- Found geometry_msgs: 4.2.3 (/opt/ros/humble/share/geometry_msgs/cmake)
[1.834s] -- Found rosidl_generator_c: 3.1.5 (/opt/ros/humble/share/rosidl_generator_c/cmake)
[1.839s] -- Found rosidl_adapter: 3.1.5 (/opt/ros/humble/share/rosidl_adapter/cmake)
[1.849s] -- Found rosidl_generator_cpp: 3.1.5 (/opt/ros/humble/share/rosidl_generator_cpp/cmake)
[1.865s] -- Using all available rosidl_typesupport_c: rosidl_typesupport_fastrtps_c;rosidl_typesupport_introspection_c
[1.888s] -- Using all available rosidl_typesupport_cpp: rosidl_typesupport_fastrtps_cpp;rosidl_typesupport_introspection_cpp
[2.030s] -- Found nav_msgs: 4.2.3 (/opt/ros/humble/share/nav_msgs/cmake)
[2.128s] -- Found rclcpp: 16.0.7 (/opt/ros/humble/share/rclcpp/cmake)
[2.194s] -- Found rmw_implementation_cmake: 6.1.1 (/opt/ros/humble/share/rmw_implementation_cmake/cmake)
[2.197s] -- Found rmw_fastrtps_cpp: 6.2.5 (/opt/ros/humble/share/rmw_fastrtps_cpp/cmake)
[2.304s] -- Found OpenSSL: /usr/lib/x86_64-linux-gnu/libcrypto.so (found version "3.0.2")  
[2.332s] -- Found FastRTPS: /opt/ros/humble/include  
[2.386s] -- Using RMW implementation 'rmw_fastrtps_cpp' as default
[2.397s] -- Found Threads: TRUE  
[2.551s] -- Found sensor_msgs: 4.2.3 (/opt/ros/humble/share/sensor_msgs/cmake)
[2.657s] -- Found tf2: 0.25.5 (/opt/ros/humble/share/tf2/cmake)
[2.753s] -- Configuring done
[2.798s] -- Generating done
[2.801s] -- Build files have been written to: /home/elee02/ros2_ws/build/turtlebot3_gazebo
[2.817s] Invoked command in '/home/elee02/ros2_ws/build/turtlebot3_gazebo' returned '0': CMAKE_PREFIX_PATH=/opt/ros/humble /usr/bin/cmake /home/elee02/ros2_ws/src/turtlebot3_gazebo -DCMAKE_INSTALL_PREFIX=/home/elee02/ros2_ws/install/turtlebot3_gazebo
[2.819s] Invoking command in '/home/elee02/ros2_ws/build/turtlebot3_gazebo': CMAKE_PREFIX_PATH=/opt/ros/humble /usr/bin/cmake --build /home/elee02/ros2_ws/build/turtlebot3_gazebo -- -j8 -l8
[2.876s] [ 12%] [32mBuilding CXX object CMakeFiles/obstacle2.dir/models/turtlebot3_dqn_world/obstacle_plugin/obstacle2.cc.o[0m
[2.877s] [ 25%] [32mBuilding CXX object CMakeFiles/obstacle1.dir/models/turtlebot3_dqn_world/obstacle_plugin/obstacle1.cc.o[0m
[2.877s] [ 37%] [32mBuilding CXX object CMakeFiles/turtlebot3_drive.dir/src/turtlebot3_drive.cpp.o[0m
[2.878s] [ 50%] [32mBuilding CXX object CMakeFiles/obstacles.dir/models/turtlebot3_dqn_world/obstacle_plugin/obstacles.cc.o[0m
[16.331s] [ 62%] [32m[1mLinking CXX shared library libobstacle1.so[0m
[16.580s] [ 62%] Built target obstacle1
[16.802s] [ 75%] [32m[1mLinking CXX shared library libobstacle2.so[0m
[17.045s] [ 75%] Built target obstacle2
[20.167s] [ 87%] [32m[1mLinking CXX shared library libobstacles.so[0m
[20.406s] [ 87%] Built target obstacles
[20.604s] [100%] [32m[1mLinking CXX executable turtlebot3_drive[0m
[21.207s] [100%] Built target turtlebot3_drive
[21.219s] Invoked command in '/home/elee02/ros2_ws/build/turtlebot3_gazebo' returned '0': CMAKE_PREFIX_PATH=/opt/ros/humble /usr/bin/cmake --build /home/elee02/ros2_ws/build/turtlebot3_gazebo -- -j8 -l8
[21.262s] Invoking command in '/home/elee02/ros2_ws/build/turtlebot3_gazebo': CMAKE_PREFIX_PATH=/opt/ros/humble /usr/bin/cmake --install /home/elee02/ros2_ws/build/turtlebot3_gazebo
[21.271s] -- Install configuration: ""
[21.271s] -- Installing: /home/elee02/ros2_ws/install/turtlebot3_gazebo/lib/turtlebot3_gazebo/turtlebot3_drive
[21.276s] -- Set runtime path of "/home/elee02/ros2_ws/install/turtlebot3_gazebo/lib/turtlebot3_gazebo/turtlebot3_drive" to ""
[21.277s] -- Installing: /home/elee02/ros2_ws/install/turtlebot3_gazebo/share/turtlebot3_gazebo//launch
[21.277s] -- Installing: /home/elee02/ros2_ws/install/turtlebot3_gazebo/share/turtlebot3_gazebo//launch/turtlebot3_dqn_stage2.launch.py
[21.277s] -- Installing: /home/elee02/ros2_ws/install/turtlebot3_gazebo/share/turtlebot3_gazebo//launch/turtlebot3_dqn_stage3.launch.py
[21.277s] -- Installing: /home/elee02/ros2_ws/install/turtlebot3_gazebo/share/turtlebot3_gazebo//launch/spawn_turtlebot3.launch.py
[21.277s] -- Installing: /home/elee02/ros2_ws/install/turtlebot3_gazebo/share/turtlebot3_gazebo//launch/robot_state_publisher.launch.py
[21.277s] -- Installing: /home/elee02/ros2_ws/install/turtlebot3_gazebo/share/turtlebot3_gazebo//launch/turtlebot3_dqn_stage4.launch.py
[21.277s] -- Installing: /home/elee02/ros2_ws/install/turtlebot3_gazebo/share/turtlebot3_gazebo//launch/turtlebot3_world.launch.py
[21.277s] -- Installing: /home/elee02/ros2_ws/install/turtlebot3_gazebo/share/turtlebot3_gazebo//launch/turtlebot3_house.launch.py
[21.278s] -- Installing: /home/elee02/ros2_ws/install/turtlebot3_gazebo/share/turtlebot3_gazebo//launch/empty_world.launch.py
[21.278s] -- Installing: /home/elee02/ros2_ws/install/turtlebot3_gazebo/share/turtlebot3_gazebo//launch/turtlebot3_dqn_stage1.launch.py
[21.278s] -- Installing: /home/elee02/ros2_ws/install/turtlebot3_gazebo/share/turtlebot3_gazebo//models
[21.278s] -- Installing: /home/elee02/ros2_ws/install/turtlebot3_gazebo/share/turtlebot3_gazebo//models/turtlebot3_waffle_pi
[21.278s] -- Installing: /home/elee02/ros2_ws/install/turtlebot3_gazebo/share/turtlebot3_gazebo//models/turtlebot3_waffle_pi/model-1_4_.sdf
[21.278s] -- Installing: /home/elee02/ros2_ws/install/turtlebot3_gazebo/share/turtlebot3_gazebo//models/turtlebot3_waffle_pi/model.sdf
[21.278s] -- Installing: /home/elee02/ros2_ws/install/turtlebot3_gazebo/share/turtlebot3_gazebo//models/turtlebot3_waffle_pi/model.config
[21.278s] -- Installing: /home/elee02/ros2_ws/install/turtlebot3_gazebo/share/turtlebot3_gazebo//models/turtlebot3_dqn_world
[21.279s] -- Installing: /home/elee02/ros2_ws/install/turtlebot3_gazebo/share/turtlebot3_gazebo//models/turtlebot3_dqn_world/goal_box
[21.279s] -- Installing: /home/elee02/ros2_ws/install/turtlebot3_gazebo/share/turtlebot3_gazebo//models/turtlebot3_dqn_world/goal_box/model.sdf
[21.279s] -- Installing: /home/elee02/ros2_ws/install/turtlebot3_gazebo/share/turtlebot3_gazebo//models/turtlebot3_dqn_world/goal_box/model.config
[21.279s] -- Installing: /home/elee02/ros2_ws/install/turtlebot3_gazebo/share/turtlebot3_gazebo//models/turtlebot3_dqn_world/obstacle_plugin
[21.279s] -- Installing: /home/elee02/ros2_ws/install/turtlebot3_gazebo/share/turtlebot3_gazebo//models/turtlebot3_dqn_world/obstacle_plugin/CMakeLists.txt
[21.279s] -- Installing: /home/elee02/ros2_ws/install/turtlebot3_gazebo/share/turtlebot3_gazebo//models/turtlebot3_dqn_world/obstacle_plugin/obstacles.cc
[21.279s] -- Installing: /home/elee02/ros2_ws/install/turtlebot3_gazebo/share/turtlebot3_gazebo//models/turtlebot3_dqn_world/obstacle_plugin/obstacle2.cc
[21.279s] -- Installing: /home/elee02/ros2_ws/install/turtlebot3_gazebo/share/turtlebot3_gazebo//models/turtlebot3_dqn_world/obstacle_plugin/obstacle1.cc
[21.280s] -- Installing: /home/elee02/ros2_ws/install/turtlebot3_gazebo/share/turtlebot3_gazebo//models/turtlebot3_dqn_world/model.sdf
[21.280s] -- Installing: /home/elee02/ros2_ws/install/turtlebot3_gazebo/share/turtlebot3_gazebo//models/turtlebot3_dqn_world/obstacle2
[21.280s] -- Installing: /home/elee02/ros2_ws/install/turtlebot3_gazebo/share/turtlebot3_gazebo//models/turtlebot3_dqn_world/obstacle2/model.sdf
[21.280s] -- Installing: /home/elee02/ros2_ws/install/turtlebot3_gazebo/share/turtlebot3_gazebo//models/turtlebot3_dqn_world/obstacle2/model.config
[21.280s] -- Installing: /home/elee02/ros2_ws/install/turtlebot3_gazebo/share/turtlebot3_gazebo//models/turtlebot3_dqn_world/model.config
[21.280s] -- Installing: /home/elee02/ros2_ws/install/turtlebot3_gazebo/share/turtlebot3_gazebo//models/turtlebot3_dqn_world/obstacles
[21.280s] -- Installing: /home/elee02/ros2_ws/install/turtlebot3_gazebo/share/turtlebot3_gazebo//models/turtlebot3_dqn_world/obstacles/model.sdf
[21.280s] -- Installing: /home/elee02/ros2_ws/install/turtlebot3_gazebo/share/turtlebot3_gazebo//models/turtlebot3_dqn_world/obstacles/model.config
[21.280s] -- Installing: /home/elee02/ros2_ws/install/turtlebot3_gazebo/share/turtlebot3_gazebo//models/turtlebot3_dqn_world/obstacle1
[21.281s] -- Installing: /home/elee02/ros2_ws/install/turtlebot3_gazebo/share/turtlebot3_gazebo//models/turtlebot3_dqn_world/obstacle1/model.sdf
[21.281s] -- Installing: /home/elee02/ros2_ws/install/turtlebot3_gazebo/share/turtlebot3_gazebo//models/turtlebot3_dqn_world/obstacle1/model.config
[21.281s] -- Installing: /home/elee02/ros2_ws/install/turtlebot3_gazebo/share/turtlebot3_gazebo//models/turtlebot3_dqn_world/inner_walls
[21.281s] -- Installing: /home/elee02/ros2_ws/install/turtlebot3_gazebo/share/turtlebot3_gazebo//models/turtlebot3_dqn_world/inner_walls/model.sdf
[21.281s] -- Installing: /home/elee02/ros2_ws/install/turtlebot3_gazebo/share/turtlebot3_gazebo//models/turtlebot3_dqn_world/inner_walls/model.config
[21.281s] -- Installing: /home/elee02/ros2_ws/install/turtlebot3_gazebo/share/turtlebot3_gazebo//models/turtlebot3_burger
[21.281s] -- Installing: /home/elee02/ros2_ws/install/turtlebot3_gazebo/share/turtlebot3_gazebo//models/turtlebot3_burger/model.sdf
[21.281s] -- Installing: /home/elee02/ros2_ws/install/turtlebot3_gazebo/share/turtlebot3_gazebo//models/turtlebot3_burger/model-1_4.sdf
[21.281s] -- Installing: /home/elee02/ros2_ws/install/turtlebot3_gazebo/share/turtlebot3_gazebo//models/turtlebot3_burger/model.config
[21.281s] -- Installing: /home/elee02/ros2_ws/install/turtlebot3_gazebo/share/turtlebot3_gazebo//models/turtlebot3_common
[21.281s] -- Installing: /home/elee02/ros2_ws/install/turtlebot3_gazebo/share/turtlebot3_gazebo//models/turtlebot3_common/model.config
[21.281s] -- Installing: /home/elee02/ros2_ws/install/turtlebot3_gazebo/share/turtlebot3_gazebo//models/turtlebot3_common/meshes
[21.282s] -- Installing: /home/elee02/ros2_ws/install/turtlebot3_gazebo/share/turtlebot3_gazebo//models/turtlebot3_common/meshes/waffle_pi_base.dae
[21.282s] -- Installing: /home/elee02/ros2_ws/install/turtlebot3_gazebo/share/turtlebot3_gazebo//models/turtlebot3_common/meshes/lds.dae
[21.282s] -- Installing: /home/elee02/ros2_ws/install/turtlebot3_gazebo/share/turtlebot3_gazebo//models/turtlebot3_common/meshes/r200.dae
[21.282s] -- Installing: /home/elee02/ros2_ws/install/turtlebot3_gazebo/share/turtlebot3_gazebo//models/turtlebot3_common/meshes/burger_base.dae
[21.282s] -- Installing: /home/elee02/ros2_ws/install/turtlebot3_gazebo/share/turtlebot3_gazebo//models/turtlebot3_common/meshes/tire.dae
[21.282s] -- Installing: /home/elee02/ros2_ws/install/turtlebot3_gazebo/share/turtlebot3_gazebo//models/turtlebot3_common/meshes/waffle_base.dae
[21.282s] -- Installing: /home/elee02/ros2_ws/install/turtlebot3_gazebo/share/turtlebot3_gazebo//models/turtlebot3_world
[21.282s] -- Installing: /home/elee02/ros2_ws/install/turtlebot3_gazebo/share/turtlebot3_gazebo//models/turtlebot3_world/model.sdf
[21.282s] -- Installing: /home/elee02/ros2_ws/install/turtlebot3_gazebo/share/turtlebot3_gazebo//models/turtlebot3_world/model-1_4.sdf
[21.282s] -- Installing: /home/elee02/ros2_ws/install/turtlebot3_gazebo/share/turtlebot3_gazebo//models/turtlebot3_world/model.config
[21.282s] -- Installing: /home/elee02/ros2_ws/install/turtlebot3_gazebo/share/turtlebot3_gazebo//models/turtlebot3_world/meshes
[21.283s] -- Installing: /home/elee02/ros2_ws/install/turtlebot3_gazebo/share/turtlebot3_gazebo//models/turtlebot3_world/meshes/wall.dae
[21.283s] -- Installing: /home/elee02/ros2_ws/install/turtlebot3_gazebo/share/turtlebot3_gazebo//models/turtlebot3_world/meshes/hexagon.dae
[21.283s] -- Installing: /home/elee02/ros2_ws/install/turtlebot3_gazebo/share/turtlebot3_gazebo//models/turtlebot3_waffle
[21.283s] -- Installing: /home/elee02/ros2_ws/install/turtlebot3_gazebo/share/turtlebot3_gazebo//models/turtlebot3_waffle/model.sdf
[21.283s] -- Installing: /home/elee02/ros2_ws/install/turtlebot3_gazebo/share/turtlebot3_gazebo//models/turtlebot3_waffle/model-1_4.sdf
[21.283s] -- Installing: /home/elee02/ros2_ws/install/turtlebot3_gazebo/share/turtlebot3_gazebo//models/turtlebot3_waffle/model.config
[21.283s] -- Installing: /home/elee02/ros2_ws/install/turtlebot3_gazebo/share/turtlebot3_gazebo//models/turtlebot3_house
[21.283s] -- Installing: /home/elee02/ros2_ws/install/turtlebot3_gazebo/share/turtlebot3_gazebo//models/turtlebot3_house/model.sdf
[21.283s] -- Installing: /home/elee02/ros2_ws/install/turtlebot3_gazebo/share/turtlebot3_gazebo//models/turtlebot3_house/model.config
[21.283s] -- Installing: /home/elee02/ros2_ws/install/turtlebot3_gazebo/share/turtlebot3_gazebo//rviz
[21.283s] -- Installing: /home/elee02/ros2_ws/install/turtlebot3_gazebo/share/turtlebot3_gazebo//rviz/tb3_gazebo.rviz
[21.283s] -- Installing: /home/elee02/ros2_ws/install/turtlebot3_gazebo/share/turtlebot3_gazebo//urdf
[21.284s] -- Installing: /home/elee02/ros2_ws/install/turtlebot3_gazebo/share/turtlebot3_gazebo//urdf/turtlebot3_waffle_pi.urdf
[21.284s] -- Installing: /home/elee02/ros2_ws/install/turtlebot3_gazebo/share/turtlebot3_gazebo//urdf/turtlebot3_waffle.urdf
[21.284s] -- Installing: /home/elee02/ros2_ws/install/turtlebot3_gazebo/share/turtlebot3_gazebo//urdf/common_properties.urdf
[21.284s] -- Installing: /home/elee02/ros2_ws/install/turtlebot3_gazebo/share/turtlebot3_gazebo//urdf/turtlebot3_burger.urdf
[21.284s] -- Installing: /home/elee02/ros2_ws/install/turtlebot3_gazebo/share/turtlebot3_gazebo//worlds
[21.284s] -- Installing: /home/elee02/ros2_ws/install/turtlebot3_gazebo/share/turtlebot3_gazebo//worlds/turtlebot3_dqn_stage3.world
[21.284s] -- Installing: /home/elee02/ros2_ws/install/turtlebot3_gazebo/share/turtlebot3_gazebo//worlds/empty_world.world
[21.284s] -- Installing: /home/elee02/ros2_ws/install/turtlebot3_gazebo/share/turtlebot3_gazebo//worlds/turtlebot3_world.world
[21.284s] -- Installing: /home/elee02/ros2_ws/install/turtlebot3_gazebo/share/turtlebot3_gazebo//worlds/turtlebot3_dqn_stage4.world
[21.284s] -- Installing: /home/elee02/ros2_ws/install/turtlebot3_gazebo/share/turtlebot3_gazebo//worlds/turtlebot3_dqn_stage2.world
[21.284s] -- Installing: /home/elee02/ros2_ws/install/turtlebot3_gazebo/share/turtlebot3_gazebo//worlds/turtlebot3_house.world
[21.285s] -- Installing: /home/elee02/ros2_ws/install/turtlebot3_gazebo/share/turtlebot3_gazebo//worlds/turtlebot3_dqn_stage1.world
[21.285s] -- Installing: /home/elee02/ros2_ws/install/turtlebot3_gazebo/include/
[21.285s] -- Installing: /home/elee02/ros2_ws/install/turtlebot3_gazebo/include//turtlebot3_gazebo
[21.285s] -- Installing: /home/elee02/ros2_ws/install/turtlebot3_gazebo/include//turtlebot3_gazebo/turtlebot3_drive.hpp
[21.285s] -- Installing: /home/elee02/ros2_ws/install/turtlebot3_gazebo/share/ament_index/resource_index/package_run_dependencies/turtlebot3_gazebo
[21.285s] -- Installing: /home/elee02/ros2_ws/install/turtlebot3_gazebo/share/ament_index/resource_index/parent_prefix_path/turtlebot3_gazebo
[21.285s] -- Installing: /home/elee02/ros2_ws/install/turtlebot3_gazebo/share/turtlebot3_gazebo/environment/ament_prefix_path.sh
[21.285s] -- Installing: /home/elee02/ros2_ws/install/turtlebot3_gazebo/share/turtlebot3_gazebo/environment/ament_prefix_path.dsv
[21.285s] -- Installing: /home/elee02/ros2_ws/install/turtlebot3_gazebo/share/turtlebot3_gazebo/environment/path.sh
[21.286s] -- Installing: /home/elee02/ros2_ws/install/turtlebot3_gazebo/share/turtlebot3_gazebo/environment/path.dsv
[21.286s] -- Installing: /home/elee02/ros2_ws/install/turtlebot3_gazebo/share/turtlebot3_gazebo/local_setup.bash
[21.286s] -- Installing: /home/elee02/ros2_ws/install/turtlebot3_gazebo/share/turtlebot3_gazebo/local_setup.sh
[21.286s] -- Installing: /home/elee02/ros2_ws/install/turtlebot3_gazebo/share/turtlebot3_gazebo/local_setup.zsh
[21.286s] -- Installing: /home/elee02/ros2_ws/install/turtlebot3_gazebo/share/turtlebot3_gazebo/local_setup.dsv
[21.286s] -- Installing: /home/elee02/ros2_ws/install/turtlebot3_gazebo/share/turtlebot3_gazebo/package.dsv
[21.286s] -- Installing: /home/elee02/ros2_ws/install/turtlebot3_gazebo/share/ament_index/resource_index/packages/turtlebot3_gazebo
[21.286s] -- Installing: /home/elee02/ros2_ws/install/turtlebot3_gazebo/share/turtlebot3_gazebo/cmake/ament_cmake_export_include_directories-extras.cmake
[21.287s] -- Installing: /home/elee02/ros2_ws/install/turtlebot3_gazebo/share/turtlebot3_gazebo/cmake/ament_cmake_export_dependencies-extras.cmake
[21.287s] -- Installing: /home/elee02/ros2_ws/install/turtlebot3_gazebo/share/turtlebot3_gazebo/cmake/turtlebot3_gazeboConfig.cmake
[21.287s] -- Installing: /home/elee02/ros2_ws/install/turtlebot3_gazebo/share/turtlebot3_gazebo/cmake/turtlebot3_gazeboConfig-version.cmake
[21.287s] -- Installing: /home/elee02/ros2_ws/install/turtlebot3_gazebo/share/turtlebot3_gazebo/package.xml
[21.289s] Invoked command in '/home/elee02/ros2_ws/build/turtlebot3_gazebo' returned '0': CMAKE_PREFIX_PATH=/opt/ros/humble /usr/bin/cmake --install /home/elee02/ros2_ws/build/turtlebot3_gazebo
