[0.225s] Invoking command in '/home/elee02/ros2_ws/build/turtlebot3_fake_node': CMAKE_PREFIX_PATH=/opt/ros/humble /usr/bin/cmake /home/elee02/ros2_ws/src/turtlebot3_fake_node -DCMAKE_INSTALL_PREFIX=/home/elee02/ros2_ws/install/turtlebot3_fake_node
[0.240s] -- Found ament_cmake: 1.3.6 (/opt/ros/humble/share/ament_cmake/cmake)
[0.401s] -- Override CMake install command with custom implementation using symlinks instead of copying resources
[0.410s] -- Found geometry_msgs: 4.2.3 (/opt/ros/humble/share/geometry_msgs/cmake)
[0.444s] -- Found rosidl_generator_c: 3.1.5 (/opt/ros/humble/share/rosidl_generator_c/cmake)
[0.448s] -- Found rosidl_adapter: 3.1.5 (/opt/ros/humble/share/rosidl_adapter/cmake)
[0.457s] -- Found rosidl_generator_cpp: 3.1.5 (/opt/ros/humble/share/rosidl_generator_cpp/cmake)
[0.473s] -- Using all available rosidl_typesupport_c: rosidl_typesupport_fastrtps_c;rosidl_typesupport_introspection_c
[0.495s] -- Using all available rosidl_typesupport_cpp: rosidl_typesupport_fastrtps_cpp;rosidl_typesupport_introspection_cpp
[0.643s] -- Found nav_msgs: 4.2.3 (/opt/ros/humble/share/nav_msgs/cmake)
[0.757s] -- Found rclcpp: 16.0.7 (/opt/ros/humble/share/rclcpp/cmake)
[0.826s] -- Found rmw_implementation_cmake: 6.1.1 (/opt/ros/humble/share/rmw_implementation_cmake/cmake)
[0.828s] -- Found rmw_fastrtps_cpp: 6.2.5 (/opt/ros/humble/share/rmw_fastrtps_cpp/cmake)
[0.976s] -- Using RMW implementation 'rmw_fastrtps_cpp' as default
[1.134s] -- Found sensor_msgs: 4.2.3 (/opt/ros/humble/share/sensor_msgs/cmake)
[1.237s] -- Found tf2: 0.25.5 (/opt/ros/humble/share/tf2/cmake)
[1.246s] -- Found tf2_msgs: 0.25.5 (/opt/ros/humble/share/tf2_msgs/cmake)
[1.425s] -- Found turtlebot3_msgs: 2.2.3 (/opt/ros/humble/share/turtlebot3_msgs/cmake)
[1.600s] -- Configuring done
[1.616s] -- Generating done
[1.618s] -- Build files have been written to: /home/elee02/ros2_ws/build/turtlebot3_fake_node
[1.629s] Invoked command in '/home/elee02/ros2_ws/build/turtlebot3_fake_node' returned '0': CMAKE_PREFIX_PATH=/opt/ros/humble /usr/bin/cmake /home/elee02/ros2_ws/src/turtlebot3_fake_node -DCMAKE_INSTALL_PREFIX=/home/elee02/ros2_ws/install/turtlebot3_fake_node
[1.632s] Invoking command in '/home/elee02/ros2_ws/build/turtlebot3_fake_node': CMAKE_PREFIX_PATH=/opt/ros/humble /usr/bin/cmake --build /home/elee02/ros2_ws/build/turtlebot3_fake_node -- -j8 -l8
[1.674s] [35m[1mConsolidate compiler generated dependencies of target turtlebot3_fake_node[0m
[1.696s] [100%] Built target turtlebot3_fake_node
[1.707s] Invoked command in '/home/elee02/ros2_ws/build/turtlebot3_fake_node' returned '0': CMAKE_PREFIX_PATH=/opt/ros/humble /usr/bin/cmake --build /home/elee02/ros2_ws/build/turtlebot3_fake_node -- -j8 -l8
[1.745s] Invoking command in '/home/elee02/ros2_ws/build/turtlebot3_fake_node': CMAKE_PREFIX_PATH=/opt/ros/humble /usr/bin/cmake --install /home/elee02/ros2_ws/build/turtlebot3_fake_node
[1.752s] -- Install configuration: ""
[1.753s] -- Execute custom install script
[1.753s] -- Up-to-date symlink: /home/elee02/ros2_ws/install/turtlebot3_fake_node/lib/turtlebot3_fake_node/turtlebot3_fake_node
[1.753s] -- Up-to-date symlink: /home/elee02/ros2_ws/install/turtlebot3_fake_node/share/turtlebot3_fake_node/launch/rviz2.launch.py
[1.754s] -- Up-to-date symlink: /home/elee02/ros2_ws/install/turtlebot3_fake_node/share/turtlebot3_fake_node/launch/turtlebot3_fake_node.launch.py
[1.755s] -- Up-to-date symlink: /home/elee02/ros2_ws/install/turtlebot3_fake_node/share/turtlebot3_fake_node/param/burger.yaml
[1.755s] -- Up-to-date symlink: /home/elee02/ros2_ws/install/turtlebot3_fake_node/share/turtlebot3_fake_node/param/waffle.yaml
[1.755s] -- Up-to-date symlink: /home/elee02/ros2_ws/install/turtlebot3_fake_node/share/turtlebot3_fake_node/param/waffle_pi.yaml
[1.755s] -- Up-to-date symlink: /home/elee02/ros2_ws/install/turtlebot3_fake_node/include//turtlebot3_fake_node/turtlebot3_fake_node.hpp
[1.756s] -- Up-to-date symlink: /home/elee02/ros2_ws/install/turtlebot3_fake_node/share/ament_index/resource_index/package_run_dependencies/turtlebot3_fake_node
[1.756s] -- Up-to-date symlink: /home/elee02/ros2_ws/install/turtlebot3_fake_node/share/ament_index/resource_index/parent_prefix_path/turtlebot3_fake_node
[1.756s] -- Up-to-date symlink: /home/elee02/ros2_ws/install/turtlebot3_fake_node/share/turtlebot3_fake_node/environment/ament_prefix_path.sh
[1.756s] -- Up-to-date symlink: /home/elee02/ros2_ws/install/turtlebot3_fake_node/share/turtlebot3_fake_node/environment/ament_prefix_path.dsv
[1.756s] -- Up-to-date symlink: /home/elee02/ros2_ws/install/turtlebot3_fake_node/share/turtlebot3_fake_node/environment/path.sh
[1.756s] -- Up-to-date symlink: /home/elee02/ros2_ws/install/turtlebot3_fake_node/share/turtlebot3_fake_node/environment/path.dsv
[1.756s] -- Up-to-date symlink: /home/elee02/ros2_ws/install/turtlebot3_fake_node/share/turtlebot3_fake_node/local_setup.bash
[1.756s] -- Up-to-date symlink: /home/elee02/ros2_ws/install/turtlebot3_fake_node/share/turtlebot3_fake_node/local_setup.sh
[1.756s] -- Up-to-date symlink: /home/elee02/ros2_ws/install/turtlebot3_fake_node/share/turtlebot3_fake_node/local_setup.zsh
[1.757s] -- Up-to-date symlink: /home/elee02/ros2_ws/install/turtlebot3_fake_node/share/turtlebot3_fake_node/local_setup.dsv
[1.757s] -- Symlinking: /home/elee02/ros2_ws/install/turtlebot3_fake_node/share/turtlebot3_fake_node/package.dsv
[1.767s] -- Up-to-date symlink: /home/elee02/ros2_ws/install/turtlebot3_fake_node/share/ament_index/resource_index/packages/turtlebot3_fake_node
[1.767s] -- Up-to-date symlink: /home/elee02/ros2_ws/install/turtlebot3_fake_node/share/turtlebot3_fake_node/cmake/ament_cmake_export_include_directories-extras.cmake
[1.767s] -- Up-to-date symlink: /home/elee02/ros2_ws/install/turtlebot3_fake_node/share/turtlebot3_fake_node/cmake/ament_cmake_export_dependencies-extras.cmake
[1.768s] -- Up-to-date symlink: /home/elee02/ros2_ws/install/turtlebot3_fake_node/share/turtlebot3_fake_node/cmake/turtlebot3_fake_nodeConfig.cmake
[1.768s] -- Up-to-date symlink: /home/elee02/ros2_ws/install/turtlebot3_fake_node/share/turtlebot3_fake_node/cmake/turtlebot3_fake_nodeConfig-version.cmake
[1.768s] -- Up-to-date symlink: /home/elee02/ros2_ws/install/turtlebot3_fake_node/share/turtlebot3_fake_node/package.xml
[1.770s] Invoked command in '/home/elee02/ros2_ws/build/turtlebot3_fake_node' returned '0': CMAKE_PREFIX_PATH=/opt/ros/humble /usr/bin/cmake --install /home/elee02/ros2_ws/build/turtlebot3_fake_node
