[0.123s] Invoking command in '/home/elee02/ros2_ws/build/turtlebot3_simulations': CMAKE_PREFIX_PATH=/home/elee02/ros2_ws/install/turtlebot3_gazebo:/home/elee02/ros2_ws/install/turtlebot3_fake_node:/home/elee02/ros2_ws/install/turtlebot3_simulations:/home/elee02/ros2_ws/src/install/turtlebot3_simulations:/home/elee02/ros2_ws/src/install/turtlebot3_gazebo:/home/elee02/ros2_ws/src/install/turtlebot3_fake_node:/home/elee02/ros2_ws/install/my_robot_controller:/home/elee02/ros2_ws/src/install/my_robot_controller:/opt/ros/humble /usr/bin/cmake --build /home/elee02/ros2_ws/build/turtlebot3_simulations -- -j8 -l8
[0.161s] Invoked command in '/home/elee02/ros2_ws/build/turtlebot3_simulations' returned '0': CMAKE_PREFIX_PATH=/home/elee02/ros2_ws/install/turtlebot3_gazebo:/home/elee02/ros2_ws/install/turtlebot3_fake_node:/home/elee02/ros2_ws/install/turtlebot3_simulations:/home/elee02/ros2_ws/src/install/turtlebot3_simulations:/home/elee02/ros2_ws/src/install/turtlebot3_gazebo:/home/elee02/ros2_ws/src/install/turtlebot3_fake_node:/home/elee02/ros2_ws/install/my_robot_controller:/home/elee02/ros2_ws/src/install/my_robot_controller:/opt/ros/humble /usr/bin/cmake --build /home/elee02/ros2_ws/build/turtlebot3_simulations -- -j8 -l8
[0.185s] Invoking command in '/home/elee02/ros2_ws/build/turtlebot3_simulations': CMAKE_PREFIX_PATH=/home/elee02/ros2_ws/install/turtlebot3_gazebo:/home/elee02/ros2_ws/install/turtlebot3_fake_node:/home/elee02/ros2_ws/install/turtlebot3_simulations:/home/elee02/ros2_ws/src/install/turtlebot3_simulations:/home/elee02/ros2_ws/src/install/turtlebot3_gazebo:/home/elee02/ros2_ws/src/install/turtlebot3_fake_node:/home/elee02/ros2_ws/install/my_robot_controller:/home/elee02/ros2_ws/src/install/my_robot_controller:/opt/ros/humble /usr/bin/cmake --install /home/elee02/ros2_ws/build/turtlebot3_simulations
[0.194s] -- Install configuration: ""
[0.195s] -- Execute custom install script
[0.195s] -- Up-to-date symlink: /home/elee02/ros2_ws/install/turtlebot3_simulations/share/ament_index/resource_index/package_run_dependencies/turtlebot3_simulations
[0.195s] -- Up-to-date symlink: /home/elee02/ros2_ws/install/turtlebot3_simulations/share/ament_index/resource_index/parent_prefix_path/turtlebot3_simulations
[0.196s] -- Up-to-date symlink: /home/elee02/ros2_ws/install/turtlebot3_simulations/share/turtlebot3_simulations/environment/ament_prefix_path.sh
[0.196s] -- Up-to-date symlink: /home/elee02/ros2_ws/install/turtlebot3_simulations/share/turtlebot3_simulations/environment/ament_prefix_path.dsv
[0.196s] -- Up-to-date symlink: /home/elee02/ros2_ws/install/turtlebot3_simulations/share/turtlebot3_simulations/environment/path.sh
[0.197s] -- Up-to-date symlink: /home/elee02/ros2_ws/install/turtlebot3_simulations/share/turtlebot3_simulations/environment/path.dsv
[0.197s] -- Up-to-date symlink: /home/elee02/ros2_ws/install/turtlebot3_simulations/share/turtlebot3_simulations/local_setup.bash
[0.197s] -- Up-to-date symlink: /home/elee02/ros2_ws/install/turtlebot3_simulations/share/turtlebot3_simulations/local_setup.sh
[0.197s] -- Up-to-date symlink: /home/elee02/ros2_ws/install/turtlebot3_simulations/share/turtlebot3_simulations/local_setup.zsh
[0.198s] -- Up-to-date symlink: /home/elee02/ros2_ws/install/turtlebot3_simulations/share/turtlebot3_simulations/local_setup.dsv
[0.198s] -- Symlinking: /home/elee02/ros2_ws/install/turtlebot3_simulations/share/turtlebot3_simulations/package.dsv
[0.207s] -- Up-to-date symlink: /home/elee02/ros2_ws/install/turtlebot3_simulations/share/ament_index/resource_index/packages/turtlebot3_simulations
[0.208s] -- Up-to-date symlink: /home/elee02/ros2_ws/install/turtlebot3_simulations/share/turtlebot3_simulations/cmake/turtlebot3_simulationsConfig.cmake
[0.208s] -- Up-to-date symlink: /home/elee02/ros2_ws/install/turtlebot3_simulations/share/turtlebot3_simulations/cmake/turtlebot3_simulationsConfig-version.cmake
[0.208s] -- Up-to-date symlink: /home/elee02/ros2_ws/install/turtlebot3_simulations/share/turtlebot3_simulations/package.xml
[0.210s] Invoked command in '/home/elee02/ros2_ws/build/turtlebot3_simulations' returned '0': CMAKE_PREFIX_PATH=/home/elee02/ros2_ws/install/turtlebot3_gazebo:/home/elee02/ros2_ws/install/turtlebot3_fake_node:/home/elee02/ros2_ws/install/turtlebot3_simulations:/home/elee02/ros2_ws/src/install/turtlebot3_simulations:/home/elee02/ros2_ws/src/install/turtlebot3_gazebo:/home/elee02/ros2_ws/src/install/turtlebot3_fake_node:/home/elee02/ros2_ws/install/my_robot_controller:/home/elee02/ros2_ws/src/install/my_robot_controller:/opt/ros/humble /usr/bin/cmake --install /home/elee02/ros2_ws/build/turtlebot3_simulations
