[1.242s] Invoking command in '/home/elee02/ros2_ws/build/my_robot_controller': PYTHONPATH=/home/elee02/ros2_ws/build/my_robot_controller/prefix_override:/home/elee02/ros2_ws/install/my_robot_controller/lib/python3.10/site-packages:${PYTHONPATH} /usr/bin/python3 setup.py develop --editable --build-directory /home/elee02/ros2_ws/build/my_robot_controller/build --no-deps install_data
[1.658s] running develop
[1.658s] /home/elee02/.local/lib/python3.10/site-packages/setuptools/command/develop.py:39: EasyInstallDeprecationWarning: easy_install command is deprecated.
[1.658s] !!
[1.659s] 
[1.659s]         ********************************************************************************
[1.659s]         Please avoid running ``setup.py`` and ``easy_install``.
[1.659s]         Instead, use pypa/build, pypa/installer or other
[1.659s]         standards-based tools.
[1.659s] 
[1.659s]         See https://github.com/pypa/setuptools/issues/917 for details.
[1.659s]         ********************************************************************************
[1.660s] 
[1.660s] !!
[1.660s]   easy_install.initialize_options(self)
[1.710s] /home/elee02/.local/lib/python3.10/site-packages/setuptools/_distutils/cmd.py:66: SetuptoolsDeprecationWarning: setup.py install is deprecated.
[1.710s] !!
[1.711s] 
[1.711s]         ********************************************************************************
[1.711s]         Please avoid running ``setup.py`` directly.
[1.711s]         Instead, use pypa/build, pypa/installer or other
[1.711s]         standards-based tools.
[1.711s] 
[1.711s]         See https://blog.ganssle.io/articles/2021/10/setup-py-deprecated.html for details.
[1.711s]         ********************************************************************************
[1.711s] 
[1.712s] !!
[1.712s]   self.initialize_options()
[2.052s] running egg_info
[2.086s] writing my_robot_controller.egg-info/PKG-INFO
[2.086s] writing dependency_links to my_robot_controller.egg-info/dependency_links.txt
[2.087s] writing entry points to my_robot_controller.egg-info/entry_points.txt
[2.087s] writing requirements to my_robot_controller.egg-info/requires.txt
[2.087s] writing top-level names to my_robot_controller.egg-info/top_level.txt
[2.138s] reading manifest file 'my_robot_controller.egg-info/SOURCES.txt'
[2.139s] writing manifest file 'my_robot_controller.egg-info/SOURCES.txt'
[2.165s] running build_ext
[2.165s] Creating /home/elee02/ros2_ws/install/my_robot_controller/lib/python3.10/site-packages/my-robot-controller.egg-link (link to .)
[2.166s] Installing test_node script to /home/elee02/ros2_ws/install/my_robot_controller/lib/my_robot_controller
[2.167s] 
[2.167s] Installed /home/elee02/ros2_ws/build/my_robot_controller
[2.167s] running install_data
[2.167s] copying resource/my_robot_controller -> /home/elee02/ros2_ws/install/my_robot_controller/share/ament_index/resource_index/packages
[2.167s] copying package.xml -> /home/elee02/ros2_ws/install/my_robot_controller/share/my_robot_controller
[2.205s] Invoked command in '/home/elee02/ros2_ws/build/my_robot_controller' returned '0': PYTHONPATH=/home/elee02/ros2_ws/build/my_robot_controller/prefix_override:/home/elee02/ros2_ws/install/my_robot_controller/lib/python3.10/site-packages:${PYTHONPATH} /usr/bin/python3 setup.py develop --editable --build-directory /home/elee02/ros2_ws/build/my_robot_controller/build --no-deps install_data
