[1.179s] DEBUG:colcon:Command line arguments: ['/usr/bin/colcon', 'build', '--symlink-install']
[1.179s] DEBUG:colcon:Parsed command line arguments: Namespace(log_base=None, log_level=None, verb_name='build', build_base='build', install_base='install', merge_install=False, symlink_install=True, test_result_base=None, continue_on_error=False, executor='parallel', parallel_workers=8, event_handlers=None, ignore_user_meta=False, metas=['./colcon.meta'], base_paths=['.'], packages_ignore=None, packages_ignore_regex=None, paths=None, packages_up_to=None, packages_up_to_regex=None, packages_above=None, packages_above_and_dependencies=None, packages_above_depth=None, packages_select_by_dep=None, packages_skip_by_dep=None, packages_skip_up_to=None, packages_select_build_failed=False, packages_skip_build_finished=False, packages_select_test_failures=False, packages_skip_test_passed=False, packages_select=None, packages_skip=None, packages_select_regex=None, packages_skip_regex=None, packages_start=None, packages_end=None, allow_overriding=[], cmake_args=None, cmake_target=None, cmake_target_skip_unavailable=False, cmake_clean_cache=False, cmake_clean_first=False, cmake_force_configure=False, ament_cmake_args=None, catkin_cmake_args=None, catkin_skip_building_tests=False, verb_parser=<colcon_defaults.argument_parser.defaults.DefaultArgumentsDecorator object at 0x7f52defe35e0>, verb_extension=<colcon_core.verb.build.BuildVerb object at 0x7f52df1ac610>, main=<bound method BuildVerb.main of <colcon_core.verb.build.BuildVerb object at 0x7f52df1ac610>>)
[1.245s] Level 1:colcon.colcon_core.package_discovery:discover_packages(colcon_meta) check parameters
[1.245s] Level 1:colcon.colcon_core.package_discovery:discover_packages(recursive) check parameters
[1.245s] Level 1:colcon.colcon_core.package_discovery:discover_packages(ignore) check parameters
[1.245s] Level 1:colcon.colcon_core.package_discovery:discover_packages(path) check parameters
[1.245s] Level 1:colcon.colcon_core.package_discovery:discover_packages(colcon_meta) discover
[1.245s] Level 1:colcon.colcon_core.package_discovery:discover_packages(recursive) discover
[1.246s] INFO:colcon.colcon_core.package_discovery:Crawling recursively for packages in '/home/elee02/ros2_ws'
[1.246s] Level 1:colcon.colcon_core.package_identification:_identify(.) by extensions ['ignore', 'ignore_ament_install']
[1.246s] Level 1:colcon.colcon_core.package_identification:_identify(.) by extension 'ignore'
[1.246s] Level 1:colcon.colcon_core.package_identification:_identify(.) by extension 'ignore_ament_install'
[1.246s] Level 1:colcon.colcon_core.package_identification:_identify(.) by extensions ['colcon_pkg']
[1.246s] Level 1:colcon.colcon_core.package_identification:_identify(.) by extension 'colcon_pkg'
[1.246s] Level 1:colcon.colcon_core.package_identification:_identify(.) by extensions ['colcon_meta']
[1.246s] Level 1:colcon.colcon_core.package_identification:_identify(.) by extension 'colcon_meta'
[1.246s] Level 1:colcon.colcon_core.package_identification:_identify(.) by extensions ['ros']
[1.246s] Level 1:colcon.colcon_core.package_identification:_identify(.) by extension 'ros'
[1.261s] Level 1:colcon.colcon_core.package_identification:_identify(.) by extensions ['cmake', 'python']
[1.262s] Level 1:colcon.colcon_core.package_identification:_identify(.) by extension 'cmake'
[1.262s] Level 1:colcon.colcon_core.package_identification:_identify(.) by extension 'python'
[1.262s] Level 1:colcon.colcon_core.package_identification:_identify(.) by extensions ['python_setup_py']
[1.262s] Level 1:colcon.colcon_core.package_identification:_identify(.) by extension 'python_setup_py'
[1.262s] Level 1:colcon.colcon_core.package_identification:_identify(build) by extensions ['ignore', 'ignore_ament_install']
[1.262s] Level 1:colcon.colcon_core.package_identification:_identify(build) by extension 'ignore'
[1.262s] Level 1:colcon.colcon_core.package_identification:_identify(build) ignored
[1.262s] Level 1:colcon.colcon_core.package_identification:_identify(install) by extensions ['ignore', 'ignore_ament_install']
[1.262s] Level 1:colcon.colcon_core.package_identification:_identify(install) by extension 'ignore'
[1.262s] Level 1:colcon.colcon_core.package_identification:_identify(install) ignored
[1.262s] Level 1:colcon.colcon_core.package_identification:_identify(log) by extensions ['ignore', 'ignore_ament_install']
[1.263s] Level 1:colcon.colcon_core.package_identification:_identify(log) by extension 'ignore'
[1.263s] Level 1:colcon.colcon_core.package_identification:_identify(log) ignored
[1.263s] Level 1:colcon.colcon_core.package_identification:_identify(src) by extensions ['ignore', 'ignore_ament_install']
[1.263s] Level 1:colcon.colcon_core.package_identification:_identify(src) by extension 'ignore'
[1.263s] Level 1:colcon.colcon_core.package_identification:_identify(src) by extension 'ignore_ament_install'
[1.263s] Level 1:colcon.colcon_core.package_identification:_identify(src) by extensions ['colcon_pkg']
[1.263s] Level 1:colcon.colcon_core.package_identification:_identify(src) by extension 'colcon_pkg'
[1.263s] Level 1:colcon.colcon_core.package_identification:_identify(src) by extensions ['colcon_meta']
[1.263s] Level 1:colcon.colcon_core.package_identification:_identify(src) by extension 'colcon_meta'
[1.263s] Level 1:colcon.colcon_core.package_identification:_identify(src) by extensions ['ros']
[1.263s] Level 1:colcon.colcon_core.package_identification:_identify(src) by extension 'ros'
[1.263s] Level 1:colcon.colcon_core.package_identification:_identify(src) by extensions ['cmake', 'python']
[1.263s] Level 1:colcon.colcon_core.package_identification:_identify(src) by extension 'cmake'
[1.263s] Level 1:colcon.colcon_core.package_identification:_identify(src) by extension 'python'
[1.263s] Level 1:colcon.colcon_core.package_identification:_identify(src) by extensions ['python_setup_py']
[1.263s] Level 1:colcon.colcon_core.package_identification:_identify(src) by extension 'python_setup_py'
[1.263s] Level 1:colcon.colcon_core.package_identification:_identify(src/build) by extensions ['ignore', 'ignore_ament_install']
[1.264s] Level 1:colcon.colcon_core.package_identification:_identify(src/build) by extension 'ignore'
[1.264s] Level 1:colcon.colcon_core.package_identification:_identify(src/build) ignored
[1.264s] Level 1:colcon.colcon_core.package_identification:_identify(src/install) by extensions ['ignore', 'ignore_ament_install']
[1.264s] Level 1:colcon.colcon_core.package_identification:_identify(src/install) by extension 'ignore'
[1.264s] Level 1:colcon.colcon_core.package_identification:_identify(src/install) ignored
[1.264s] Level 1:colcon.colcon_core.package_identification:_identify(src/log) by extensions ['ignore', 'ignore_ament_install']
[1.264s] Level 1:colcon.colcon_core.package_identification:_identify(src/log) by extension 'ignore'
[1.264s] Level 1:colcon.colcon_core.package_identification:_identify(src/log) ignored
[1.264s] Level 1:colcon.colcon_core.package_identification:_identify(src/my_robot_controller) by extensions ['ignore', 'ignore_ament_install']
[1.264s] Level 1:colcon.colcon_core.package_identification:_identify(src/my_robot_controller) by extension 'ignore'
[1.264s] Level 1:colcon.colcon_core.package_identification:_identify(src/my_robot_controller) by extension 'ignore_ament_install'
[1.264s] Level 1:colcon.colcon_core.package_identification:_identify(src/my_robot_controller) by extensions ['colcon_pkg']
[1.264s] Level 1:colcon.colcon_core.package_identification:_identify(src/my_robot_controller) by extension 'colcon_pkg'
[1.264s] Level 1:colcon.colcon_core.package_identification:_identify(src/my_robot_controller) by extensions ['colcon_meta']
[1.264s] Level 1:colcon.colcon_core.package_identification:_identify(src/my_robot_controller) by extension 'colcon_meta'
[1.265s] Level 1:colcon.colcon_core.package_identification:_identify(src/my_robot_controller) by extensions ['ros']
[1.265s] Level 1:colcon.colcon_core.package_identification:_identify(src/my_robot_controller) by extension 'ros'
[1.267s] DEBUG:colcon.colcon_core.package_identification:Package 'src/my_robot_controller' with type 'ros.ament_python' and name 'my_robot_controller'
[1.268s] Level 1:colcon.colcon_core.package_identification:_identify(src/turtlebot3_fake_node) by extensions ['ignore', 'ignore_ament_install']
[1.268s] Level 1:colcon.colcon_core.package_identification:_identify(src/turtlebot3_fake_node) by extension 'ignore'
[1.268s] Level 1:colcon.colcon_core.package_identification:_identify(src/turtlebot3_fake_node) by extension 'ignore_ament_install'
[1.268s] Level 1:colcon.colcon_core.package_identification:_identify(src/turtlebot3_fake_node) by extensions ['colcon_pkg']
[1.268s] Level 1:colcon.colcon_core.package_identification:_identify(src/turtlebot3_fake_node) by extension 'colcon_pkg'
[1.268s] Level 1:colcon.colcon_core.package_identification:_identify(src/turtlebot3_fake_node) by extensions ['colcon_meta']
[1.268s] Level 1:colcon.colcon_core.package_identification:_identify(src/turtlebot3_fake_node) by extension 'colcon_meta'
[1.268s] Level 1:colcon.colcon_core.package_identification:_identify(src/turtlebot3_fake_node) by extensions ['ros']
[1.268s] Level 1:colcon.colcon_core.package_identification:_identify(src/turtlebot3_fake_node) by extension 'ros'
[1.269s] DEBUG:colcon.colcon_core.package_identification:Package 'src/turtlebot3_fake_node' with type 'ros.ament_cmake' and name 'turtlebot3_fake_node'
[1.270s] Level 1:colcon.colcon_core.package_identification:_identify(src/turtlebot3_gazebo) by extensions ['ignore', 'ignore_ament_install']
[1.270s] Level 1:colcon.colcon_core.package_identification:_identify(src/turtlebot3_gazebo) by extension 'ignore'
[1.270s] Level 1:colcon.colcon_core.package_identification:_identify(src/turtlebot3_gazebo) by extension 'ignore_ament_install'
[1.270s] Level 1:colcon.colcon_core.package_identification:_identify(src/turtlebot3_gazebo) by extensions ['colcon_pkg']
[1.270s] Level 1:colcon.colcon_core.package_identification:_identify(src/turtlebot3_gazebo) by extension 'colcon_pkg'
[1.270s] Level 1:colcon.colcon_core.package_identification:_identify(src/turtlebot3_gazebo) by extensions ['colcon_meta']
[1.270s] Level 1:colcon.colcon_core.package_identification:_identify(src/turtlebot3_gazebo) by extension 'colcon_meta'
[1.270s] Level 1:colcon.colcon_core.package_identification:_identify(src/turtlebot3_gazebo) by extensions ['ros']
[1.270s] Level 1:colcon.colcon_core.package_identification:_identify(src/turtlebot3_gazebo) by extension 'ros'
[1.271s] DEBUG:colcon.colcon_core.package_identification:Package 'src/turtlebot3_gazebo' with type 'ros.ament_cmake' and name 'turtlebot3_gazebo'
[1.271s] Level 1:colcon.colcon_core.package_identification:_identify(src/turtlebot3_simulations) by extensions ['ignore', 'ignore_ament_install']
[1.271s] Level 1:colcon.colcon_core.package_identification:_identify(src/turtlebot3_simulations) by extension 'ignore'
[1.271s] Level 1:colcon.colcon_core.package_identification:_identify(src/turtlebot3_simulations) by extension 'ignore_ament_install'
[1.271s] Level 1:colcon.colcon_core.package_identification:_identify(src/turtlebot3_simulations) by extensions ['colcon_pkg']
[1.271s] Level 1:colcon.colcon_core.package_identification:_identify(src/turtlebot3_simulations) by extension 'colcon_pkg'
[1.271s] Level 1:colcon.colcon_core.package_identification:_identify(src/turtlebot3_simulations) by extensions ['colcon_meta']
[1.271s] Level 1:colcon.colcon_core.package_identification:_identify(src/turtlebot3_simulations) by extension 'colcon_meta'
[1.271s] Level 1:colcon.colcon_core.package_identification:_identify(src/turtlebot3_simulations) by extensions ['ros']
[1.271s] Level 1:colcon.colcon_core.package_identification:_identify(src/turtlebot3_simulations) by extension 'ros'
[1.272s] DEBUG:colcon.colcon_core.package_identification:Package 'src/turtlebot3_simulations' with type 'ros.ament_cmake' and name 'turtlebot3_simulations'
[1.272s] Level 1:colcon.colcon_core.package_discovery:discover_packages(recursive) using defaults
[1.272s] Level 1:colcon.colcon_core.package_discovery:discover_packages(ignore) discover
[1.272s] Level 1:colcon.colcon_core.package_discovery:discover_packages(ignore) using defaults
[1.272s] Level 1:colcon.colcon_core.package_discovery:discover_packages(path) discover
[1.272s] Level 1:colcon.colcon_core.package_discovery:discover_packages(path) using defaults
[1.381s] Level 1:colcon.colcon_core.package_discovery:discover_packages(prefix_path) check parameters
[1.381s] Level 1:colcon.colcon_core.package_discovery:discover_packages(prefix_path) discover
[1.418s] DEBUG:colcon.colcon_installed_package_information.package_discovery:Found 4 installed packages in /home/elee02/ros2_ws/src/install
[1.437s] DEBUG:colcon.colcon_installed_package_information.package_discovery:Found 337 installed packages in /opt/ros/humble
[1.439s] Level 1:colcon.colcon_core.package_discovery:discover_packages(prefix_path) using defaults
[1.535s] Level 5:colcon.colcon_core.verb:set package 'my_robot_controller' build argument 'cmake_args' from command line to 'None'
[1.535s] Level 5:colcon.colcon_core.verb:set package 'my_robot_controller' build argument 'cmake_target' from command line to 'None'
[1.535s] Level 5:colcon.colcon_core.verb:set package 'my_robot_controller' build argument 'cmake_target_skip_unavailable' from command line to 'False'
[1.535s] Level 5:colcon.colcon_core.verb:set package 'my_robot_controller' build argument 'cmake_clean_cache' from command line to 'False'
[1.535s] Level 5:colcon.colcon_core.verb:set package 'my_robot_controller' build argument 'cmake_clean_first' from command line to 'False'
[1.535s] Level 5:colcon.colcon_core.verb:set package 'my_robot_controller' build argument 'cmake_force_configure' from command line to 'False'
[1.535s] Level 5:colcon.colcon_core.verb:set package 'my_robot_controller' build argument 'ament_cmake_args' from command line to 'None'
[1.535s] Level 5:colcon.colcon_core.verb:set package 'my_robot_controller' build argument 'catkin_cmake_args' from command line to 'None'
[1.535s] Level 5:colcon.colcon_core.verb:set package 'my_robot_controller' build argument 'catkin_skip_building_tests' from command line to 'False'
[1.536s] DEBUG:colcon.colcon_core.verb:Building package 'my_robot_controller' with the following arguments: {'ament_cmake_args': None, 'build_base': '/home/elee02/ros2_ws/build/my_robot_controller', 'catkin_cmake_args': None, 'catkin_skip_building_tests': False, 'cmake_args': None, 'cmake_clean_cache': False, 'cmake_clean_first': False, 'cmake_force_configure': False, 'cmake_target': None, 'cmake_target_skip_unavailable': False, 'install_base': '/home/elee02/ros2_ws/install/my_robot_controller', 'merge_install': False, 'path': '/home/elee02/ros2_ws/src/my_robot_controller', 'symlink_install': True, 'test_result_base': None}
[1.564s] Level 5:colcon.colcon_core.verb:set package 'turtlebot3_fake_node' build argument 'cmake_args' from command line to 'None'
[1.564s] Level 5:colcon.colcon_core.verb:set package 'turtlebot3_fake_node' build argument 'cmake_target' from command line to 'None'
[1.564s] Level 5:colcon.colcon_core.verb:set package 'turtlebot3_fake_node' build argument 'cmake_target_skip_unavailable' from command line to 'False'
[1.564s] Level 5:colcon.colcon_core.verb:set package 'turtlebot3_fake_node' build argument 'cmake_clean_cache' from command line to 'False'
[1.564s] Level 5:colcon.colcon_core.verb:set package 'turtlebot3_fake_node' build argument 'cmake_clean_first' from command line to 'False'
[1.564s] Level 5:colcon.colcon_core.verb:set package 'turtlebot3_fake_node' build argument 'cmake_force_configure' from command line to 'False'
[1.564s] Level 5:colcon.colcon_core.verb:set package 'turtlebot3_fake_node' build argument 'ament_cmake_args' from command line to 'None'
[1.564s] Level 5:colcon.colcon_core.verb:set package 'turtlebot3_fake_node' build argument 'catkin_cmake_args' from command line to 'None'
[1.564s] Level 5:colcon.colcon_core.verb:set package 'turtlebot3_fake_node' build argument 'catkin_skip_building_tests' from command line to 'False'
[1.564s] DEBUG:colcon.colcon_core.verb:Building package 'turtlebot3_fake_node' with the following arguments: {'ament_cmake_args': None, 'build_base': '/home/elee02/ros2_ws/build/turtlebot3_fake_node', 'catkin_cmake_args': None, 'catkin_skip_building_tests': False, 'cmake_args': None, 'cmake_clean_cache': False, 'cmake_clean_first': False, 'cmake_force_configure': False, 'cmake_target': None, 'cmake_target_skip_unavailable': False, 'install_base': '/home/elee02/ros2_ws/install/turtlebot3_fake_node', 'merge_install': False, 'path': '/home/elee02/ros2_ws/src/turtlebot3_fake_node', 'symlink_install': True, 'test_result_base': None}
[1.582s] Level 5:colcon.colcon_core.verb:set package 'turtlebot3_gazebo' build argument 'cmake_args' from command line to 'None'
[1.582s] Level 5:colcon.colcon_core.verb:set package 'turtlebot3_gazebo' build argument 'cmake_target' from command line to 'None'
[1.582s] Level 5:colcon.colcon_core.verb:set package 'turtlebot3_gazebo' build argument 'cmake_target_skip_unavailable' from command line to 'False'
[1.582s] Level 5:colcon.colcon_core.verb:set package 'turtlebot3_gazebo' build argument 'cmake_clean_cache' from command line to 'False'
[1.582s] Level 5:colcon.colcon_core.verb:set package 'turtlebot3_gazebo' build argument 'cmake_clean_first' from command line to 'False'
[1.582s] Level 5:colcon.colcon_core.verb:set package 'turtlebot3_gazebo' build argument 'cmake_force_configure' from command line to 'False'
[1.582s] Level 5:colcon.colcon_core.verb:set package 'turtlebot3_gazebo' build argument 'ament_cmake_args' from command line to 'None'
[1.582s] Level 5:colcon.colcon_core.verb:set package 'turtlebot3_gazebo' build argument 'catkin_cmake_args' from command line to 'None'
[1.582s] Level 5:colcon.colcon_core.verb:set package 'turtlebot3_gazebo' build argument 'catkin_skip_building_tests' from command line to 'False'
[1.582s] DEBUG:colcon.colcon_core.verb:Building package 'turtlebot3_gazebo' with the following arguments: {'ament_cmake_args': None, 'build_base': '/home/elee02/ros2_ws/build/turtlebot3_gazebo', 'catkin_cmake_args': None, 'catkin_skip_building_tests': False, 'cmake_args': None, 'cmake_clean_cache': False, 'cmake_clean_first': False, 'cmake_force_configure': False, 'cmake_target': None, 'cmake_target_skip_unavailable': False, 'install_base': '/home/elee02/ros2_ws/install/turtlebot3_gazebo', 'merge_install': False, 'path': '/home/elee02/ros2_ws/src/turtlebot3_gazebo', 'symlink_install': True, 'test_result_base': None}
[1.600s] Level 5:colcon.colcon_core.verb:set package 'turtlebot3_simulations' build argument 'cmake_args' from command line to 'None'
[1.600s] Level 5:colcon.colcon_core.verb:set package 'turtlebot3_simulations' build argument 'cmake_target' from command line to 'None'
[1.600s] Level 5:colcon.colcon_core.verb:set package 'turtlebot3_simulations' build argument 'cmake_target_skip_unavailable' from command line to 'False'
[1.601s] Level 5:colcon.colcon_core.verb:set package 'turtlebot3_simulations' build argument 'cmake_clean_cache' from command line to 'False'
[1.601s] Level 5:colcon.colcon_core.verb:set package 'turtlebot3_simulations' build argument 'cmake_clean_first' from command line to 'False'
[1.601s] Level 5:colcon.colcon_core.verb:set package 'turtlebot3_simulations' build argument 'cmake_force_configure' from command line to 'False'
[1.601s] Level 5:colcon.colcon_core.verb:set package 'turtlebot3_simulations' build argument 'ament_cmake_args' from command line to 'None'
[1.601s] Level 5:colcon.colcon_core.verb:set package 'turtlebot3_simulations' build argument 'catkin_cmake_args' from command line to 'None'
[1.601s] Level 5:colcon.colcon_core.verb:set package 'turtlebot3_simulations' build argument 'catkin_skip_building_tests' from command line to 'False'
[1.601s] DEBUG:colcon.colcon_core.verb:Building package 'turtlebot3_simulations' with the following arguments: {'ament_cmake_args': None, 'build_base': '/home/elee02/ros2_ws/build/turtlebot3_simulations', 'catkin_cmake_args': None, 'catkin_skip_building_tests': False, 'cmake_args': None, 'cmake_clean_cache': False, 'cmake_clean_first': False, 'cmake_force_configure': False, 'cmake_target': None, 'cmake_target_skip_unavailable': False, 'install_base': '/home/elee02/ros2_ws/install/turtlebot3_simulations', 'merge_install': False, 'path': '/home/elee02/ros2_ws/src/turtlebot3_simulations', 'symlink_install': True, 'test_result_base': None}
[1.618s] INFO:colcon.colcon_core.executor:Executing jobs using 'parallel' executor
[1.637s] DEBUG:colcon.colcon_parallel_executor.executor.parallel:run_until_complete
[1.638s] INFO:colcon.colcon_ros.task.ament_cmake.build:Building ROS package in '/home/elee02/ros2_ws/src/turtlebot3_fake_node' with build type 'ament_cmake'
[1.638s] INFO:colcon.colcon_cmake.task.cmake.build:Building CMake package in '/home/elee02/ros2_ws/src/turtlebot3_fake_node'
[1.658s] INFO:colcon.colcon_core.plugin_system:Skipping extension 'colcon_core.shell.bat': Not used on non-Windows systems
[1.658s] INFO:colcon.colcon_core.shell:Skip shell extension 'powershell' for command environment: Not usable outside of PowerShell
[1.658s] DEBUG:colcon.colcon_core.shell:Skip shell extension 'dsv' for command environment
[1.713s] INFO:colcon.colcon_ros.task.ament_cmake.build:Building ROS package in '/home/elee02/ros2_ws/src/turtlebot3_gazebo' with build type 'ament_cmake'
[1.714s] INFO:colcon.colcon_cmake.task.cmake.build:Building CMake package in '/home/elee02/ros2_ws/src/turtlebot3_gazebo'
[1.731s] INFO:colcon.colcon_core.shell:Skip shell extension 'powershell' for command environment: Not usable outside of PowerShell
[1.732s] DEBUG:colcon.colcon_core.shell:Skip shell extension 'dsv' for command environment
[1.787s] INFO:colcon.colcon_ros.task.ament_python.build:Building ROS package in '/home/elee02/ros2_ws/src/my_robot_controller' with build type 'ament_python'
[1.787s] Level 1:colcon.colcon_core.shell:create_environment_hook('my_robot_controller', 'ament_prefix_path')
[1.804s] INFO:colcon.colcon_core.shell:Creating environment hook '/home/elee02/ros2_ws/install/my_robot_controller/share/my_robot_controller/hook/ament_prefix_path.ps1'
[1.805s] INFO:colcon.colcon_core.shell:Creating environment descriptor '/home/elee02/ros2_ws/install/my_robot_controller/share/my_robot_controller/hook/ament_prefix_path.dsv'
[1.805s] INFO:colcon.colcon_core.shell:Creating environment hook '/home/elee02/ros2_ws/install/my_robot_controller/share/my_robot_controller/hook/ament_prefix_path.sh'
[1.823s] INFO:colcon.colcon_core.shell:Skip shell extension 'powershell' for command environment: Not usable outside of PowerShell
[1.823s] DEBUG:colcon.colcon_core.shell:Skip shell extension 'dsv' for command environment
[1.884s] DEBUG:colcon.colcon_core.event_handler.log_command:Invoking command in '/home/elee02/ros2_ws/build/turtlebot3_fake_node': CMAKE_PREFIX_PATH=${CMAKE_PREFIX_PATH}:/home/elee02/ros2_ws/src/install/my_robot_controller /usr/bin/cmake /home/elee02/ros2_ws/src/turtlebot3_fake_node -DAMENT_CMAKE_SYMLINK_INSTALL=1 -DCMAKE_INSTALL_PREFIX=/home/elee02/ros2_ws/install/turtlebot3_fake_node
[1.887s] DEBUG:colcon.colcon_core.event_handler.log_command:Invoking command in '/home/elee02/ros2_ws/build/turtlebot3_gazebo': CMAKE_PREFIX_PATH=${CMAKE_PREFIX_PATH}:/home/elee02/ros2_ws/src/install/my_robot_controller /usr/bin/cmake /home/elee02/ros2_ws/src/turtlebot3_gazebo -DAMENT_CMAKE_SYMLINK_INSTALL=1 -DCMAKE_INSTALL_PREFIX=/home/elee02/ros2_ws/install/turtlebot3_gazebo
[2.108s] INFO:colcon.colcon_core.task.python.build:Building Python package in '/home/elee02/ros2_ws/src/my_robot_controller'
[2.127s] INFO:colcon.colcon_core.shell:Skip shell extension 'powershell' for command environment: Not usable outside of PowerShell
[2.127s] DEBUG:colcon.colcon_core.shell:Skip shell extension 'dsv' for command environment
[2.793s] DEBUG:colcon.colcon_core.task.python.build:While undoing a previous installation files outside the Python library path are being ignored: /home/elee02/ros2_ws/install/my_robot_controller/share/ament_index/resource_index/packages/my_robot_controller
[2.793s] DEBUG:colcon.colcon_core.task.python.build:While undoing a previous installation files outside the Python library path are being ignored: /home/elee02/ros2_ws/install/my_robot_controller/share/my_robot_controller/package.xml
[2.793s] DEBUG:colcon.colcon_core.task.python.build:While undoing a previous installation files outside the Python library path are being ignored: /home/elee02/ros2_ws/install/my_robot_controller/lib/my_robot_controller/draw_circle
[2.793s] DEBUG:colcon.colcon_core.task.python.build:While undoing a previous installation files outside the Python library path are being ignored: /home/elee02/ros2_ws/install/my_robot_controller/lib/my_robot_controller/pose_subscriber
[2.793s] DEBUG:colcon.colcon_core.task.python.build:While undoing a previous installation files outside the Python library path are being ignored: /home/elee02/ros2_ws/install/my_robot_controller/lib/my_robot_controller/test_node
[2.796s] DEBUG:colcon.colcon_core.event_handler.log_command:Invoking command in '/home/elee02/ros2_ws/build/my_robot_controller': PYTHONPATH=/home/elee02/ros2_ws/build/my_robot_controller/prefix_override:/home/elee02/ros2_ws/install/my_robot_controller/lib/python3.10/site-packages:${PYTHONPATH} /usr/bin/python3 setup.py develop --editable --build-directory /home/elee02/ros2_ws/build/my_robot_controller/build --no-deps install_data
[3.223s] DEBUG:colcon.colcon_core.event_handler.log_command:Invoked command in '/home/elee02/ros2_ws/build/turtlebot3_fake_node' returned '0': CMAKE_PREFIX_PATH=${CMAKE_PREFIX_PATH}:/home/elee02/ros2_ws/src/install/my_robot_controller /usr/bin/cmake /home/elee02/ros2_ws/src/turtlebot3_fake_node -DAMENT_CMAKE_SYMLINK_INSTALL=1 -DCMAKE_INSTALL_PREFIX=/home/elee02/ros2_ws/install/turtlebot3_fake_node
[3.225s] DEBUG:colcon.colcon_core.event_handler.log_command:Invoking command in '/home/elee02/ros2_ws/build/turtlebot3_fake_node': CMAKE_PREFIX_PATH=${CMAKE_PREFIX_PATH}:/home/elee02/ros2_ws/src/install/my_robot_controller /usr/bin/cmake --build /home/elee02/ros2_ws/build/turtlebot3_fake_node -- -j8 -l8
[3.291s] DEBUG:colcon.colcon_core.event_handler.log_command:Invoked command in '/home/elee02/ros2_ws/build/turtlebot3_fake_node' returned '0': CMAKE_PREFIX_PATH=${CMAKE_PREFIX_PATH}:/home/elee02/ros2_ws/src/install/my_robot_controller /usr/bin/cmake --build /home/elee02/ros2_ws/build/turtlebot3_fake_node -- -j8 -l8
[3.322s] DEBUG:colcon.colcon_core.event_handler.log_command:Invoking command in '/home/elee02/ros2_ws/build/turtlebot3_fake_node': CMAKE_PREFIX_PATH=${CMAKE_PREFIX_PATH}:/home/elee02/ros2_ws/src/install/my_robot_controller /usr/bin/cmake --install /home/elee02/ros2_ws/build/turtlebot3_fake_node
[3.345s] Level 1:colcon.colcon_core.environment:create_environment_scripts_only(turtlebot3_fake_node)
[3.345s] DEBUG:colcon.colcon_core.event_handler.log_command:Invoked command in '/home/elee02/ros2_ws/build/turtlebot3_fake_node' returned '0': CMAKE_PREFIX_PATH=${CMAKE_PREFIX_PATH}:/home/elee02/ros2_ws/src/install/my_robot_controller /usr/bin/cmake --install /home/elee02/ros2_ws/build/turtlebot3_fake_node
[3.366s] Level 1:colcon.colcon_core.environment:checking '/home/elee02/ros2_ws/install/turtlebot3_fake_node' for CMake module files
[3.367s] Level 1:colcon.colcon_core.environment:checking '/home/elee02/ros2_ws/install/turtlebot3_fake_node' for CMake config files
[3.367s] Level 1:colcon.colcon_core.shell:create_environment_hook('turtlebot3_fake_node', 'cmake_prefix_path')
[3.386s] INFO:colcon.colcon_core.shell:Creating environment hook '/home/elee02/ros2_ws/install/turtlebot3_fake_node/share/turtlebot3_fake_node/hook/cmake_prefix_path.ps1'
[3.387s] INFO:colcon.colcon_core.shell:Creating environment descriptor '/home/elee02/ros2_ws/install/turtlebot3_fake_node/share/turtlebot3_fake_node/hook/cmake_prefix_path.dsv'
[3.387s] INFO:colcon.colcon_core.shell:Creating environment hook '/home/elee02/ros2_ws/install/turtlebot3_fake_node/share/turtlebot3_fake_node/hook/cmake_prefix_path.sh'
[3.388s] Level 1:colcon.colcon_core.environment:checking '/home/elee02/ros2_ws/install/turtlebot3_fake_node/lib'
[3.388s] Level 1:colcon.colcon_core.environment:checking '/home/elee02/ros2_ws/install/turtlebot3_fake_node/bin'
[3.388s] Level 1:colcon.colcon_core.environment:checking '/home/elee02/ros2_ws/install/turtlebot3_fake_node/lib/pkgconfig/turtlebot3_fake_node.pc'
[3.388s] Level 1:colcon.colcon_core.environment:checking '/home/elee02/ros2_ws/install/turtlebot3_fake_node/lib/python3.10/site-packages'
[3.389s] Level 1:colcon.colcon_core.environment:checking '/home/elee02/ros2_ws/install/turtlebot3_fake_node/bin'
[3.407s] INFO:colcon.colcon_core.shell:Creating package script '/home/elee02/ros2_ws/install/turtlebot3_fake_node/share/turtlebot3_fake_node/package.ps1'
[3.408s] INFO:colcon.colcon_core.shell:Creating package descriptor '/home/elee02/ros2_ws/install/turtlebot3_fake_node/share/turtlebot3_fake_node/package.dsv'
[3.409s] INFO:colcon.colcon_core.shell:Creating package script '/home/elee02/ros2_ws/install/turtlebot3_fake_node/share/turtlebot3_fake_node/package.sh'
[3.409s] INFO:colcon.colcon_core.shell:Creating package script '/home/elee02/ros2_ws/install/turtlebot3_fake_node/share/turtlebot3_fake_node/package.bash'
[3.410s] INFO:colcon.colcon_core.shell:Creating package script '/home/elee02/ros2_ws/install/turtlebot3_fake_node/share/turtlebot3_fake_node/package.zsh'
[3.411s] Level 1:colcon.colcon_core.environment:create_file_with_runtime_dependencies(/home/elee02/ros2_ws/install/turtlebot3_fake_node/share/colcon-core/packages/turtlebot3_fake_node)
[3.454s] Level 1:colcon.colcon_core.environment:create_environment_scripts_only(turtlebot3_fake_node)
[3.475s] Level 1:colcon.colcon_core.environment:checking '/home/elee02/ros2_ws/install/turtlebot3_fake_node' for CMake module files
[3.475s] Level 1:colcon.colcon_core.environment:checking '/home/elee02/ros2_ws/install/turtlebot3_fake_node' for CMake config files
[3.476s] Level 1:colcon.colcon_core.shell:create_environment_hook('turtlebot3_fake_node', 'cmake_prefix_path')
[3.495s] INFO:colcon.colcon_core.shell:Creating environment hook '/home/elee02/ros2_ws/install/turtlebot3_fake_node/share/turtlebot3_fake_node/hook/cmake_prefix_path.ps1'
[3.495s] INFO:colcon.colcon_core.shell:Creating environment descriptor '/home/elee02/ros2_ws/install/turtlebot3_fake_node/share/turtlebot3_fake_node/hook/cmake_prefix_path.dsv'
[3.496s] INFO:colcon.colcon_core.shell:Creating environment hook '/home/elee02/ros2_ws/install/turtlebot3_fake_node/share/turtlebot3_fake_node/hook/cmake_prefix_path.sh'
[3.496s] Level 1:colcon.colcon_core.environment:checking '/home/elee02/ros2_ws/install/turtlebot3_fake_node/lib'
[3.496s] Level 1:colcon.colcon_core.environment:checking '/home/elee02/ros2_ws/install/turtlebot3_fake_node/bin'
[3.496s] Level 1:colcon.colcon_core.environment:checking '/home/elee02/ros2_ws/install/turtlebot3_fake_node/lib/pkgconfig/turtlebot3_fake_node.pc'
[3.497s] Level 1:colcon.colcon_core.environment:checking '/home/elee02/ros2_ws/install/turtlebot3_fake_node/lib/python3.10/site-packages'
[3.497s] Level 1:colcon.colcon_core.environment:checking '/home/elee02/ros2_ws/install/turtlebot3_fake_node/bin'
[3.515s] INFO:colcon.colcon_core.shell:Creating package script '/home/elee02/ros2_ws/install/turtlebot3_fake_node/share/turtlebot3_fake_node/package.ps1'
[3.516s] INFO:colcon.colcon_core.shell:Creating package descriptor '/home/elee02/ros2_ws/install/turtlebot3_fake_node/share/turtlebot3_fake_node/package.dsv'
[3.517s] INFO:colcon.colcon_core.shell:Creating package script '/home/elee02/ros2_ws/install/turtlebot3_fake_node/share/turtlebot3_fake_node/package.sh'
[3.518s] INFO:colcon.colcon_core.shell:Creating package script '/home/elee02/ros2_ws/install/turtlebot3_fake_node/share/turtlebot3_fake_node/package.bash'
[3.519s] INFO:colcon.colcon_core.shell:Creating package script '/home/elee02/ros2_ws/install/turtlebot3_fake_node/share/turtlebot3_fake_node/package.zsh'
[3.519s] Level 1:colcon.colcon_core.environment:create_file_with_runtime_dependencies(/home/elee02/ros2_ws/install/turtlebot3_fake_node/share/colcon-core/packages/turtlebot3_fake_node)
[3.567s] Level 1:colcon.colcon_core.shell:create_environment_hook('my_robot_controller', 'pythonpath_develop')
[3.568s] DEBUG:colcon.colcon_core.event_handler.log_command:Invoked command in '/home/elee02/ros2_ws/build/my_robot_controller' returned '0': PYTHONPATH=/home/elee02/ros2_ws/build/my_robot_controller/prefix_override:/home/elee02/ros2_ws/install/my_robot_controller/lib/python3.10/site-packages:${PYTHONPATH} /usr/bin/python3 setup.py develop --editable --build-directory /home/elee02/ros2_ws/build/my_robot_controller/build --no-deps install_data
[3.586s] INFO:colcon.colcon_core.shell:Creating environment hook '/home/elee02/ros2_ws/build/my_robot_controller/share/my_robot_controller/hook/pythonpath_develop.ps1'
[3.587s] INFO:colcon.colcon_core.shell:Creating environment descriptor '/home/elee02/ros2_ws/build/my_robot_controller/share/my_robot_controller/hook/pythonpath_develop.dsv'
[3.587s] INFO:colcon.colcon_core.shell:Creating environment hook '/home/elee02/ros2_ws/build/my_robot_controller/share/my_robot_controller/hook/pythonpath_develop.sh'
[3.605s] Level 1:colcon.colcon_core.environment:checking '/home/elee02/ros2_ws/install/my_robot_controller' for CMake module files
[3.605s] Level 1:colcon.colcon_core.environment:checking '/home/elee02/ros2_ws/install/my_robot_controller' for CMake config files
[3.605s] Level 1:colcon.colcon_core.environment:checking '/home/elee02/ros2_ws/install/my_robot_controller/lib'
[3.606s] Level 1:colcon.colcon_core.environment:checking '/home/elee02/ros2_ws/install/my_robot_controller/bin'
[3.606s] Level 1:colcon.colcon_core.environment:checking '/home/elee02/ros2_ws/install/my_robot_controller/lib/pkgconfig/my_robot_controller.pc'
[3.606s] Level 1:colcon.colcon_core.environment:checking '/home/elee02/ros2_ws/install/my_robot_controller/lib/python3.10/site-packages'
[3.606s] Level 1:colcon.colcon_core.shell:create_environment_hook('my_robot_controller', 'pythonpath')
[3.623s] INFO:colcon.colcon_core.shell:Creating environment hook '/home/elee02/ros2_ws/install/my_robot_controller/share/my_robot_controller/hook/pythonpath.ps1'
[3.624s] INFO:colcon.colcon_core.shell:Creating environment descriptor '/home/elee02/ros2_ws/install/my_robot_controller/share/my_robot_controller/hook/pythonpath.dsv'
[3.624s] INFO:colcon.colcon_core.shell:Creating environment hook '/home/elee02/ros2_ws/install/my_robot_controller/share/my_robot_controller/hook/pythonpath.sh'
[3.625s] Level 1:colcon.colcon_core.environment:checking '/home/elee02/ros2_ws/install/my_robot_controller/bin'
[3.625s] Level 1:colcon.colcon_core.environment:create_environment_scripts_only(my_robot_controller)
[3.643s] INFO:colcon.colcon_core.shell:Creating package script '/home/elee02/ros2_ws/install/my_robot_controller/share/my_robot_controller/package.ps1'
[3.644s] INFO:colcon.colcon_core.shell:Creating package descriptor '/home/elee02/ros2_ws/install/my_robot_controller/share/my_robot_controller/package.dsv'
[3.644s] INFO:colcon.colcon_core.shell:Creating package script '/home/elee02/ros2_ws/install/my_robot_controller/share/my_robot_controller/package.sh'
[3.645s] INFO:colcon.colcon_core.shell:Creating package script '/home/elee02/ros2_ws/install/my_robot_controller/share/my_robot_controller/package.bash'
[3.645s] INFO:colcon.colcon_core.shell:Creating package script '/home/elee02/ros2_ws/install/my_robot_controller/share/my_robot_controller/package.zsh'
[3.645s] Level 1:colcon.colcon_core.environment:create_file_with_runtime_dependencies(/home/elee02/ros2_ws/install/my_robot_controller/share/colcon-core/packages/my_robot_controller)
[3.647s] DEBUG:colcon.colcon_core.event_handler.log_command:Invoked command in '/home/elee02/ros2_ws/build/turtlebot3_gazebo' returned '0': CMAKE_PREFIX_PATH=${CMAKE_PREFIX_PATH}:/home/elee02/ros2_ws/src/install/my_robot_controller /usr/bin/cmake /home/elee02/ros2_ws/src/turtlebot3_gazebo -DAMENT_CMAKE_SYMLINK_INSTALL=1 -DCMAKE_INSTALL_PREFIX=/home/elee02/ros2_ws/install/turtlebot3_gazebo
[3.649s] DEBUG:colcon.colcon_core.event_handler.log_command:Invoking command in '/home/elee02/ros2_ws/build/turtlebot3_gazebo': CMAKE_PREFIX_PATH=${CMAKE_PREFIX_PATH}:/home/elee02/ros2_ws/src/install/my_robot_controller /usr/bin/cmake --build /home/elee02/ros2_ws/build/turtlebot3_gazebo -- -j8 -l8
[3.744s] DEBUG:colcon.colcon_core.event_handler.log_command:Invoked command in '/home/elee02/ros2_ws/build/turtlebot3_gazebo' returned '0': CMAKE_PREFIX_PATH=${CMAKE_PREFIX_PATH}:/home/elee02/ros2_ws/src/install/my_robot_controller /usr/bin/cmake --build /home/elee02/ros2_ws/build/turtlebot3_gazebo -- -j8 -l8
[3.782s] DEBUG:colcon.colcon_core.event_handler.log_command:Invoking command in '/home/elee02/ros2_ws/build/turtlebot3_gazebo': CMAKE_PREFIX_PATH=${CMAKE_PREFIX_PATH}:/home/elee02/ros2_ws/src/install/my_robot_controller /usr/bin/cmake --install /home/elee02/ros2_ws/build/turtlebot3_gazebo
[3.819s] Level 1:colcon.colcon_core.environment:create_environment_scripts_only(turtlebot3_gazebo)
[3.820s] DEBUG:colcon.colcon_core.event_handler.log_command:Invoked command in '/home/elee02/ros2_ws/build/turtlebot3_gazebo' returned '0': CMAKE_PREFIX_PATH=${CMAKE_PREFIX_PATH}:/home/elee02/ros2_ws/src/install/my_robot_controller /usr/bin/cmake --install /home/elee02/ros2_ws/build/turtlebot3_gazebo
[3.838s] Level 1:colcon.colcon_core.environment:checking '/home/elee02/ros2_ws/install/turtlebot3_gazebo' for CMake module files
[3.839s] Level 1:colcon.colcon_core.environment:checking '/home/elee02/ros2_ws/install/turtlebot3_gazebo' for CMake config files
[3.839s] Level 1:colcon.colcon_core.shell:create_environment_hook('turtlebot3_gazebo', 'cmake_prefix_path')
[3.858s] INFO:colcon.colcon_core.shell:Creating environment hook '/home/elee02/ros2_ws/install/turtlebot3_gazebo/share/turtlebot3_gazebo/hook/cmake_prefix_path.ps1'
[3.859s] INFO:colcon.colcon_core.shell:Creating environment descriptor '/home/elee02/ros2_ws/install/turtlebot3_gazebo/share/turtlebot3_gazebo/hook/cmake_prefix_path.dsv'
[3.859s] INFO:colcon.colcon_core.shell:Creating environment hook '/home/elee02/ros2_ws/install/turtlebot3_gazebo/share/turtlebot3_gazebo/hook/cmake_prefix_path.sh'
[3.860s] Level 1:colcon.colcon_core.environment:checking '/home/elee02/ros2_ws/install/turtlebot3_gazebo/lib'
[3.860s] Level 1:colcon.colcon_core.environment:checking '/home/elee02/ros2_ws/install/turtlebot3_gazebo/bin'
[3.860s] Level 1:colcon.colcon_core.environment:checking '/home/elee02/ros2_ws/install/turtlebot3_gazebo/lib/pkgconfig/turtlebot3_gazebo.pc'
[3.860s] Level 1:colcon.colcon_core.environment:checking '/home/elee02/ros2_ws/install/turtlebot3_gazebo/lib/python3.10/site-packages'
[3.860s] Level 1:colcon.colcon_core.environment:checking '/home/elee02/ros2_ws/install/turtlebot3_gazebo/bin'
[3.879s] INFO:colcon.colcon_core.shell:Creating package script '/home/elee02/ros2_ws/install/turtlebot3_gazebo/share/turtlebot3_gazebo/package.ps1'
[3.879s] INFO:colcon.colcon_core.shell:Creating package descriptor '/home/elee02/ros2_ws/install/turtlebot3_gazebo/share/turtlebot3_gazebo/package.dsv'
[3.880s] INFO:colcon.colcon_core.shell:Creating package script '/home/elee02/ros2_ws/install/turtlebot3_gazebo/share/turtlebot3_gazebo/package.sh'
[3.880s] INFO:colcon.colcon_core.shell:Creating package script '/home/elee02/ros2_ws/install/turtlebot3_gazebo/share/turtlebot3_gazebo/package.bash'
[3.881s] INFO:colcon.colcon_core.shell:Creating package script '/home/elee02/ros2_ws/install/turtlebot3_gazebo/share/turtlebot3_gazebo/package.zsh'
[3.881s] Level 1:colcon.colcon_core.environment:create_file_with_runtime_dependencies(/home/elee02/ros2_ws/install/turtlebot3_gazebo/share/colcon-core/packages/turtlebot3_gazebo)
[3.937s] Level 1:colcon.colcon_core.environment:create_environment_scripts_only(turtlebot3_gazebo)
[3.955s] Level 1:colcon.colcon_core.environment:checking '/home/elee02/ros2_ws/install/turtlebot3_gazebo' for CMake module files
[3.956s] Level 1:colcon.colcon_core.environment:checking '/home/elee02/ros2_ws/install/turtlebot3_gazebo' for CMake config files
[3.957s] Level 1:colcon.colcon_core.shell:create_environment_hook('turtlebot3_gazebo', 'cmake_prefix_path')
[3.977s] INFO:colcon.colcon_core.shell:Creating environment hook '/home/elee02/ros2_ws/install/turtlebot3_gazebo/share/turtlebot3_gazebo/hook/cmake_prefix_path.ps1'
[3.977s] INFO:colcon.colcon_core.shell:Creating environment descriptor '/home/elee02/ros2_ws/install/turtlebot3_gazebo/share/turtlebot3_gazebo/hook/cmake_prefix_path.dsv'
[3.977s] INFO:colcon.colcon_core.shell:Creating environment hook '/home/elee02/ros2_ws/install/turtlebot3_gazebo/share/turtlebot3_gazebo/hook/cmake_prefix_path.sh'
[3.978s] Level 1:colcon.colcon_core.environment:checking '/home/elee02/ros2_ws/install/turtlebot3_gazebo/lib'
[3.978s] Level 1:colcon.colcon_core.environment:checking '/home/elee02/ros2_ws/install/turtlebot3_gazebo/bin'
[3.978s] Level 1:colcon.colcon_core.environment:checking '/home/elee02/ros2_ws/install/turtlebot3_gazebo/lib/pkgconfig/turtlebot3_gazebo.pc'
[3.978s] Level 1:colcon.colcon_core.environment:checking '/home/elee02/ros2_ws/install/turtlebot3_gazebo/lib/python3.10/site-packages'
[3.979s] Level 1:colcon.colcon_core.environment:checking '/home/elee02/ros2_ws/install/turtlebot3_gazebo/bin'
[3.998s] INFO:colcon.colcon_core.shell:Creating package script '/home/elee02/ros2_ws/install/turtlebot3_gazebo/share/turtlebot3_gazebo/package.ps1'
[3.999s] INFO:colcon.colcon_core.shell:Creating package descriptor '/home/elee02/ros2_ws/install/turtlebot3_gazebo/share/turtlebot3_gazebo/package.dsv'
[3.999s] INFO:colcon.colcon_core.shell:Creating package script '/home/elee02/ros2_ws/install/turtlebot3_gazebo/share/turtlebot3_gazebo/package.sh'
[4.000s] INFO:colcon.colcon_core.shell:Creating package script '/home/elee02/ros2_ws/install/turtlebot3_gazebo/share/turtlebot3_gazebo/package.bash'
[4.000s] INFO:colcon.colcon_core.shell:Creating package script '/home/elee02/ros2_ws/install/turtlebot3_gazebo/share/turtlebot3_gazebo/package.zsh'
[4.001s] Level 1:colcon.colcon_core.environment:create_file_with_runtime_dependencies(/home/elee02/ros2_ws/install/turtlebot3_gazebo/share/colcon-core/packages/turtlebot3_gazebo)
[4.001s] INFO:colcon.colcon_ros.task.ament_cmake.build:Building ROS package in '/home/elee02/ros2_ws/src/turtlebot3_simulations' with build type 'ament_cmake'
[4.001s] INFO:colcon.colcon_cmake.task.cmake.build:Building CMake package in '/home/elee02/ros2_ws/src/turtlebot3_simulations'
[4.023s] INFO:colcon.colcon_core.shell:Skip shell extension 'powershell' for command environment: Not usable outside of PowerShell
[4.023s] DEBUG:colcon.colcon_core.shell:Skip shell extension 'dsv' for command environment
[4.090s] DEBUG:colcon.colcon_core.event_handler.log_command:Invoking command in '/home/elee02/ros2_ws/build/turtlebot3_simulations': AMENT_PREFIX_PATH=/home/elee02/ros2_ws/install/turtlebot3_gazebo:/home/elee02/ros2_ws/install/turtlebot3_fake_node:${AMENT_PREFIX_PATH} CMAKE_PREFIX_PATH=/home/elee02/ros2_ws/install/turtlebot3_gazebo:/home/elee02/ros2_ws/install/turtlebot3_fake_node:/opt/ros/humble:/home/elee02/ros2_ws/src/install/turtlebot3_simulations:/home/elee02/ros2_ws/src/install/turtlebot3_gazebo:/home/elee02/ros2_ws/src/install/turtlebot3_fake_node:/home/elee02/ros2_ws/src/install/my_robot_controller /usr/bin/cmake /home/elee02/ros2_ws/src/turtlebot3_simulations -DAMENT_CMAKE_SYMLINK_INSTALL=1 -DCMAKE_INSTALL_PREFIX=/home/elee02/ros2_ws/install/turtlebot3_simulations
[4.332s] DEBUG:colcon.colcon_core.event_handler.log_command:Invoked command in '/home/elee02/ros2_ws/build/turtlebot3_simulations' returned '0': AMENT_PREFIX_PATH=/home/elee02/ros2_ws/install/turtlebot3_gazebo:/home/elee02/ros2_ws/install/turtlebot3_fake_node:${AMENT_PREFIX_PATH} CMAKE_PREFIX_PATH=/home/elee02/ros2_ws/install/turtlebot3_gazebo:/home/elee02/ros2_ws/install/turtlebot3_fake_node:/opt/ros/humble:/home/elee02/ros2_ws/src/install/turtlebot3_simulations:/home/elee02/ros2_ws/src/install/turtlebot3_gazebo:/home/elee02/ros2_ws/src/install/turtlebot3_fake_node:/home/elee02/ros2_ws/src/install/my_robot_controller /usr/bin/cmake /home/elee02/ros2_ws/src/turtlebot3_simulations -DAMENT_CMAKE_SYMLINK_INSTALL=1 -DCMAKE_INSTALL_PREFIX=/home/elee02/ros2_ws/install/turtlebot3_simulations
[4.335s] DEBUG:colcon.colcon_core.event_handler.log_command:Invoking command in '/home/elee02/ros2_ws/build/turtlebot3_simulations': AMENT_PREFIX_PATH=/home/elee02/ros2_ws/install/turtlebot3_gazebo:/home/elee02/ros2_ws/install/turtlebot3_fake_node:${AMENT_PREFIX_PATH} CMAKE_PREFIX_PATH=/home/elee02/ros2_ws/install/turtlebot3_gazebo:/home/elee02/ros2_ws/install/turtlebot3_fake_node:/opt/ros/humble:/home/elee02/ros2_ws/src/install/turtlebot3_simulations:/home/elee02/ros2_ws/src/install/turtlebot3_gazebo:/home/elee02/ros2_ws/src/install/turtlebot3_fake_node:/home/elee02/ros2_ws/src/install/my_robot_controller /usr/bin/cmake --build /home/elee02/ros2_ws/build/turtlebot3_simulations -- -j8 -l8
[4.372s] DEBUG:colcon.colcon_core.event_handler.log_command:Invoked command in '/home/elee02/ros2_ws/build/turtlebot3_simulations' returned '0': AMENT_PREFIX_PATH=/home/elee02/ros2_ws/install/turtlebot3_gazebo:/home/elee02/ros2_ws/install/turtlebot3_fake_node:${AMENT_PREFIX_PATH} CMAKE_PREFIX_PATH=/home/elee02/ros2_ws/install/turtlebot3_gazebo:/home/elee02/ros2_ws/install/turtlebot3_fake_node:/opt/ros/humble:/home/elee02/ros2_ws/src/install/turtlebot3_simulations:/home/elee02/ros2_ws/src/install/turtlebot3_gazebo:/home/elee02/ros2_ws/src/install/turtlebot3_fake_node:/home/elee02/ros2_ws/src/install/my_robot_controller /usr/bin/cmake --build /home/elee02/ros2_ws/build/turtlebot3_simulations -- -j8 -l8
[4.398s] DEBUG:colcon.colcon_core.event_handler.log_command:Invoking command in '/home/elee02/ros2_ws/build/turtlebot3_simulations': AMENT_PREFIX_PATH=/home/elee02/ros2_ws/install/turtlebot3_gazebo:/home/elee02/ros2_ws/install/turtlebot3_fake_node:${AMENT_PREFIX_PATH} CMAKE_PREFIX_PATH=/home/elee02/ros2_ws/install/turtlebot3_gazebo:/home/elee02/ros2_ws/install/turtlebot3_fake_node:/opt/ros/humble:/home/elee02/ros2_ws/src/install/turtlebot3_simulations:/home/elee02/ros2_ws/src/install/turtlebot3_gazebo:/home/elee02/ros2_ws/src/install/turtlebot3_fake_node:/home/elee02/ros2_ws/src/install/my_robot_controller /usr/bin/cmake --install /home/elee02/ros2_ws/build/turtlebot3_simulations
[4.419s] Level 1:colcon.colcon_core.environment:create_environment_scripts_only(turtlebot3_simulations)
[4.420s] DEBUG:colcon.colcon_core.event_handler.log_command:Invoked command in '/home/elee02/ros2_ws/build/turtlebot3_simulations' returned '0': AMENT_PREFIX_PATH=/home/elee02/ros2_ws/install/turtlebot3_gazebo:/home/elee02/ros2_ws/install/turtlebot3_fake_node:${AMENT_PREFIX_PATH} CMAKE_PREFIX_PATH=/home/elee02/ros2_ws/install/turtlebot3_gazebo:/home/elee02/ros2_ws/install/turtlebot3_fake_node:/opt/ros/humble:/home/elee02/ros2_ws/src/install/turtlebot3_simulations:/home/elee02/ros2_ws/src/install/turtlebot3_gazebo:/home/elee02/ros2_ws/src/install/turtlebot3_fake_node:/home/elee02/ros2_ws/src/install/my_robot_controller /usr/bin/cmake --install /home/elee02/ros2_ws/build/turtlebot3_simulations
[4.439s] Level 1:colcon.colcon_core.environment:checking '/home/elee02/ros2_ws/install/turtlebot3_simulations' for CMake module files
[4.439s] Level 1:colcon.colcon_core.environment:checking '/home/elee02/ros2_ws/install/turtlebot3_simulations' for CMake config files
[4.439s] Level 1:colcon.colcon_core.shell:create_environment_hook('turtlebot3_simulations', 'cmake_prefix_path')
[4.457s] INFO:colcon.colcon_core.shell:Creating environment hook '/home/elee02/ros2_ws/install/turtlebot3_simulations/share/turtlebot3_simulations/hook/cmake_prefix_path.ps1'
[4.458s] INFO:colcon.colcon_core.shell:Creating environment descriptor '/home/elee02/ros2_ws/install/turtlebot3_simulations/share/turtlebot3_simulations/hook/cmake_prefix_path.dsv'
[4.458s] INFO:colcon.colcon_core.shell:Creating environment hook '/home/elee02/ros2_ws/install/turtlebot3_simulations/share/turtlebot3_simulations/hook/cmake_prefix_path.sh'
[4.458s] Level 1:colcon.colcon_core.environment:checking '/home/elee02/ros2_ws/install/turtlebot3_simulations/bin'
[4.459s] Level 1:colcon.colcon_core.environment:checking '/home/elee02/ros2_ws/install/turtlebot3_simulations/lib/pkgconfig/turtlebot3_simulations.pc'
[4.459s] Level 1:colcon.colcon_core.environment:checking '/home/elee02/ros2_ws/install/turtlebot3_simulations/lib/python3.10/site-packages'
[4.459s] Level 1:colcon.colcon_core.environment:checking '/home/elee02/ros2_ws/install/turtlebot3_simulations/bin'
[4.477s] INFO:colcon.colcon_core.shell:Creating package script '/home/elee02/ros2_ws/install/turtlebot3_simulations/share/turtlebot3_simulations/package.ps1'
[4.478s] INFO:colcon.colcon_core.shell:Creating package descriptor '/home/elee02/ros2_ws/install/turtlebot3_simulations/share/turtlebot3_simulations/package.dsv'
[4.478s] INFO:colcon.colcon_core.shell:Creating package script '/home/elee02/ros2_ws/install/turtlebot3_simulations/share/turtlebot3_simulations/package.sh'
[4.479s] INFO:colcon.colcon_core.shell:Creating package script '/home/elee02/ros2_ws/install/turtlebot3_simulations/share/turtlebot3_simulations/package.bash'
[4.479s] INFO:colcon.colcon_core.shell:Creating package script '/home/elee02/ros2_ws/install/turtlebot3_simulations/share/turtlebot3_simulations/package.zsh'
[4.479s] Level 1:colcon.colcon_core.environment:create_file_with_runtime_dependencies(/home/elee02/ros2_ws/install/turtlebot3_simulations/share/colcon-core/packages/turtlebot3_simulations)
[4.521s] Level 1:colcon.colcon_core.environment:create_environment_scripts_only(turtlebot3_simulations)
[4.539s] Level 1:colcon.colcon_core.environment:checking '/home/elee02/ros2_ws/install/turtlebot3_simulations' for CMake module files
[4.539s] Level 1:colcon.colcon_core.environment:checking '/home/elee02/ros2_ws/install/turtlebot3_simulations' for CMake config files
[4.539s] Level 1:colcon.colcon_core.shell:create_environment_hook('turtlebot3_simulations', 'cmake_prefix_path')
[4.558s] INFO:colcon.colcon_core.shell:Creating environment hook '/home/elee02/ros2_ws/install/turtlebot3_simulations/share/turtlebot3_simulations/hook/cmake_prefix_path.ps1'
[4.558s] INFO:colcon.colcon_core.shell:Creating environment descriptor '/home/elee02/ros2_ws/install/turtlebot3_simulations/share/turtlebot3_simulations/hook/cmake_prefix_path.dsv'
[4.559s] INFO:colcon.colcon_core.shell:Creating environment hook '/home/elee02/ros2_ws/install/turtlebot3_simulations/share/turtlebot3_simulations/hook/cmake_prefix_path.sh'
[4.559s] Level 1:colcon.colcon_core.environment:checking '/home/elee02/ros2_ws/install/turtlebot3_simulations/bin'
[4.559s] Level 1:colcon.colcon_core.environment:checking '/home/elee02/ros2_ws/install/turtlebot3_simulations/lib/pkgconfig/turtlebot3_simulations.pc'
[4.560s] Level 1:colcon.colcon_core.environment:checking '/home/elee02/ros2_ws/install/turtlebot3_simulations/lib/python3.10/site-packages'
[4.560s] Level 1:colcon.colcon_core.environment:checking '/home/elee02/ros2_ws/install/turtlebot3_simulations/bin'
[4.580s] INFO:colcon.colcon_core.shell:Creating package script '/home/elee02/ros2_ws/install/turtlebot3_simulations/share/turtlebot3_simulations/package.ps1'
[4.581s] INFO:colcon.colcon_core.shell:Creating package descriptor '/home/elee02/ros2_ws/install/turtlebot3_simulations/share/turtlebot3_simulations/package.dsv'
[4.581s] INFO:colcon.colcon_core.shell:Creating package script '/home/elee02/ros2_ws/install/turtlebot3_simulations/share/turtlebot3_simulations/package.sh'
[4.582s] INFO:colcon.colcon_core.shell:Creating package script '/home/elee02/ros2_ws/install/turtlebot3_simulations/share/turtlebot3_simulations/package.bash'
[4.582s] INFO:colcon.colcon_core.shell:Creating package script '/home/elee02/ros2_ws/install/turtlebot3_simulations/share/turtlebot3_simulations/package.zsh'
[4.583s] Level 1:colcon.colcon_core.environment:create_file_with_runtime_dependencies(/home/elee02/ros2_ws/install/turtlebot3_simulations/share/colcon-core/packages/turtlebot3_simulations)
[4.583s] DEBUG:colcon.colcon_parallel_executor.executor.parallel:closing loop
[4.583s] DEBUG:colcon.colcon_parallel_executor.executor.parallel:loop closed
[4.583s] DEBUG:colcon.colcon_parallel_executor.executor.parallel:run_until_complete finished with '0'
[4.583s] DEBUG:colcon.colcon_core.event_reactor:joining thread
[4.608s] INFO:colcon.colcon_core.plugin_system:Skipping extension 'colcon_notification.desktop_notification.terminal_notifier': Not used on non-Darwin systems
[4.608s] INFO:colcon.colcon_core.plugin_system:Skipping extension 'colcon_notification.desktop_notification.win32': Not used on non-Windows systems
[4.608s] INFO:colcon.colcon_notification.desktop_notification:Sending desktop notification using 'notify2'
[4.621s] DEBUG:colcon.colcon_core.event_reactor:joined thread
[4.639s] INFO:colcon.colcon_core.shell:Creating prefix script '/home/elee02/ros2_ws/install/local_setup.ps1'
[4.640s] INFO:colcon.colcon_core.shell:Creating prefix util module '/home/elee02/ros2_ws/install/_local_setup_util_ps1.py'
[4.642s] INFO:colcon.colcon_core.shell:Creating prefix chain script '/home/elee02/ros2_ws/install/setup.ps1'
[4.661s] INFO:colcon.colcon_core.shell:Creating prefix script '/home/elee02/ros2_ws/install/local_setup.sh'
[4.662s] INFO:colcon.colcon_core.shell:Creating prefix util module '/home/elee02/ros2_ws/install/_local_setup_util_sh.py'
[4.662s] INFO:colcon.colcon_core.shell:Creating prefix chain script '/home/elee02/ros2_ws/install/setup.sh'
[4.683s] INFO:colcon.colcon_core.shell:Creating prefix script '/home/elee02/ros2_ws/install/local_setup.bash'
[4.683s] INFO:colcon.colcon_core.shell:Creating prefix chain script '/home/elee02/ros2_ws/install/setup.bash'
[4.701s] INFO:colcon.colcon_core.shell:Creating prefix script '/home/elee02/ros2_ws/install/local_setup.zsh'
[4.702s] INFO:colcon.colcon_core.shell:Creating prefix chain script '/home/elee02/ros2_ws/install/setup.zsh'
