[0.119s] Invoking command in '/home/elee02/ros2_ws/build/turtlebot3_simulations': AMENT_PREFIX_PATH=/home/elee02/ros2_ws/install/turtlebot3_gazebo:/home/elee02/ros2_ws/install/turtlebot3_fake_node:${AMENT_PREFIX_PATH} CMAKE_PREFIX_PATH=/home/elee02/ros2_ws/install/turtlebot3_gazebo:/home/elee02/ros2_ws/install/turtlebot3_fake_node:/opt/ros/humble /usr/bin/cmake /home/elee02/ros2_ws/src/turtlebot3_simulations -DCMAKE_INSTALL_PREFIX=/home/elee02/ros2_ws/install/turtlebot3_simulations
[0.141s] -- Found ament_cmake: 1.3.6 (/opt/ros/humble/share/ament_cmake/cmake)
[0.343s] -- Override CMake install command with custom implementation using symlinks instead of copying resources
[0.445s] -- Configuring done
[0.448s] -- Generating done
[0.449s] -- Build files have been written to: /home/elee02/ros2_ws/build/turtlebot3_simulations
[0.451s] Invoked command in '/home/elee02/ros2_ws/build/turtlebot3_simulations' returned '0': AMENT_PREFIX_PATH=/home/elee02/ros2_ws/install/turtlebot3_gazebo:/home/elee02/ros2_ws/install/turtlebot3_fake_node:${AMENT_PREFIX_PATH} CMAKE_PREFIX_PATH=/home/elee02/ros2_ws/install/turtlebot3_gazebo:/home/elee02/ros2_ws/install/turtlebot3_fake_node:/opt/ros/humble /usr/bin/cmake /home/elee02/ros2_ws/src/turtlebot3_simulations -DCMAKE_INSTALL_PREFIX=/home/elee02/ros2_ws/install/turtlebot3_simulations
[0.453s] Invoking command in '/home/elee02/ros2_ws/build/turtlebot3_simulations': AMENT_PREFIX_PATH=/home/elee02/ros2_ws/install/turtlebot3_gazebo:/home/elee02/ros2_ws/install/turtlebot3_fake_node:${AMENT_PREFIX_PATH} CMAKE_PREFIX_PATH=/home/elee02/ros2_ws/install/turtlebot3_gazebo:/home/elee02/ros2_ws/install/turtlebot3_fake_node:/opt/ros/humble /usr/bin/cmake --build /home/elee02/ros2_ws/build/turtlebot3_simulations -- -j8 -l8
[0.494s] Invoked command in '/home/elee02/ros2_ws/build/turtlebot3_simulations' returned '0': AMENT_PREFIX_PATH=/home/elee02/ros2_ws/install/turtlebot3_gazebo:/home/elee02/ros2_ws/install/turtlebot3_fake_node:${AMENT_PREFIX_PATH} CMAKE_PREFIX_PATH=/home/elee02/ros2_ws/install/turtlebot3_gazebo:/home/elee02/ros2_ws/install/turtlebot3_fake_node:/opt/ros/humble /usr/bin/cmake --build /home/elee02/ros2_ws/build/turtlebot3_simulations -- -j8 -l8
[0.517s] Invoking command in '/home/elee02/ros2_ws/build/turtlebot3_simulations': AMENT_PREFIX_PATH=/home/elee02/ros2_ws/install/turtlebot3_gazebo:/home/elee02/ros2_ws/install/turtlebot3_fake_node:${AMENT_PREFIX_PATH} CMAKE_PREFIX_PATH=/home/elee02/ros2_ws/install/turtlebot3_gazebo:/home/elee02/ros2_ws/install/turtlebot3_fake_node:/opt/ros/humble /usr/bin/cmake --install /home/elee02/ros2_ws/build/turtlebot3_simulations
[0.524s] -- Install configuration: ""
[0.525s] -- Execute custom install script
[0.525s] -- Up-to-date symlink: /home/elee02/ros2_ws/install/turtlebot3_simulations/share/ament_index/resource_index/package_run_dependencies/turtlebot3_simulations
[0.525s] -- Up-to-date symlink: /home/elee02/ros2_ws/install/turtlebot3_simulations/share/ament_index/resource_index/parent_prefix_path/turtlebot3_simulations
[0.526s] -- Up-to-date symlink: /home/elee02/ros2_ws/install/turtlebot3_simulations/share/turtlebot3_simulations/environment/ament_prefix_path.sh
[0.526s] -- Up-to-date symlink: /home/elee02/ros2_ws/install/turtlebot3_simulations/share/turtlebot3_simulations/environment/ament_prefix_path.dsv
[0.526s] -- Up-to-date symlink: /home/elee02/ros2_ws/install/turtlebot3_simulations/share/turtlebot3_simulations/environment/path.sh
[0.526s] -- Up-to-date symlink: /home/elee02/ros2_ws/install/turtlebot3_simulations/share/turtlebot3_simulations/environment/path.dsv
[0.526s] -- Up-to-date symlink: /home/elee02/ros2_ws/install/turtlebot3_simulations/share/turtlebot3_simulations/local_setup.bash
[0.527s] -- Up-to-date symlink: /home/elee02/ros2_ws/install/turtlebot3_simulations/share/turtlebot3_simulations/local_setup.sh
[0.527s] -- Up-to-date symlink: /home/elee02/ros2_ws/install/turtlebot3_simulations/share/turtlebot3_simulations/local_setup.zsh
[0.527s] -- Up-to-date symlink: /home/elee02/ros2_ws/install/turtlebot3_simulations/share/turtlebot3_simulations/local_setup.dsv
[0.527s] -- Symlinking: /home/elee02/ros2_ws/install/turtlebot3_simulations/share/turtlebot3_simulations/package.dsv
[0.538s] -- Up-to-date symlink: /home/elee02/ros2_ws/install/turtlebot3_simulations/share/ament_index/resource_index/packages/turtlebot3_simulations
[0.539s] -- Up-to-date symlink: /home/elee02/ros2_ws/install/turtlebot3_simulations/share/turtlebot3_simulations/cmake/turtlebot3_simulationsConfig.cmake
[0.539s] -- Up-to-date symlink: /home/elee02/ros2_ws/install/turtlebot3_simulations/share/turtlebot3_simulations/cmake/turtlebot3_simulationsConfig-version.cmake
[0.539s] -- Up-to-date symlink: /home/elee02/ros2_ws/install/turtlebot3_simulations/share/turtlebot3_simulations/package.xml
[0.541s] Invoked command in '/home/elee02/ros2_ws/build/turtlebot3_simulations' returned '0': AMENT_PREFIX_PATH=/home/elee02/ros2_ws/install/turtlebot3_gazebo:/home/elee02/ros2_ws/install/turtlebot3_fake_node:${AMENT_PREFIX_PATH} CMAKE_PREFIX_PATH=/home/elee02/ros2_ws/install/turtlebot3_gazebo:/home/elee02/ros2_ws/install/turtlebot3_fake_node:/opt/ros/humble /usr/bin/cmake --install /home/elee02/ros2_ws/build/turtlebot3_simulations
