[0.169s] Invoking command in '/home/elee02/ros2_ws/build/turtlebot3_gazebo': CMAKE_PREFIX_PATH=/opt/ros/humble /usr/bin/cmake /home/elee02/ros2_ws/src/turtlebot3_gazebo -DAMENT_CMAKE_SYMLINK_INSTALL=1 -DCMAKE_INSTALL_PREFIX=/home/elee02/ros2_ws/install/turtlebot3_gazebo
[0.185s] -- Found ament_cmake: 1.3.6 (/opt/ros/humble/share/ament_cmake/cmake)
[0.362s] -- Override CMake install command with custom implementation using symlinks instead of copying resources
[0.381s] [33mCMake Warning (dev) at /usr/share/cmake-3.22/Modules/FindPackageHandleStandardArgs.cmake:438 (message):
[0.381s]   The package name passed to `find_package_handle_standard_args` (PkgConfig)
[0.381s]   does not match the name of the calling package (gazebo).  This can lead to
[0.381s]   problems in calling code that expects `find_package` result variables
[0.381s]   (e.g., `_FOUND`) to follow a certain pattern.
[0.381s] Call Stack (most recent call first):
[0.381s]   /usr/share/cmake-3.22/Modules/FindPkgConfig.cmake:99 (find_package_handle_standard_args)
[0.382s]   /usr/lib/x86_64-linux-gnu/cmake/gazebo/gazebo-config.cmake:72 (include)
[0.382s]   CMakeLists.txt:23 (find_package)
[0.382s] This warning is for project developers.  Use -Wno-dev to suppress it.
[0.382s] [0m
[0.417s] -- Found DART: /usr/include (Required is at least version "6.6") found components: dart 
[0.466s] -- Found Protobuf: /usr/lib/x86_64-linux-gnu/libprotobuf.so (found version "3.12.4") 
[0.469s] -- Looking for ignition-math6 -- found version 6.15.0
[0.478s] -- Searching for dependencies of ignition-math6
[0.481s] -- Looking for OGRE...
[0.486s] -- Found Ogre Ghadamon (1.9.0)
[0.487s] -- Found OGRE: optimized;/usr/lib/x86_64-linux-gnu/libOgreMain.so;debug;/usr/lib/x86_64-linux-gnu/libOgreMain.so
[0.498s] -- Looking for OGRE_Paging...
[0.498s] -- Found OGRE_Paging: optimized;/usr/lib/x86_64-linux-gnu/libOgrePaging.so;debug;/usr/lib/x86_64-linux-gnu/libOgrePaging.so
[0.498s] -- Looking for OGRE_Terrain...
[0.499s] -- Found OGRE_Terrain: optimized;/usr/lib/x86_64-linux-gnu/libOgreTerrain.so;debug;/usr/lib/x86_64-linux-gnu/libOgreTerrain.so
[0.499s] -- Looking for OGRE_Property...
[0.500s] -- Found OGRE_Property: optimized;/usr/lib/x86_64-linux-gnu/libOgreProperty.so;debug;/usr/lib/x86_64-linux-gnu/libOgreProperty.so
[0.500s] -- Looking for OGRE_RTShaderSystem...
[0.500s] -- Found OGRE_RTShaderSystem: optimized;/usr/lib/x86_64-linux-gnu/libOgreRTShaderSystem.so;debug;/usr/lib/x86_64-linux-gnu/libOgreRTShaderSystem.so
[0.500s] -- Looking for OGRE_Volume...
[0.501s] -- Found OGRE_Volume: optimized;/usr/lib/x86_64-linux-gnu/libOgreVolume.so;debug;/usr/lib/x86_64-linux-gnu/libOgreVolume.so
[0.501s] -- Looking for OGRE_Overlay...
[0.501s] -- Found OGRE_Overlay: optimized;/usr/lib/x86_64-linux-gnu/libOgreOverlay.so;debug;/usr/lib/x86_64-linux-gnu/libOgreOverlay.so
[0.670s] -- Looking for ignition-math6 -- found version 6.15.0
[0.672s] -- Looking for ignition-transport8 -- found version 8.2.1
[0.673s] -- Searching for dependencies of ignition-transport8
[0.701s] -- Found Protobuf: /usr/lib/x86_64-linux-gnu/libprotobuf.so (found suitable version "3.12.4", minimum required is "3") 
[0.719s] -- Config-file not installed for ZeroMQ -- checking for pkg-config
[0.726s] -- Checking for module 'libzmq >= 4'
[0.742s] --   Found libzmq , version 4.3.4
[0.787s] -- Checking for module 'uuid'
[0.802s] --   Found uuid, version 2.37.2
[0.835s] -- Looking for ignition-msgs5 -- found version 5.8.1
[0.836s] -- Searching for dependencies of ignition-msgs5
[0.867s] -- Looking for ignition-math6 -- found version 6.15.0
[0.875s] -- Checking for module 'tinyxml2'
[0.889s] --   Found tinyxml2, version 9.0.0
[0.923s] -- Looking for ignition-msgs5 -- found version 5.8.1
[0.924s] -- Looking for ignition-common3 -- found version 3.14.0
[0.925s] -- Searching for dependencies of ignition-common3
[0.926s] -- Looking for dlfcn.h - found
[0.926s] -- Looking for libdl - found
[0.946s] -- Searching for <ignition-common3> component [graphics]
[0.947s] -- Looking for ignition-common3-graphics -- found version 3.14.0
[0.948s] -- Searching for dependencies of ignition-common3-graphics
[0.948s] -- Looking for ignition-math6 -- found version 6.15.0
[0.951s] -- Looking for ignition-fuel_tools4 -- found version 4.4.0
[0.952s] -- Searching for dependencies of ignition-fuel_tools4
[1.011s] -- Checking for module 'jsoncpp'
[1.027s] --   Found jsoncpp, version 1.9.5
[1.069s] -- Checking for module 'libzip'
[1.082s] --   Found libzip, version 1.7.3
[1.113s] -- Looking for ignition-common3 -- found version 3.14.0
[1.114s] -- Looking for ignition-math6 -- found version 6.15.0
[1.114s] -- Looking for ignition-msgs5 -- found version 5.8.1
[1.118s] -- Found gazebo_ros_pkgs: 3.7.0 (/opt/ros/humble/share/gazebo_ros_pkgs/cmake)
[1.118s] -- Found geometry_msgs: 4.2.3 (/opt/ros/humble/share/geometry_msgs/cmake)
[1.142s] -- Found rosidl_generator_c: 3.1.5 (/opt/ros/humble/share/rosidl_generator_c/cmake)
[1.145s] -- Found rosidl_adapter: 3.1.5 (/opt/ros/humble/share/rosidl_adapter/cmake)
[1.152s] -- Found rosidl_generator_cpp: 3.1.5 (/opt/ros/humble/share/rosidl_generator_cpp/cmake)
[1.167s] -- Using all available rosidl_typesupport_c: rosidl_typesupport_fastrtps_c;rosidl_typesupport_introspection_c
[1.187s] -- Using all available rosidl_typesupport_cpp: rosidl_typesupport_fastrtps_cpp;rosidl_typesupport_introspection_cpp
[1.328s] -- Found nav_msgs: 4.2.3 (/opt/ros/humble/share/nav_msgs/cmake)
[1.431s] -- Found rclcpp: 16.0.7 (/opt/ros/humble/share/rclcpp/cmake)
[1.497s] -- Found rmw_implementation_cmake: 6.1.1 (/opt/ros/humble/share/rmw_implementation_cmake/cmake)
[1.499s] -- Found rmw_fastrtps_cpp: 6.2.5 (/opt/ros/humble/share/rmw_fastrtps_cpp/cmake)
[1.635s] -- Using RMW implementation 'rmw_fastrtps_cpp' as default
[1.812s] -- Found sensor_msgs: 4.2.3 (/opt/ros/humble/share/sensor_msgs/cmake)
[1.925s] -- Found tf2: 0.25.5 (/opt/ros/humble/share/tf2/cmake)
[2.051s] -- Configuring done
[2.129s] -- Generating done
[2.133s] -- Build files have been written to: /home/elee02/ros2_ws/build/turtlebot3_gazebo
[2.238s] Invoked command in '/home/elee02/ros2_ws/build/turtlebot3_gazebo' returned '0': CMAKE_PREFIX_PATH=/opt/ros/humble /usr/bin/cmake /home/elee02/ros2_ws/src/turtlebot3_gazebo -DAMENT_CMAKE_SYMLINK_INSTALL=1 -DCMAKE_INSTALL_PREFIX=/home/elee02/ros2_ws/install/turtlebot3_gazebo
[2.239s] Invoking command in '/home/elee02/ros2_ws/build/turtlebot3_gazebo': CMAKE_PREFIX_PATH=/opt/ros/humble /usr/bin/cmake --build /home/elee02/ros2_ws/build/turtlebot3_gazebo -- -j8 -l8
[2.283s] [35m[1mConsolidate compiler generated dependencies of target turtlebot3_drive[0m
[2.285s] [35m[1mConsolidate compiler generated dependencies of target obstacle1[0m
[2.291s] [35m[1mConsolidate compiler generated dependencies of target obstacles[0m
[2.291s] [35m[1mConsolidate compiler generated dependencies of target obstacle2[0m
[2.312s] [ 12%] [32m[1mLinking CXX executable turtlebot3_drive[0m
[2.342s] [ 37%] Built target obstacle1
[2.360s] [ 62%] Built target obstacles
[2.360s] [ 87%] Built target obstacle2
[2.990s] [100%] Built target turtlebot3_drive
[3.059s] Invoked command in '/home/elee02/ros2_ws/build/turtlebot3_gazebo' returned '0': CMAKE_PREFIX_PATH=/opt/ros/humble /usr/bin/cmake --build /home/elee02/ros2_ws/build/turtlebot3_gazebo -- -j8 -l8
[3.095s] Invoking command in '/home/elee02/ros2_ws/build/turtlebot3_gazebo': CMAKE_PREFIX_PATH=/opt/ros/humble /usr/bin/cmake --install /home/elee02/ros2_ws/build/turtlebot3_gazebo
[3.103s] -- Install configuration: ""
[3.104s] -- Execute custom install script
[3.104s] -- Symlinking: /home/elee02/ros2_ws/install/turtlebot3_gazebo/lib/turtlebot3_gazebo/turtlebot3_drive
[3.115s] -- Symlinking: /home/elee02/ros2_ws/install/turtlebot3_gazebo/share/turtlebot3_gazebo//launch/__pycache__/empty_world.launch.cpython-310.pyc
[3.126s] -- Symlinking: /home/elee02/ros2_ws/install/turtlebot3_gazebo/share/turtlebot3_gazebo//launch/empty_world.launch.py
[3.136s] -- Symlinking: /home/elee02/ros2_ws/install/turtlebot3_gazebo/share/turtlebot3_gazebo//launch/robot_state_publisher.launch.py
[3.145s] -- Symlinking: /home/elee02/ros2_ws/install/turtlebot3_gazebo/share/turtlebot3_gazebo//launch/spawn_turtlebot3.launch.py
[3.155s] -- Symlinking: /home/elee02/ros2_ws/install/turtlebot3_gazebo/share/turtlebot3_gazebo//launch/turtlebot3_dqn_stage1.launch.py
[3.164s] -- Symlinking: /home/elee02/ros2_ws/install/turtlebot3_gazebo/share/turtlebot3_gazebo//launch/turtlebot3_dqn_stage2.launch.py
[3.174s] -- Symlinking: /home/elee02/ros2_ws/install/turtlebot3_gazebo/share/turtlebot3_gazebo//launch/turtlebot3_dqn_stage3.launch.py
[3.188s] -- Symlinking: /home/elee02/ros2_ws/install/turtlebot3_gazebo/share/turtlebot3_gazebo//launch/turtlebot3_dqn_stage4.launch.py
[3.198s] -- Symlinking: /home/elee02/ros2_ws/install/turtlebot3_gazebo/share/turtlebot3_gazebo//launch/turtlebot3_house.launch.py
[3.208s] -- Symlinking: /home/elee02/ros2_ws/install/turtlebot3_gazebo/share/turtlebot3_gazebo//launch/turtlebot3_world.launch.py
[3.218s] -- Symlinking: /home/elee02/ros2_ws/install/turtlebot3_gazebo/share/turtlebot3_gazebo//models/turtlebot3_burger/model-1_4.sdf
[3.227s] -- Symlinking: /home/elee02/ros2_ws/install/turtlebot3_gazebo/share/turtlebot3_gazebo//models/turtlebot3_burger/model.config
[3.236s] -- Symlinking: /home/elee02/ros2_ws/install/turtlebot3_gazebo/share/turtlebot3_gazebo//models/turtlebot3_burger/model.sdf
[3.246s] -- Symlinking: /home/elee02/ros2_ws/install/turtlebot3_gazebo/share/turtlebot3_gazebo//models/turtlebot3_common/meshes/burger_base.dae
[3.255s] -- Symlinking: /home/elee02/ros2_ws/install/turtlebot3_gazebo/share/turtlebot3_gazebo//models/turtlebot3_common/meshes/lds.dae
[3.264s] -- Symlinking: /home/elee02/ros2_ws/install/turtlebot3_gazebo/share/turtlebot3_gazebo//models/turtlebot3_common/meshes/r200.dae
[3.274s] -- Symlinking: /home/elee02/ros2_ws/install/turtlebot3_gazebo/share/turtlebot3_gazebo//models/turtlebot3_common/meshes/tire.dae
[3.282s] -- Symlinking: /home/elee02/ros2_ws/install/turtlebot3_gazebo/share/turtlebot3_gazebo//models/turtlebot3_common/meshes/waffle_base.dae
[3.291s] -- Symlinking: /home/elee02/ros2_ws/install/turtlebot3_gazebo/share/turtlebot3_gazebo//models/turtlebot3_common/meshes/waffle_pi_base.dae
[3.300s] -- Symlinking: /home/elee02/ros2_ws/install/turtlebot3_gazebo/share/turtlebot3_gazebo//models/turtlebot3_common/model.config
[3.310s] -- Symlinking: /home/elee02/ros2_ws/install/turtlebot3_gazebo/share/turtlebot3_gazebo//models/turtlebot3_dqn_world/goal_box/model.config
[3.318s] -- Symlinking: /home/elee02/ros2_ws/install/turtlebot3_gazebo/share/turtlebot3_gazebo//models/turtlebot3_dqn_world/goal_box/model.sdf
[3.328s] -- Symlinking: /home/elee02/ros2_ws/install/turtlebot3_gazebo/share/turtlebot3_gazebo//models/turtlebot3_dqn_world/inner_walls/model.config
[3.336s] -- Symlinking: /home/elee02/ros2_ws/install/turtlebot3_gazebo/share/turtlebot3_gazebo//models/turtlebot3_dqn_world/inner_walls/model.sdf
[3.346s] -- Symlinking: /home/elee02/ros2_ws/install/turtlebot3_gazebo/share/turtlebot3_gazebo//models/turtlebot3_dqn_world/model.config
[3.356s] -- Symlinking: /home/elee02/ros2_ws/install/turtlebot3_gazebo/share/turtlebot3_gazebo//models/turtlebot3_dqn_world/model.sdf
[3.364s] -- Symlinking: /home/elee02/ros2_ws/install/turtlebot3_gazebo/share/turtlebot3_gazebo//models/turtlebot3_dqn_world/obstacle1/model.config
[3.374s] -- Symlinking: /home/elee02/ros2_ws/install/turtlebot3_gazebo/share/turtlebot3_gazebo//models/turtlebot3_dqn_world/obstacle1/model.sdf
[3.383s] -- Symlinking: /home/elee02/ros2_ws/install/turtlebot3_gazebo/share/turtlebot3_gazebo//models/turtlebot3_dqn_world/obstacle2/model.config
[3.391s] -- Symlinking: /home/elee02/ros2_ws/install/turtlebot3_gazebo/share/turtlebot3_gazebo//models/turtlebot3_dqn_world/obstacle2/model.sdf
[3.401s] -- Symlinking: /home/elee02/ros2_ws/install/turtlebot3_gazebo/share/turtlebot3_gazebo//models/turtlebot3_dqn_world/obstacle_plugin/CMakeLists.txt
[3.410s] -- Symlinking: /home/elee02/ros2_ws/install/turtlebot3_gazebo/share/turtlebot3_gazebo//models/turtlebot3_dqn_world/obstacle_plugin/obstacle1.cc
[3.419s] -- Symlinking: /home/elee02/ros2_ws/install/turtlebot3_gazebo/share/turtlebot3_gazebo//models/turtlebot3_dqn_world/obstacle_plugin/obstacle2.cc
[3.429s] -- Symlinking: /home/elee02/ros2_ws/install/turtlebot3_gazebo/share/turtlebot3_gazebo//models/turtlebot3_dqn_world/obstacle_plugin/obstacles.cc
[3.438s] -- Symlinking: /home/elee02/ros2_ws/install/turtlebot3_gazebo/share/turtlebot3_gazebo//models/turtlebot3_dqn_world/obstacles/model.config
[3.447s] -- Symlinking: /home/elee02/ros2_ws/install/turtlebot3_gazebo/share/turtlebot3_gazebo//models/turtlebot3_dqn_world/obstacles/model.sdf
[3.457s] -- Symlinking: /home/elee02/ros2_ws/install/turtlebot3_gazebo/share/turtlebot3_gazebo//models/turtlebot3_house/model.config
[3.467s] -- Symlinking: /home/elee02/ros2_ws/install/turtlebot3_gazebo/share/turtlebot3_gazebo//models/turtlebot3_house/model.sdf
[3.475s] -- Symlinking: /home/elee02/ros2_ws/install/turtlebot3_gazebo/share/turtlebot3_gazebo//models/turtlebot3_waffle/model-1_4.sdf
[3.483s] -- Symlinking: /home/elee02/ros2_ws/install/turtlebot3_gazebo/share/turtlebot3_gazebo//models/turtlebot3_waffle/model.config
[3.492s] -- Symlinking: /home/elee02/ros2_ws/install/turtlebot3_gazebo/share/turtlebot3_gazebo//models/turtlebot3_waffle/model.sdf
[3.502s] -- Symlinking: /home/elee02/ros2_ws/install/turtlebot3_gazebo/share/turtlebot3_gazebo//models/turtlebot3_waffle_pi/model-1_4_.sdf
[3.512s] -- Symlinking: /home/elee02/ros2_ws/install/turtlebot3_gazebo/share/turtlebot3_gazebo//models/turtlebot3_waffle_pi/model.config
[3.521s] -- Symlinking: /home/elee02/ros2_ws/install/turtlebot3_gazebo/share/turtlebot3_gazebo//models/turtlebot3_waffle_pi/model.sdf
[3.531s] -- Symlinking: /home/elee02/ros2_ws/install/turtlebot3_gazebo/share/turtlebot3_gazebo//models/turtlebot3_world/meshes/hexagon.dae
[3.539s] -- Symlinking: /home/elee02/ros2_ws/install/turtlebot3_gazebo/share/turtlebot3_gazebo//models/turtlebot3_world/meshes/wall.dae
[3.548s] -- Symlinking: /home/elee02/ros2_ws/install/turtlebot3_gazebo/share/turtlebot3_gazebo//models/turtlebot3_world/model-1_4.sdf
[3.558s] -- Symlinking: /home/elee02/ros2_ws/install/turtlebot3_gazebo/share/turtlebot3_gazebo//models/turtlebot3_world/model.config
[3.567s] -- Symlinking: /home/elee02/ros2_ws/install/turtlebot3_gazebo/share/turtlebot3_gazebo//models/turtlebot3_world/model.sdf
[3.576s] -- Symlinking: /home/elee02/ros2_ws/install/turtlebot3_gazebo/share/turtlebot3_gazebo//rviz/tb3_gazebo.rviz
[3.586s] -- Symlinking: /home/elee02/ros2_ws/install/turtlebot3_gazebo/share/turtlebot3_gazebo//urdf/common_properties.urdf
[3.595s] -- Symlinking: /home/elee02/ros2_ws/install/turtlebot3_gazebo/share/turtlebot3_gazebo//urdf/turtlebot3_burger.urdf
[3.606s] -- Symlinking: /home/elee02/ros2_ws/install/turtlebot3_gazebo/share/turtlebot3_gazebo//urdf/turtlebot3_waffle.urdf
[3.615s] -- Symlinking: /home/elee02/ros2_ws/install/turtlebot3_gazebo/share/turtlebot3_gazebo//urdf/turtlebot3_waffle_pi.urdf
[3.625s] -- Symlinking: /home/elee02/ros2_ws/install/turtlebot3_gazebo/share/turtlebot3_gazebo//worlds/empty_world.world
[3.634s] -- Symlinking: /home/elee02/ros2_ws/install/turtlebot3_gazebo/share/turtlebot3_gazebo//worlds/turtlebot3_dqn_stage1.world
[3.644s] -- Symlinking: /home/elee02/ros2_ws/install/turtlebot3_gazebo/share/turtlebot3_gazebo//worlds/turtlebot3_dqn_stage2.world
[3.653s] -- Symlinking: /home/elee02/ros2_ws/install/turtlebot3_gazebo/share/turtlebot3_gazebo//worlds/turtlebot3_dqn_stage3.world
[3.663s] -- Symlinking: /home/elee02/ros2_ws/install/turtlebot3_gazebo/share/turtlebot3_gazebo//worlds/turtlebot3_dqn_stage4.world
[3.673s] -- Symlinking: /home/elee02/ros2_ws/install/turtlebot3_gazebo/share/turtlebot3_gazebo//worlds/turtlebot3_house.world
[3.682s] -- Symlinking: /home/elee02/ros2_ws/install/turtlebot3_gazebo/share/turtlebot3_gazebo//worlds/turtlebot3_world.world
[3.691s] -- Symlinking: /home/elee02/ros2_ws/install/turtlebot3_gazebo/include//turtlebot3_gazebo/turtlebot3_drive.hpp
[3.699s] -- Symlinking: /home/elee02/ros2_ws/install/turtlebot3_gazebo/share/ament_index/resource_index/package_run_dependencies/turtlebot3_gazebo
[3.711s] -- Symlinking: /home/elee02/ros2_ws/install/turtlebot3_gazebo/share/ament_index/resource_index/parent_prefix_path/turtlebot3_gazebo
[3.720s] -- Symlinking: /home/elee02/ros2_ws/install/turtlebot3_gazebo/share/turtlebot3_gazebo/environment/ament_prefix_path.sh
[3.729s] -- Symlinking: /home/elee02/ros2_ws/install/turtlebot3_gazebo/share/turtlebot3_gazebo/environment/ament_prefix_path.dsv
[3.739s] -- Symlinking: /home/elee02/ros2_ws/install/turtlebot3_gazebo/share/turtlebot3_gazebo/environment/path.sh
[3.748s] -- Symlinking: /home/elee02/ros2_ws/install/turtlebot3_gazebo/share/turtlebot3_gazebo/environment/path.dsv
[3.758s] -- Symlinking: /home/elee02/ros2_ws/install/turtlebot3_gazebo/share/turtlebot3_gazebo/local_setup.bash
[3.768s] -- Symlinking: /home/elee02/ros2_ws/install/turtlebot3_gazebo/share/turtlebot3_gazebo/local_setup.sh
[3.777s] -- Symlinking: /home/elee02/ros2_ws/install/turtlebot3_gazebo/share/turtlebot3_gazebo/local_setup.zsh
[3.786s] -- Symlinking: /home/elee02/ros2_ws/install/turtlebot3_gazebo/share/turtlebot3_gazebo/local_setup.dsv
[3.795s] -- Symlinking: /home/elee02/ros2_ws/install/turtlebot3_gazebo/share/turtlebot3_gazebo/package.dsv
[3.805s] -- Symlinking: /home/elee02/ros2_ws/install/turtlebot3_gazebo/share/ament_index/resource_index/packages/turtlebot3_gazebo
[3.814s] -- Symlinking: /home/elee02/ros2_ws/install/turtlebot3_gazebo/share/turtlebot3_gazebo/cmake/ament_cmake_export_include_directories-extras.cmake
[3.823s] -- Symlinking: /home/elee02/ros2_ws/install/turtlebot3_gazebo/share/turtlebot3_gazebo/cmake/ament_cmake_export_dependencies-extras.cmake
[3.832s] -- Symlinking: /home/elee02/ros2_ws/install/turtlebot3_gazebo/share/turtlebot3_gazebo/cmake/turtlebot3_gazeboConfig.cmake
[3.841s] -- Symlinking: /home/elee02/ros2_ws/install/turtlebot3_gazebo/share/turtlebot3_gazebo/cmake/turtlebot3_gazeboConfig-version.cmake
[3.851s] -- Symlinking: /home/elee02/ros2_ws/install/turtlebot3_gazebo/share/turtlebot3_gazebo/package.xml
[3.861s] Invoked command in '/home/elee02/ros2_ws/build/turtlebot3_gazebo' returned '0': CMAKE_PREFIX_PATH=/opt/ros/humble /usr/bin/cmake --install /home/elee02/ros2_ws/build/turtlebot3_gazebo
