[0.053s] Invoking command in '/home/elee02/ros2_ws/build/turtlebot3_fake_node': /usr/bin/cmake /home/elee02/ros2_ws/src/turtlebot3_fake_node -DCMAKE_INSTALL_PREFIX=/home/elee02/ros2_ws/install/turtlebot3_fake_node
[0.107s] -- The C compiler identification is GNU 11.4.0
[0.167s] -- The CXX compiler identification is GNU 11.4.0
[0.174s] -- Detecting C compiler ABI info
[0.243s] -- Detecting C compiler ABI info - done
[0.252s] -- Check for working C compiler: /usr/bin/cc - skipped
[0.252s] -- Detecting C compile features
[0.253s] -- Detecting C compile features - done
[0.256s] -- Detecting CXX compiler ABI info
[0.337s] -- Detecting CXX compiler ABI info - done
[0.346s] -- Check for working CXX compiler: /usr/bin/c++ - skipped
[0.346s] -- Detecting CXX compile features
[0.347s] -- Detecting CXX compile features - done
[0.358s] [31mCMake Error at CMakeLists.txt:18 (find_package):
[0.358s]   By not providing "Findament_cmake.cmake" in CMAKE_MODULE_PATH this project
[0.358s]   has asked CMake to find a package configuration file provided by
[0.358s]   "ament_cmake", but CMake did not find one.
[0.358s] 
[0.359s]   Could not find a package configuration file provided by "ament_cmake" with
[0.359s]   any of the following names:
[0.359s] 
[0.359s]     ament_cmakeConfig.cmake
[0.359s]     ament_cmake-config.cmake
[0.359s] 
[0.359s]   Add the installation prefix of "ament_cmake" to CMAKE_PREFIX_PATH or set
[0.359s]   "ament_cmake_DIR" to a directory containing one of the above files.  If
[0.359s]   "ament_cmake" provides a separate development package or SDK, be sure it
[0.359s]   has been installed.
[0.360s] 
[0.360s] [0m
[0.360s] -- Configuring incomplete, errors occurred!
[0.360s] See also "/home/elee02/ros2_ws/build/turtlebot3_fake_node/CMakeFiles/CMakeOutput.log".
[0.363s] Invoked command in '/home/elee02/ros2_ws/build/turtlebot3_fake_node' returned '1': /usr/bin/cmake /home/elee02/ros2_ws/src/turtlebot3_fake_node -DCMAKE_INSTALL_PREFIX=/home/elee02/ros2_ws/install/turtlebot3_fake_node
