[1.156s] Invoking command in '/home/elee02/ros2_ws/build/my_robot_controller': PYTHONPATH=/home/elee02/ros2_ws/build/my_robot_controller/prefix_override:/home/elee02/ros2_ws/install/my_robot_controller/lib/python3.10/site-packages:${PYTHONPATH} /usr/bin/python3 setup.py develop --editable --build-directory /home/elee02/ros2_ws/build/my_robot_controller/build --no-deps install_data
[1.546s] running develop
[1.546s] /home/elee02/.local/lib/python3.10/site-packages/setuptools/command/develop.py:39: EasyInstallDeprecationWarning: easy_install command is deprecated.
[1.546s] !!
[1.546s] 
[1.546s]         ********************************************************************************
[1.546s]         Please avoid running ``setup.py`` and ``easy_install``.
[1.546s]         Instead, use pypa/build, pypa/installer or other
[1.546s]         standards-based tools.
[1.546s] 
[1.546s]         See https://github.com/pypa/setuptools/issues/917 for details.
[1.546s]         ********************************************************************************
[1.547s] 
[1.547s] !!
[1.547s]   easy_install.initialize_options(self)
[1.584s] /home/elee02/.local/lib/python3.10/site-packages/setuptools/_distutils/cmd.py:66: SetuptoolsDeprecationWarning: setup.py install is deprecated.
[1.584s] !!
[1.584s] 
[1.584s]         ********************************************************************************
[1.584s]         Please avoid running ``setup.py`` directly.
[1.584s]         Instead, use pypa/build, pypa/installer or other
[1.584s]         standards-based tools.
[1.584s] 
[1.584s]         See https://blog.ganssle.io/articles/2021/10/setup-py-deprecated.html for details.
[1.584s]         ********************************************************************************
[1.584s] 
[1.585s] !!
[1.585s]   self.initialize_options()
[1.820s] running egg_info
[1.841s] writing my_robot_controller.egg-info/PKG-INFO
[1.842s] writing dependency_links to my_robot_controller.egg-info/dependency_links.txt
[1.842s] writing entry points to my_robot_controller.egg-info/entry_points.txt
[1.842s] writing requirements to my_robot_controller.egg-info/requires.txt
[1.842s] writing top-level names to my_robot_controller.egg-info/top_level.txt
[1.883s] reading manifest file 'my_robot_controller.egg-info/SOURCES.txt'
[1.884s] writing manifest file 'my_robot_controller.egg-info/SOURCES.txt'
[1.904s] running build_ext
[1.905s] Creating /home/elee02/ros2_ws/install/my_robot_controller/lib/python3.10/site-packages/my-robot-controller.egg-link (link to .)
[1.906s] Installing draw_circle script to /home/elee02/ros2_ws/install/my_robot_controller/lib/my_robot_controller
[1.906s] Installing pose_subscriber script to /home/elee02/ros2_ws/install/my_robot_controller/lib/my_robot_controller
[1.906s] Installing test_node script to /home/elee02/ros2_ws/install/my_robot_controller/lib/my_robot_controller
[1.906s] Installing turtle_controller script to /home/elee02/ros2_ws/install/my_robot_controller/lib/my_robot_controller
[1.907s] 
[1.907s] Installed /home/elee02/ros2_ws/build/my_robot_controller
[1.907s] running install_data
[1.907s] copying resource/my_robot_controller -> /home/elee02/ros2_ws/install/my_robot_controller/share/ament_index/resource_index/packages
[1.908s] copying package.xml -> /home/elee02/ros2_ws/install/my_robot_controller/share/my_robot_controller
[1.938s] Invoked command in '/home/elee02/ros2_ws/build/my_robot_controller' returned '0': PYTHONPATH=/home/elee02/ros2_ws/build/my_robot_controller/prefix_override:/home/elee02/ros2_ws/install/my_robot_controller/lib/python3.10/site-packages:${PYTHONPATH} /usr/bin/python3 setup.py develop --editable --build-directory /home/elee02/ros2_ws/build/my_robot_controller/build --no-deps install_data
