[0.231s] Invoking command in '/home/elee02/ros2_ws/build/turtlebot3_fake_node': CMAKE_PREFIX_PATH=/opt/ros/humble /usr/bin/cmake /home/elee02/ros2_ws/src/turtlebot3_fake_node -DAMENT_CMAKE_SYMLINK_INSTALL=1 -DCMAKE_INSTALL_PREFIX=/home/elee02/ros2_ws/install/turtlebot3_fake_node
[0.246s] -- Found ament_cmake: 1.3.6 (/opt/ros/humble/share/ament_cmake/cmake)
[0.403s] -- Override CMake install command with custom implementation using symlinks instead of copying resources
[0.419s] -- Found geometry_msgs: 4.2.3 (/opt/ros/humble/share/geometry_msgs/cmake)
[0.464s] -- Found rosidl_generator_c: 3.1.5 (/opt/ros/humble/share/rosidl_generator_c/cmake)
[0.467s] -- Found rosidl_adapter: 3.1.5 (/opt/ros/humble/share/rosidl_adapter/cmake)
[0.474s] -- Found rosidl_generator_cpp: 3.1.5 (/opt/ros/humble/share/rosidl_generator_cpp/cmake)
[0.491s] -- Using all available rosidl_typesupport_c: rosidl_typesupport_fastrtps_c;rosidl_typesupport_introspection_c
[0.526s] -- Using all available rosidl_typesupport_cpp: rosidl_typesupport_fastrtps_cpp;rosidl_typesupport_introspection_cpp
[0.687s] -- Found nav_msgs: 4.2.3 (/opt/ros/humble/share/nav_msgs/cmake)
[0.813s] -- Found rclcpp: 16.0.7 (/opt/ros/humble/share/rclcpp/cmake)
[0.883s] -- Found rmw_implementation_cmake: 6.1.1 (/opt/ros/humble/share/rmw_implementation_cmake/cmake)
[0.884s] -- Found rmw_fastrtps_cpp: 6.2.5 (/opt/ros/humble/share/rmw_fastrtps_cpp/cmake)
[1.060s] -- Using RMW implementation 'rmw_fastrtps_cpp' as default
[1.239s] -- Found sensor_msgs: 4.2.3 (/opt/ros/humble/share/sensor_msgs/cmake)
[1.352s] -- Found tf2: 0.25.5 (/opt/ros/humble/share/tf2/cmake)
[1.363s] -- Found tf2_msgs: 0.25.5 (/opt/ros/humble/share/tf2_msgs/cmake)
[1.588s] -- Found turtlebot3_msgs: 2.2.3 (/opt/ros/humble/share/turtlebot3_msgs/cmake)
[1.811s] -- Configuring done
[1.835s] -- Generating done
[1.838s] -- Build files have been written to: /home/elee02/ros2_ws/build/turtlebot3_fake_node
[1.852s] Invoked command in '/home/elee02/ros2_ws/build/turtlebot3_fake_node' returned '0': CMAKE_PREFIX_PATH=/opt/ros/humble /usr/bin/cmake /home/elee02/ros2_ws/src/turtlebot3_fake_node -DAMENT_CMAKE_SYMLINK_INSTALL=1 -DCMAKE_INSTALL_PREFIX=/home/elee02/ros2_ws/install/turtlebot3_fake_node
[1.854s] Invoking command in '/home/elee02/ros2_ws/build/turtlebot3_fake_node': CMAKE_PREFIX_PATH=/opt/ros/humble /usr/bin/cmake --build /home/elee02/ros2_ws/build/turtlebot3_fake_node -- -j8 -l8
[1.901s] [35m[1mConsolidate compiler generated dependencies of target turtlebot3_fake_node[0m
[1.923s] [ 50%] [32m[1mLinking CXX executable turtlebot3_fake_node[0m
[2.649s] [100%] Built target turtlebot3_fake_node
[2.659s] Invoked command in '/home/elee02/ros2_ws/build/turtlebot3_fake_node' returned '0': CMAKE_PREFIX_PATH=/opt/ros/humble /usr/bin/cmake --build /home/elee02/ros2_ws/build/turtlebot3_fake_node -- -j8 -l8
[2.692s] Invoking command in '/home/elee02/ros2_ws/build/turtlebot3_fake_node': CMAKE_PREFIX_PATH=/opt/ros/humble /usr/bin/cmake --install /home/elee02/ros2_ws/build/turtlebot3_fake_node
[2.699s] -- Install configuration: ""
[2.700s] -- Execute custom install script
[2.700s] -- Symlinking: /home/elee02/ros2_ws/install/turtlebot3_fake_node/lib/turtlebot3_fake_node/turtlebot3_fake_node
[2.709s] -- Symlinking: /home/elee02/ros2_ws/install/turtlebot3_fake_node/share/turtlebot3_fake_node/launch/rviz2.launch.py
[2.718s] -- Symlinking: /home/elee02/ros2_ws/install/turtlebot3_fake_node/share/turtlebot3_fake_node/launch/turtlebot3_fake_node.launch.py
[2.727s] -- Symlinking: /home/elee02/ros2_ws/install/turtlebot3_fake_node/share/turtlebot3_fake_node/param/burger.yaml
[2.735s] -- Symlinking: /home/elee02/ros2_ws/install/turtlebot3_fake_node/share/turtlebot3_fake_node/param/waffle.yaml
[2.744s] -- Symlinking: /home/elee02/ros2_ws/install/turtlebot3_fake_node/share/turtlebot3_fake_node/param/waffle_pi.yaml
[2.752s] -- Symlinking: /home/elee02/ros2_ws/install/turtlebot3_fake_node/include//turtlebot3_fake_node/turtlebot3_fake_node.hpp
[2.761s] -- Symlinking: /home/elee02/ros2_ws/install/turtlebot3_fake_node/share/ament_index/resource_index/package_run_dependencies/turtlebot3_fake_node
[2.770s] -- Symlinking: /home/elee02/ros2_ws/install/turtlebot3_fake_node/share/ament_index/resource_index/parent_prefix_path/turtlebot3_fake_node
[2.780s] -- Symlinking: /home/elee02/ros2_ws/install/turtlebot3_fake_node/share/turtlebot3_fake_node/environment/ament_prefix_path.sh
[2.788s] -- Symlinking: /home/elee02/ros2_ws/install/turtlebot3_fake_node/share/turtlebot3_fake_node/environment/ament_prefix_path.dsv
[2.796s] -- Symlinking: /home/elee02/ros2_ws/install/turtlebot3_fake_node/share/turtlebot3_fake_node/environment/path.sh
[2.805s] -- Symlinking: /home/elee02/ros2_ws/install/turtlebot3_fake_node/share/turtlebot3_fake_node/environment/path.dsv
[2.814s] -- Symlinking: /home/elee02/ros2_ws/install/turtlebot3_fake_node/share/turtlebot3_fake_node/local_setup.bash
[2.822s] -- Symlinking: /home/elee02/ros2_ws/install/turtlebot3_fake_node/share/turtlebot3_fake_node/local_setup.sh
[2.831s] -- Symlinking: /home/elee02/ros2_ws/install/turtlebot3_fake_node/share/turtlebot3_fake_node/local_setup.zsh
[2.840s] -- Symlinking: /home/elee02/ros2_ws/install/turtlebot3_fake_node/share/turtlebot3_fake_node/local_setup.dsv
[2.848s] -- Symlinking: /home/elee02/ros2_ws/install/turtlebot3_fake_node/share/turtlebot3_fake_node/package.dsv
[2.857s] -- Symlinking: /home/elee02/ros2_ws/install/turtlebot3_fake_node/share/ament_index/resource_index/packages/turtlebot3_fake_node
[2.865s] -- Symlinking: /home/elee02/ros2_ws/install/turtlebot3_fake_node/share/turtlebot3_fake_node/cmake/ament_cmake_export_include_directories-extras.cmake
[2.874s] -- Symlinking: /home/elee02/ros2_ws/install/turtlebot3_fake_node/share/turtlebot3_fake_node/cmake/ament_cmake_export_dependencies-extras.cmake
[2.882s] -- Symlinking: /home/elee02/ros2_ws/install/turtlebot3_fake_node/share/turtlebot3_fake_node/cmake/turtlebot3_fake_nodeConfig.cmake
[2.891s] -- Symlinking: /home/elee02/ros2_ws/install/turtlebot3_fake_node/share/turtlebot3_fake_node/cmake/turtlebot3_fake_nodeConfig-version.cmake
[2.899s] -- Symlinking: /home/elee02/ros2_ws/install/turtlebot3_fake_node/share/turtlebot3_fake_node/package.xml
[2.909s] Invoked command in '/home/elee02/ros2_ws/build/turtlebot3_fake_node' returned '0': CMAKE_PREFIX_PATH=/opt/ros/humble /usr/bin/cmake --install /home/elee02/ros2_ws/build/turtlebot3_fake_node
