[0.204s] Invoking command in '/home/elee02/ros2_ws/build/turtlebot3_gazebo': CMAKE_PREFIX_PATH=${CMAKE_PREFIX_PATH}:/home/elee02/ros2_ws/install/my_robot_controller:/opt/ros/humble /usr/bin/cmake /home/elee02/ros2_ws/src/turtlebot3_gazebo -DAMENT_CMAKE_SYMLINK_INSTALL=1 -DCMAKE_INSTALL_PREFIX=/home/elee02/ros2_ws/install/turtlebot3_gazebo
[0.217s] -- Found ament_cmake: 1.3.6 (/opt/ros/humble/share/ament_cmake/cmake)
[0.389s] -- Override CMake install command with custom implementation using symlinks instead of copying resources
[0.402s] [33mCMake Warning (dev) at /usr/share/cmake-3.22/Modules/FindPackageHandleStandardArgs.cmake:438 (message):
[0.402s]   The package name passed to `find_package_handle_standard_args` (PkgConfig)
[0.402s]   does not match the name of the calling package (gazebo).  This can lead to
[0.402s]   problems in calling code that expects `find_package` result variables
[0.403s]   (e.g., `_FOUND`) to follow a certain pattern.
[0.403s] Call Stack (most recent call first):
[0.403s]   /usr/share/cmake-3.22/Modules/FindPkgConfig.cmake:99 (find_package_handle_standard_args)
[0.403s]   /usr/lib/x86_64-linux-gnu/cmake/gazebo/gazebo-config.cmake:72 (include)
[0.403s]   CMakeLists.txt:23 (find_package)
[0.403s] This warning is for project developers.  Use -Wno-dev to suppress it.
[0.403s] [0m
[0.429s] -- Found DART: /usr/include (Required is at least version "6.6") found components: dart 
[0.464s] -- Found Protobuf: /usr/lib/x86_64-linux-gnu/libprotobuf.so (found version "3.12.4") 
[0.465s] -- Looking for ignition-math6 -- found version 6.15.0
[0.470s] -- Searching for dependencies of ignition-math6
[0.471s] -- Looking for OGRE...
[0.477s] -- Found Ogre Ghadamon (1.9.0)
[0.477s] -- Found OGRE: optimized;/usr/lib/x86_64-linux-gnu/libOgreMain.so;debug;/usr/lib/x86_64-linux-gnu/libOgreMain.so
[0.488s] -- Looking for OGRE_Paging...
[0.488s] -- Found OGRE_Paging: optimized;/usr/lib/x86_64-linux-gnu/libOgrePaging.so;debug;/usr/lib/x86_64-linux-gnu/libOgrePaging.so
[0.489s] -- Looking for OGRE_Terrain...
[0.489s] -- Found OGRE_Terrain: optimized;/usr/lib/x86_64-linux-gnu/libOgreTerrain.so;debug;/usr/lib/x86_64-linux-gnu/libOgreTerrain.so
[0.489s] -- Looking for OGRE_Property...
[0.489s] -- Found OGRE_Property: optimized;/usr/lib/x86_64-linux-gnu/libOgreProperty.so;debug;/usr/lib/x86_64-linux-gnu/libOgreProperty.so
[0.489s] -- Looking for OGRE_RTShaderSystem...
[0.489s] -- Found OGRE_RTShaderSystem: optimized;/usr/lib/x86_64-linux-gnu/libOgreRTShaderSystem.so;debug;/usr/lib/x86_64-linux-gnu/libOgreRTShaderSystem.so
[0.489s] -- Looking for OGRE_Volume...
[0.489s] -- Found OGRE_Volume: optimized;/usr/lib/x86_64-linux-gnu/libOgreVolume.so;debug;/usr/lib/x86_64-linux-gnu/libOgreVolume.so
[0.489s] -- Looking for OGRE_Overlay...
[0.490s] -- Found OGRE_Overlay: optimized;/usr/lib/x86_64-linux-gnu/libOgreOverlay.so;debug;/usr/lib/x86_64-linux-gnu/libOgreOverlay.so
[0.693s] -- Looking for ignition-math6 -- found version 6.15.0
[0.694s] -- Looking for ignition-transport8 -- found version 8.2.1
[0.694s] -- Searching for dependencies of ignition-transport8
[0.716s] -- Found Protobuf: /usr/lib/x86_64-linux-gnu/libprotobuf.so (found suitable version "3.12.4", minimum required is "3") 
[0.729s] -- Config-file not installed for ZeroMQ -- checking for pkg-config
[0.735s] -- Checking for module 'libzmq >= 4'
[0.749s] --   Found libzmq , version 4.3.4
[0.790s] -- Checking for module 'uuid'
[0.810s] --   Found uuid, version 2.37.2
[0.852s] -- Looking for ignition-msgs5 -- found version 5.8.1
[0.852s] -- Searching for dependencies of ignition-msgs5
[0.884s] -- Looking for ignition-math6 -- found version 6.15.0
[0.891s] -- Checking for module 'tinyxml2'
[0.907s] --   Found tinyxml2, version 9.0.0
[0.942s] -- Looking for ignition-msgs5 -- found version 5.8.1
[0.943s] -- Looking for ignition-common3 -- found version 3.14.0
[0.943s] -- Searching for dependencies of ignition-common3
[0.944s] -- Looking for dlfcn.h - found
[0.944s] -- Looking for libdl - found
[0.957s] -- Searching for <ignition-common3> component [graphics]
[0.957s] -- Looking for ignition-common3-graphics -- found version 3.14.0
[0.958s] -- Searching for dependencies of ignition-common3-graphics
[0.958s] -- Looking for ignition-math6 -- found version 6.15.0
[0.959s] -- Looking for ignition-fuel_tools4 -- found version 4.4.0
[0.960s] -- Searching for dependencies of ignition-fuel_tools4
[1.020s] -- Checking for module 'jsoncpp'
[1.037s] --   Found jsoncpp, version 1.9.5
[1.083s] -- Checking for module 'libzip'
[1.099s] --   Found libzip, version 1.7.3
[1.137s] -- Looking for ignition-common3 -- found version 3.14.0
[1.138s] -- Looking for ignition-math6 -- found version 6.15.0
[1.138s] -- Looking for ignition-msgs5 -- found version 5.8.1
[1.141s] -- Found gazebo_ros_pkgs: 3.7.0 (/opt/ros/humble/share/gazebo_ros_pkgs/cmake)
[1.142s] -- Found geometry_msgs: 4.2.3 (/opt/ros/humble/share/geometry_msgs/cmake)
[1.182s] -- Found rosidl_generator_c: 3.1.5 (/opt/ros/humble/share/rosidl_generator_c/cmake)
[1.188s] -- Found rosidl_adapter: 3.1.5 (/opt/ros/humble/share/rosidl_adapter/cmake)
[1.199s] -- Found rosidl_generator_cpp: 3.1.5 (/opt/ros/humble/share/rosidl_generator_cpp/cmake)
[1.212s] -- Using all available rosidl_typesupport_c: rosidl_typesupport_fastrtps_c;rosidl_typesupport_introspection_c
[1.232s] -- Using all available rosidl_typesupport_cpp: rosidl_typesupport_fastrtps_cpp;rosidl_typesupport_introspection_cpp
[1.382s] -- Found nav_msgs: 4.2.3 (/opt/ros/humble/share/nav_msgs/cmake)
[1.485s] -- Found rclcpp: 16.0.7 (/opt/ros/humble/share/rclcpp/cmake)
[1.542s] -- Found rmw_implementation_cmake: 6.1.1 (/opt/ros/humble/share/rmw_implementation_cmake/cmake)
[1.544s] -- Found rmw_fastrtps_cpp: 6.2.5 (/opt/ros/humble/share/rmw_fastrtps_cpp/cmake)
[1.700s] -- Using RMW implementation 'rmw_fastrtps_cpp' as default
[1.889s] -- Found sensor_msgs: 4.2.3 (/opt/ros/humble/share/sensor_msgs/cmake)
[2.056s] -- Found tf2: 0.25.5 (/opt/ros/humble/share/tf2/cmake)
[2.198s] -- Configuring done
[2.259s] -- Generating done
[2.262s] -- Build files have been written to: /home/elee02/ros2_ws/build/turtlebot3_gazebo
[2.277s] Invoked command in '/home/elee02/ros2_ws/build/turtlebot3_gazebo' returned '0': CMAKE_PREFIX_PATH=${CMAKE_PREFIX_PATH}:/home/elee02/ros2_ws/install/my_robot_controller:/opt/ros/humble /usr/bin/cmake /home/elee02/ros2_ws/src/turtlebot3_gazebo -DAMENT_CMAKE_SYMLINK_INSTALL=1 -DCMAKE_INSTALL_PREFIX=/home/elee02/ros2_ws/install/turtlebot3_gazebo
[2.280s] Invoking command in '/home/elee02/ros2_ws/build/turtlebot3_gazebo': CMAKE_PREFIX_PATH=${CMAKE_PREFIX_PATH}:/home/elee02/ros2_ws/install/my_robot_controller:/opt/ros/humble /usr/bin/cmake --build /home/elee02/ros2_ws/build/turtlebot3_gazebo -- -j8 -l8
[2.329s] [35m[1mConsolidate compiler generated dependencies of target turtlebot3_drive[0m
[2.332s] [35m[1mConsolidate compiler generated dependencies of target obstacle2[0m
[2.333s] [35m[1mConsolidate compiler generated dependencies of target obstacles[0m
[2.334s] [35m[1mConsolidate compiler generated dependencies of target obstacle1[0m
[2.359s] [ 25%] Built target turtlebot3_drive
[2.392s] [ 50%] Built target obstacles
[2.395s] [ 75%] Built target obstacle1
[2.400s] [100%] Built target obstacle2
[2.422s] Invoked command in '/home/elee02/ros2_ws/build/turtlebot3_gazebo' returned '0': CMAKE_PREFIX_PATH=${CMAKE_PREFIX_PATH}:/home/elee02/ros2_ws/install/my_robot_controller:/opt/ros/humble /usr/bin/cmake --build /home/elee02/ros2_ws/build/turtlebot3_gazebo -- -j8 -l8
[2.459s] Invoking command in '/home/elee02/ros2_ws/build/turtlebot3_gazebo': CMAKE_PREFIX_PATH=${CMAKE_PREFIX_PATH}:/home/elee02/ros2_ws/install/my_robot_controller:/opt/ros/humble /usr/bin/cmake --install /home/elee02/ros2_ws/build/turtlebot3_gazebo
[2.468s] -- Install configuration: ""
[2.468s] -- Execute custom install script
[2.469s] -- Up-to-date symlink: /home/elee02/ros2_ws/install/turtlebot3_gazebo/lib/turtlebot3_gazebo/turtlebot3_drive
[2.469s] -- Up-to-date symlink: /home/elee02/ros2_ws/install/turtlebot3_gazebo/share/turtlebot3_gazebo//launch/__pycache__/empty_world.launch.cpython-310.pyc
[2.469s] -- Up-to-date symlink: /home/elee02/ros2_ws/install/turtlebot3_gazebo/share/turtlebot3_gazebo//launch/empty_world.launch.py
[2.470s] -- Up-to-date symlink: /home/elee02/ros2_ws/install/turtlebot3_gazebo/share/turtlebot3_gazebo//launch/robot_state_publisher.launch.py
[2.470s] -- Up-to-date symlink: /home/elee02/ros2_ws/install/turtlebot3_gazebo/share/turtlebot3_gazebo//launch/spawn_turtlebot3.launch.py
[2.470s] -- Up-to-date symlink: /home/elee02/ros2_ws/install/turtlebot3_gazebo/share/turtlebot3_gazebo//launch/turtlebot3_dqn_stage1.launch.py
[2.470s] -- Up-to-date symlink: /home/elee02/ros2_ws/install/turtlebot3_gazebo/share/turtlebot3_gazebo//launch/turtlebot3_dqn_stage2.launch.py
[2.470s] -- Up-to-date symlink: /home/elee02/ros2_ws/install/turtlebot3_gazebo/share/turtlebot3_gazebo//launch/turtlebot3_dqn_stage3.launch.py
[2.471s] -- Up-to-date symlink: /home/elee02/ros2_ws/install/turtlebot3_gazebo/share/turtlebot3_gazebo//launch/turtlebot3_dqn_stage4.launch.py
[2.471s] -- Up-to-date symlink: /home/elee02/ros2_ws/install/turtlebot3_gazebo/share/turtlebot3_gazebo//launch/turtlebot3_house.launch.py
[2.471s] -- Up-to-date symlink: /home/elee02/ros2_ws/install/turtlebot3_gazebo/share/turtlebot3_gazebo//launch/turtlebot3_world.launch.py
[2.472s] -- Up-to-date symlink: /home/elee02/ros2_ws/install/turtlebot3_gazebo/share/turtlebot3_gazebo//models/turtlebot3_burger/model-1_4.sdf
[2.472s] -- Up-to-date symlink: /home/elee02/ros2_ws/install/turtlebot3_gazebo/share/turtlebot3_gazebo//models/turtlebot3_burger/model.config
[2.472s] -- Up-to-date symlink: /home/elee02/ros2_ws/install/turtlebot3_gazebo/share/turtlebot3_gazebo//models/turtlebot3_burger/model.sdf
[2.473s] -- Up-to-date symlink: /home/elee02/ros2_ws/install/turtlebot3_gazebo/share/turtlebot3_gazebo//models/turtlebot3_common/meshes/burger_base.dae
[2.473s] -- Up-to-date symlink: /home/elee02/ros2_ws/install/turtlebot3_gazebo/share/turtlebot3_gazebo//models/turtlebot3_common/meshes/lds.dae
[2.473s] -- Up-to-date symlink: /home/elee02/ros2_ws/install/turtlebot3_gazebo/share/turtlebot3_gazebo//models/turtlebot3_common/meshes/r200.dae
[2.473s] -- Up-to-date symlink: /home/elee02/ros2_ws/install/turtlebot3_gazebo/share/turtlebot3_gazebo//models/turtlebot3_common/meshes/tire.dae
[2.473s] -- Up-to-date symlink: /home/elee02/ros2_ws/install/turtlebot3_gazebo/share/turtlebot3_gazebo//models/turtlebot3_common/meshes/waffle_base.dae
[2.474s] -- Up-to-date symlink: /home/elee02/ros2_ws/install/turtlebot3_gazebo/share/turtlebot3_gazebo//models/turtlebot3_common/meshes/waffle_pi_base.dae
[2.474s] -- Up-to-date symlink: /home/elee02/ros2_ws/install/turtlebot3_gazebo/share/turtlebot3_gazebo//models/turtlebot3_common/model.config
[2.474s] -- Up-to-date symlink: /home/elee02/ros2_ws/install/turtlebot3_gazebo/share/turtlebot3_gazebo//models/turtlebot3_dqn_world/goal_box/model.config
[2.474s] -- Up-to-date symlink: /home/elee02/ros2_ws/install/turtlebot3_gazebo/share/turtlebot3_gazebo//models/turtlebot3_dqn_world/goal_box/model.sdf
[2.475s] -- Up-to-date symlink: /home/elee02/ros2_ws/install/turtlebot3_gazebo/share/turtlebot3_gazebo//models/turtlebot3_dqn_world/inner_walls/model.config
[2.475s] -- Up-to-date symlink: /home/elee02/ros2_ws/install/turtlebot3_gazebo/share/turtlebot3_gazebo//models/turtlebot3_dqn_world/inner_walls/model.sdf
[2.475s] -- Up-to-date symlink: /home/elee02/ros2_ws/install/turtlebot3_gazebo/share/turtlebot3_gazebo//models/turtlebot3_dqn_world/model.config
[2.475s] -- Up-to-date symlink: /home/elee02/ros2_ws/install/turtlebot3_gazebo/share/turtlebot3_gazebo//models/turtlebot3_dqn_world/model.sdf
[2.475s] -- Up-to-date symlink: /home/elee02/ros2_ws/install/turtlebot3_gazebo/share/turtlebot3_gazebo//models/turtlebot3_dqn_world/obstacle1/model.config
[2.476s] -- Up-to-date symlink: /home/elee02/ros2_ws/install/turtlebot3_gazebo/share/turtlebot3_gazebo//models/turtlebot3_dqn_world/obstacle1/model.sdf
[2.476s] -- Up-to-date symlink: /home/elee02/ros2_ws/install/turtlebot3_gazebo/share/turtlebot3_gazebo//models/turtlebot3_dqn_world/obstacle2/model.config
[2.476s] -- Up-to-date symlink: /home/elee02/ros2_ws/install/turtlebot3_gazebo/share/turtlebot3_gazebo//models/turtlebot3_dqn_world/obstacle2/model.sdf
[2.476s] -- Up-to-date symlink: /home/elee02/ros2_ws/install/turtlebot3_gazebo/share/turtlebot3_gazebo//models/turtlebot3_dqn_world/obstacle_plugin/CMakeLists.txt
[2.477s] -- Up-to-date symlink: /home/elee02/ros2_ws/install/turtlebot3_gazebo/share/turtlebot3_gazebo//models/turtlebot3_dqn_world/obstacle_plugin/obstacle1.cc
[2.477s] -- Up-to-date symlink: /home/elee02/ros2_ws/install/turtlebot3_gazebo/share/turtlebot3_gazebo//models/turtlebot3_dqn_world/obstacle_plugin/obstacle2.cc
[2.477s] -- Up-to-date symlink: /home/elee02/ros2_ws/install/turtlebot3_gazebo/share/turtlebot3_gazebo//models/turtlebot3_dqn_world/obstacle_plugin/obstacles.cc
[2.477s] -- Up-to-date symlink: /home/elee02/ros2_ws/install/turtlebot3_gazebo/share/turtlebot3_gazebo//models/turtlebot3_dqn_world/obstacles/model.config
[2.477s] -- Up-to-date symlink: /home/elee02/ros2_ws/install/turtlebot3_gazebo/share/turtlebot3_gazebo//models/turtlebot3_dqn_world/obstacles/model.sdf
[2.478s] -- Up-to-date symlink: /home/elee02/ros2_ws/install/turtlebot3_gazebo/share/turtlebot3_gazebo//models/turtlebot3_house/model.config
[2.478s] -- Up-to-date symlink: /home/elee02/ros2_ws/install/turtlebot3_gazebo/share/turtlebot3_gazebo//models/turtlebot3_house/model.sdf
[2.478s] -- Up-to-date symlink: /home/elee02/ros2_ws/install/turtlebot3_gazebo/share/turtlebot3_gazebo//models/turtlebot3_waffle/model-1_4.sdf
[2.478s] -- Up-to-date symlink: /home/elee02/ros2_ws/install/turtlebot3_gazebo/share/turtlebot3_gazebo//models/turtlebot3_waffle/model.config
[2.478s] -- Up-to-date symlink: /home/elee02/ros2_ws/install/turtlebot3_gazebo/share/turtlebot3_gazebo//models/turtlebot3_waffle/model.sdf
[2.479s] -- Up-to-date symlink: /home/elee02/ros2_ws/install/turtlebot3_gazebo/share/turtlebot3_gazebo//models/turtlebot3_waffle_pi/model-1_4_.sdf
[2.479s] -- Up-to-date symlink: /home/elee02/ros2_ws/install/turtlebot3_gazebo/share/turtlebot3_gazebo//models/turtlebot3_waffle_pi/model.config
[2.479s] -- Up-to-date symlink: /home/elee02/ros2_ws/install/turtlebot3_gazebo/share/turtlebot3_gazebo//models/turtlebot3_waffle_pi/model.sdf
[2.479s] -- Up-to-date symlink: /home/elee02/ros2_ws/install/turtlebot3_gazebo/share/turtlebot3_gazebo//models/turtlebot3_world/meshes/hexagon.dae
[2.479s] -- Up-to-date symlink: /home/elee02/ros2_ws/install/turtlebot3_gazebo/share/turtlebot3_gazebo//models/turtlebot3_world/meshes/wall.dae
[2.480s] -- Up-to-date symlink: /home/elee02/ros2_ws/install/turtlebot3_gazebo/share/turtlebot3_gazebo//models/turtlebot3_world/model-1_4.sdf
[2.480s] -- Up-to-date symlink: /home/elee02/ros2_ws/install/turtlebot3_gazebo/share/turtlebot3_gazebo//models/turtlebot3_world/model.config
[2.480s] -- Up-to-date symlink: /home/elee02/ros2_ws/install/turtlebot3_gazebo/share/turtlebot3_gazebo//models/turtlebot3_world/model.sdf
[2.480s] -- Up-to-date symlink: /home/elee02/ros2_ws/install/turtlebot3_gazebo/share/turtlebot3_gazebo//rviz/tb3_gazebo.rviz
[2.481s] -- Up-to-date symlink: /home/elee02/ros2_ws/install/turtlebot3_gazebo/share/turtlebot3_gazebo//urdf/common_properties.urdf
[2.481s] -- Up-to-date symlink: /home/elee02/ros2_ws/install/turtlebot3_gazebo/share/turtlebot3_gazebo//urdf/turtlebot3_burger.urdf
[2.481s] -- Up-to-date symlink: /home/elee02/ros2_ws/install/turtlebot3_gazebo/share/turtlebot3_gazebo//urdf/turtlebot3_waffle.urdf
[2.481s] -- Up-to-date symlink: /home/elee02/ros2_ws/install/turtlebot3_gazebo/share/turtlebot3_gazebo//urdf/turtlebot3_waffle_pi.urdf
[2.482s] -- Up-to-date symlink: /home/elee02/ros2_ws/install/turtlebot3_gazebo/share/turtlebot3_gazebo//worlds/empty_world.world
[2.482s] -- Up-to-date symlink: /home/elee02/ros2_ws/install/turtlebot3_gazebo/share/turtlebot3_gazebo//worlds/turtlebot3_dqn_stage1.world
[2.482s] -- Up-to-date symlink: /home/elee02/ros2_ws/install/turtlebot3_gazebo/share/turtlebot3_gazebo//worlds/turtlebot3_dqn_stage2.world
[2.482s] -- Up-to-date symlink: /home/elee02/ros2_ws/install/turtlebot3_gazebo/share/turtlebot3_gazebo//worlds/turtlebot3_dqn_stage3.world
[2.482s] -- Up-to-date symlink: /home/elee02/ros2_ws/install/turtlebot3_gazebo/share/turtlebot3_gazebo//worlds/turtlebot3_dqn_stage4.world
[2.483s] -- Up-to-date symlink: /home/elee02/ros2_ws/install/turtlebot3_gazebo/share/turtlebot3_gazebo//worlds/turtlebot3_house.world
[2.483s] -- Up-to-date symlink: /home/elee02/ros2_ws/install/turtlebot3_gazebo/share/turtlebot3_gazebo//worlds/turtlebot3_world.world
[2.483s] -- Up-to-date symlink: /home/elee02/ros2_ws/install/turtlebot3_gazebo/include//turtlebot3_gazebo/turtlebot3_drive.hpp
[2.484s] -- Up-to-date symlink: /home/elee02/ros2_ws/install/turtlebot3_gazebo/share/ament_index/resource_index/package_run_dependencies/turtlebot3_gazebo
[2.484s] -- Up-to-date symlink: /home/elee02/ros2_ws/install/turtlebot3_gazebo/share/ament_index/resource_index/parent_prefix_path/turtlebot3_gazebo
[2.484s] -- Up-to-date symlink: /home/elee02/ros2_ws/install/turtlebot3_gazebo/share/turtlebot3_gazebo/environment/ament_prefix_path.sh
[2.484s] -- Up-to-date symlink: /home/elee02/ros2_ws/install/turtlebot3_gazebo/share/turtlebot3_gazebo/environment/ament_prefix_path.dsv
[2.485s] -- Up-to-date symlink: /home/elee02/ros2_ws/install/turtlebot3_gazebo/share/turtlebot3_gazebo/environment/path.sh
[2.485s] -- Up-to-date symlink: /home/elee02/ros2_ws/install/turtlebot3_gazebo/share/turtlebot3_gazebo/environment/path.dsv
[2.485s] -- Up-to-date symlink: /home/elee02/ros2_ws/install/turtlebot3_gazebo/share/turtlebot3_gazebo/local_setup.bash
[2.485s] -- Up-to-date symlink: /home/elee02/ros2_ws/install/turtlebot3_gazebo/share/turtlebot3_gazebo/local_setup.sh
[2.485s] -- Up-to-date symlink: /home/elee02/ros2_ws/install/turtlebot3_gazebo/share/turtlebot3_gazebo/local_setup.zsh
[2.485s] -- Up-to-date symlink: /home/elee02/ros2_ws/install/turtlebot3_gazebo/share/turtlebot3_gazebo/local_setup.dsv
[2.485s] -- Symlinking: /home/elee02/ros2_ws/install/turtlebot3_gazebo/share/turtlebot3_gazebo/package.dsv
[2.495s] -- Up-to-date symlink: /home/elee02/ros2_ws/install/turtlebot3_gazebo/share/ament_index/resource_index/packages/turtlebot3_gazebo
[2.495s] -- Up-to-date symlink: /home/elee02/ros2_ws/install/turtlebot3_gazebo/share/turtlebot3_gazebo/cmake/ament_cmake_export_include_directories-extras.cmake
[2.496s] -- Up-to-date symlink: /home/elee02/ros2_ws/install/turtlebot3_gazebo/share/turtlebot3_gazebo/cmake/ament_cmake_export_dependencies-extras.cmake
[2.496s] -- Up-to-date symlink: /home/elee02/ros2_ws/install/turtlebot3_gazebo/share/turtlebot3_gazebo/cmake/turtlebot3_gazeboConfig.cmake
[2.496s] -- Up-to-date symlink: /home/elee02/ros2_ws/install/turtlebot3_gazebo/share/turtlebot3_gazebo/cmake/turtlebot3_gazeboConfig-version.cmake
[2.496s] -- Up-to-date symlink: /home/elee02/ros2_ws/install/turtlebot3_gazebo/share/turtlebot3_gazebo/package.xml
[2.498s] Invoked command in '/home/elee02/ros2_ws/build/turtlebot3_gazebo' returned '0': CMAKE_PREFIX_PATH=${CMAKE_PREFIX_PATH}:/home/elee02/ros2_ws/install/my_robot_controller:/opt/ros/humble /usr/bin/cmake --install /home/elee02/ros2_ws/build/turtlebot3_gazebo
