[0.070s] Invoking command in '/home/elee02/ros2_ws/build/turtlebot3_simulations': AMENT_PREFIX_PATH=/home/elee02/ros2_ws/install/turtlebot3_gazebo:/home/elee02/ros2_ws/install/turtlebot3_fake_node:${AMENT_PREFIX_PATH} CMAKE_PREFIX_PATH=/home/elee02/ros2_ws/install/turtlebot3_gazebo:/home/elee02/ros2_ws/install/turtlebot3_fake_node:/opt/ros/humble /usr/bin/cmake /home/elee02/ros2_ws/src/turtlebot3_simulations -DCMAKE_INSTALL_PREFIX=/home/elee02/ros2_ws/install/turtlebot3_simulations
[0.125s] -- The C compiler identification is GNU 11.4.0
[0.185s] -- The CXX compiler identification is GNU 11.4.0
[0.193s] -- Detecting C compiler ABI info
[0.267s] -- Detecting C compiler ABI info - done
[0.275s] -- Check for working C compiler: /usr/bin/cc - skipped
[0.276s] -- Detecting C compile features
[0.276s] -- Detecting C compile features - done
[0.279s] -- Detecting CXX compiler ABI info
[0.364s] -- Detecting CXX compiler ABI info - done
[0.373s] -- Check for working CXX compiler: /usr/bin/c++ - skipped
[0.373s] -- Detecting CXX compile features
[0.374s] -- Detecting CXX compile features - done
[0.376s] -- Found ament_cmake: 1.3.6 (/opt/ros/humble/share/ament_cmake/cmake)
[0.770s] -- Found Python3: /usr/bin/python3.10 (found version "3.10.12") found components: Interpreter 
[0.935s] -- Configuring done
[0.938s] -- Generating done
[0.939s] -- Build files have been written to: /home/elee02/ros2_ws/build/turtlebot3_simulations
[0.944s] Invoked command in '/home/elee02/ros2_ws/build/turtlebot3_simulations' returned '0': AMENT_PREFIX_PATH=/home/elee02/ros2_ws/install/turtlebot3_gazebo:/home/elee02/ros2_ws/install/turtlebot3_fake_node:${AMENT_PREFIX_PATH} CMAKE_PREFIX_PATH=/home/elee02/ros2_ws/install/turtlebot3_gazebo:/home/elee02/ros2_ws/install/turtlebot3_fake_node:/opt/ros/humble /usr/bin/cmake /home/elee02/ros2_ws/src/turtlebot3_simulations -DCMAKE_INSTALL_PREFIX=/home/elee02/ros2_ws/install/turtlebot3_simulations
[0.946s] Invoking command in '/home/elee02/ros2_ws/build/turtlebot3_simulations': AMENT_PREFIX_PATH=/home/elee02/ros2_ws/install/turtlebot3_gazebo:/home/elee02/ros2_ws/install/turtlebot3_fake_node:${AMENT_PREFIX_PATH} CMAKE_PREFIX_PATH=/home/elee02/ros2_ws/install/turtlebot3_gazebo:/home/elee02/ros2_ws/install/turtlebot3_fake_node:/opt/ros/humble /usr/bin/cmake --build /home/elee02/ros2_ws/build/turtlebot3_simulations -- -j8 -l8
[0.989s] Invoked command in '/home/elee02/ros2_ws/build/turtlebot3_simulations' returned '0': AMENT_PREFIX_PATH=/home/elee02/ros2_ws/install/turtlebot3_gazebo:/home/elee02/ros2_ws/install/turtlebot3_fake_node:${AMENT_PREFIX_PATH} CMAKE_PREFIX_PATH=/home/elee02/ros2_ws/install/turtlebot3_gazebo:/home/elee02/ros2_ws/install/turtlebot3_fake_node:/opt/ros/humble /usr/bin/cmake --build /home/elee02/ros2_ws/build/turtlebot3_simulations -- -j8 -l8
[1.015s] Invoking command in '/home/elee02/ros2_ws/build/turtlebot3_simulations': AMENT_PREFIX_PATH=/home/elee02/ros2_ws/install/turtlebot3_gazebo:/home/elee02/ros2_ws/install/turtlebot3_fake_node:${AMENT_PREFIX_PATH} CMAKE_PREFIX_PATH=/home/elee02/ros2_ws/install/turtlebot3_gazebo:/home/elee02/ros2_ws/install/turtlebot3_fake_node:/opt/ros/humble /usr/bin/cmake --install /home/elee02/ros2_ws/build/turtlebot3_simulations
[1.023s] -- Install configuration: ""
[1.023s] -- Installing: /home/elee02/ros2_ws/install/turtlebot3_simulations/share/ament_index/resource_index/package_run_dependencies/turtlebot3_simulations
[1.024s] -- Installing: /home/elee02/ros2_ws/install/turtlebot3_simulations/share/ament_index/resource_index/parent_prefix_path/turtlebot3_simulations
[1.024s] -- Installing: /home/elee02/ros2_ws/install/turtlebot3_simulations/share/turtlebot3_simulations/environment/ament_prefix_path.sh
[1.024s] -- Installing: /home/elee02/ros2_ws/install/turtlebot3_simulations/share/turtlebot3_simulations/environment/ament_prefix_path.dsv
[1.024s] -- Installing: /home/elee02/ros2_ws/install/turtlebot3_simulations/share/turtlebot3_simulations/environment/path.sh
[1.025s] -- Installing: /home/elee02/ros2_ws/install/turtlebot3_simulations/share/turtlebot3_simulations/environment/path.dsv
[1.025s] -- Installing: /home/elee02/ros2_ws/install/turtlebot3_simulations/share/turtlebot3_simulations/local_setup.bash
[1.025s] -- Installing: /home/elee02/ros2_ws/install/turtlebot3_simulations/share/turtlebot3_simulations/local_setup.sh
[1.025s] -- Installing: /home/elee02/ros2_ws/install/turtlebot3_simulations/share/turtlebot3_simulations/local_setup.zsh
[1.026s] -- Installing: /home/elee02/ros2_ws/install/turtlebot3_simulations/share/turtlebot3_simulations/local_setup.dsv
[1.026s] -- Installing: /home/elee02/ros2_ws/install/turtlebot3_simulations/share/turtlebot3_simulations/package.dsv
[1.026s] -- Installing: /home/elee02/ros2_ws/install/turtlebot3_simulations/share/ament_index/resource_index/packages/turtlebot3_simulations
[1.026s] -- Installing: /home/elee02/ros2_ws/install/turtlebot3_simulations/share/turtlebot3_simulations/cmake/turtlebot3_simulationsConfig.cmake
[1.026s] -- Installing: /home/elee02/ros2_ws/install/turtlebot3_simulations/share/turtlebot3_simulations/cmake/turtlebot3_simulationsConfig-version.cmake
[1.027s] -- Installing: /home/elee02/ros2_ws/install/turtlebot3_simulations/share/turtlebot3_simulations/package.xml
[1.029s] Invoked command in '/home/elee02/ros2_ws/build/turtlebot3_simulations' returned '0': AMENT_PREFIX_PATH=/home/elee02/ros2_ws/install/turtlebot3_gazebo:/home/elee02/ros2_ws/install/turtlebot3_fake_node:${AMENT_PREFIX_PATH} CMAKE_PREFIX_PATH=/home/elee02/ros2_ws/install/turtlebot3_gazebo:/home/elee02/ros2_ws/install/turtlebot3_fake_node:/opt/ros/humble /usr/bin/cmake --install /home/elee02/ros2_ws/build/turtlebot3_simulations
